[ 2017-05-28T16:32:53+08:00 ] 127.0.0.1 /myblog/
INFO: [ app_init ] --START--
INFO: Run Behavior\BuildLiteBehavior [ RunTime:0.000000s ]
INFO: [ app_init ] --END-- [ RunTime:0.001000s ]
INFO: [ app_begin ] --START--
INFO: Run Behavior\ReadHtmlCacheBehavior [ RunTime:0.001000s ]
INFO: [ app_begin ] --END-- [ RunTime:0.001000s ]
SQL: SHOW COLUMNS FROM `cate` [ RunTime:0.0060s ]
SQL: SELECT * FROM `cate` ORDER BY sort asc  [ RunTime:0.0000s ]
SQL: SELECT `id`,`catename`,`type`,`keywords` FROM `cate` WHERE ( parentid>0 )  [ RunTime:0.0000s ]
SQL: SHOW COLUMNS FROM `article` [ RunTime:0.0030s ]
SQL: SELECT * FROM `article` WHERE ( rem=5 ) ORDER BY id desc LIMIT 1   [ RunTime:0.0020s ]
SQL: SHOW COLUMNS FROM `image` [ RunTime:0.0030s ]
SQL: SELECT * FROM `image` WHERE ( artid=1 )  [ RunTime:0.0010s ]
SQL: SELECT a.*,b.catename catename FROM article a LEFT JOIN cate b ON a.cateid=b.id  WHERE ( rem=1 ) ORDER BY a.id desc LIMIT 5   [ RunTime:0.0010s ]
SQL: SELECT `keywords` FROM `article`  [ RunTime:0.0000s ]
SQL: SHOW COLUMNS FROM `link` [ RunTime:0.0020s ]
SQL: SELECT * FROM `link`  [ RunTime:0.0010s ]
SQL: SELECT * FROM `cate` WHERE `id` = 0 LIMIT 1   [ RunTime:0.0000s ]
NOTIC: [8] Undefined index: keywords D:\wamp\www\myblog\Application\Home\Controller\IndexController.class.php 第 8 行.
NOTIC: [2] Invalid argument supplied for foreach() D:\wamp\www\myblog\ThinkPHP\Library\Think\Db\Driver.class.php 第 504 行.
SQL: SELECT a.*,b.catename catename,b.id cateid FROM article a LEFT JOIN cate b ON a.cateid=b.id  ORDER BY a.id desc LIMIT 10   [ RunTime:0.0000s ]
INFO: [ view_parse ] --START--
INFO: [ template_filter ] --START--
INFO: Run Behavior\ContentReplaceBehavior [ RunTime:0.000000s ]
INFO: [ template_filter ] --END-- [ RunTime:0.000000s ]
NOTIC: [8] Undefined index: subtime D:\wamp\www\myblog\Application\Runtime\Cache\Home\2a94b8bda04ff446dcedd42276fc99ee.php 第 276 行.
INFO: Run Behavior\ParseTemplateBehavior [ RunTime:0.032000s ]
INFO: [ view_parse ] --END-- [ RunTime:0.032000s ]
INFO: [ view_filter ] --START--
INFO: Run Behavior\WriteHtmlCacheBehavior [ RunTime:0.002000s ]
INFO: [ view_filter ] --END-- [ RunTime:0.002000s ]
INFO: [ app_end ] --START--
INFO: Run Behavior\ShowPageTraceBehavior [ RunTime:0.003000s ]
INFO: [ app_end ] --END-- [ RunTime:0.003000s ]

[ 2017-05-28T16:33:06+08:00 ] 127.0.0.1 /myblog/
INFO: [ app_init ] --START--
INFO: Run Behavior\BuildLiteBehavior [ RunTime:0.000000s ]
INFO: [ app_init ] --END-- [ RunTime:0.001000s ]
INFO: [ app_begin ] --START--
INFO: Run Behavior\ReadHtmlCacheBehavior [ RunTime:0.002000s ]
INFO: [ app_begin ] --END-- [ RunTime:0.002000s ]
SQL: SHOW COLUMNS FROM `cate` [ RunTime:0.0010s ]
SQL: SELECT * FROM `cate` ORDER BY sort asc  [ RunTime:0.0010s ]
SQL: SELECT `id`,`catename`,`type`,`keywords` FROM `cate` WHERE ( parentid>0 )  [ RunTime:0.0010s ]
SQL: SHOW COLUMNS FROM `article` [ RunTime:0.0010s ]
SQL: SELECT * FROM `article` WHERE ( rem=5 ) ORDER BY id desc LIMIT 1   [ RunTime:0.0010s ]
SQL: SHOW COLUMNS FROM `image` [ RunTime:0.0010s ]
SQL: SELECT * FROM `image` WHERE ( artid=1 )  [ RunTime:0.0010s ]
SQL: SELECT a.*,b.catename catename FROM article a LEFT JOIN cate b ON a.cateid=b.id  WHERE ( rem=1 ) ORDER BY a.id desc LIMIT 5   [ RunTime:0.0010s ]
SQL: SELECT `keywords` FROM `article`  [ RunTime:0.0000s ]
SQL: SHOW COLUMNS FROM `link` [ RunTime:0.0000s ]
SQL: SELECT * FROM `link`  [ RunTime:0.0000s ]
SQL: SELECT * FROM `cate` WHERE `id` = 0 LIMIT 1   [ RunTime:0.0010s ]
NOTIC: [8] Undefined index: keywords D:\wamp\www\myblog\Application\Home\Controller\IndexController.class.php 第 8 行.
NOTIC: [2] Invalid argument supplied for foreach() D:\wamp\www\myblog\ThinkPHP\Library\Think\Db\Driver.class.php 第 504 行.
SQL: SELECT a.*,b.catename catename,b.id cateid FROM article a LEFT JOIN cate b ON a.cateid=b.id  ORDER BY a.id desc LIMIT 10   [ RunTime:0.0010s ]
INFO: [ view_parse ] --START--
INFO: [ template_filter ] --START--
INFO: Run Behavior\ContentReplaceBehavior [ RunTime:0.000000s ]
INFO: [ template_filter ] --END-- [ RunTime:0.000000s ]
NOTIC: [8] Undefined index: subtime D:\wamp\www\myblog\Application\Runtime\Cache\Home\2a94b8bda04ff446dcedd42276fc99ee.php 第 276 行.
INFO: Run Behavior\ParseTemplateBehavior [ RunTime:0.023000s ]
INFO: [ view_parse ] --END-- [ RunTime:0.023000s ]
INFO: [ view_filter ] --START--
INFO: Run Behavior\WriteHtmlCacheBehavior [ RunTime:0.001000s ]
INFO: [ view_filter ] --END-- [ RunTime:0.001000s ]
INFO: [ app_end ] --START--
INFO: Run Behavior\ShowPageTraceBehavior [ RunTime:0.001000s ]
INFO: [ app_end ] --END-- [ RunTime:0.001000s ]

[ 2017-05-28T16:33:08+08:00 ] 127.0.0.1 /myblog/Home/Timeline/index/cateid/10.html
INFO: [ app_init ] --START--
INFO: Run Behavior\BuildLiteBehavior [ RunTime:0.000000s ]
INFO: [ app_init ] --END-- [ RunTime:0.001000s ]
INFO: [ app_begin ] --START--
INFO: Run Behavior\ReadHtmlCacheBehavior [ RunTime:0.001000s ]
INFO: [ app_begin ] --END-- [ RunTime:0.001000s ]
SQL: SHOW COLUMNS FROM `cate` [ RunTime:0.0010s ]
SQL: SELECT * FROM `cate` ORDER BY sort asc  [ RunTime:0.0000s ]
SQL: SELECT `id`,`catename`,`type`,`keywords` FROM `cate` WHERE ( parentid>0 )  [ RunTime:0.0010s ]
SQL: SHOW COLUMNS FROM `article` [ RunTime:0.0010s ]
SQL: SELECT * FROM `article` WHERE ( rem=5 ) ORDER BY id desc LIMIT 1   [ RunTime:0.0000s ]
SQL: SHOW COLUMNS FROM `image` [ RunTime:0.0010s ]
SQL: SELECT * FROM `image` WHERE ( artid=1 )  [ RunTime:0.0010s ]
SQL: SELECT a.*,b.catename catename FROM article a LEFT JOIN cate b ON a.cateid=b.id  WHERE ( rem=1 ) ORDER BY a.id desc LIMIT 5   [ RunTime:0.0000s ]
SQL: SELECT `keywords` FROM `article`  [ RunTime:0.0000s ]
SQL: SHOW COLUMNS FROM `link` [ RunTime:0.0010s ]
SQL: SELECT * FROM `link`  [ RunTime:0.0000s ]
SQL: SELECT * FROM `cate` WHERE `id` = 10 LIMIT 1   [ RunTime:0.0000s ]
SQL: SELECT a.*,b.catename catename FROM article a LEFT JOIN cate b ON a.cateid=b.id  ORDER BY subtime desc  [ RunTime:0.0010s ]
INFO: [ view_parse ] --START--
INFO: [ template_filter ] --START--
INFO: Run Behavior\ContentReplaceBehavior [ RunTime:0.000000s ]
INFO: [ template_filter ] --END-- [ RunTime:0.000000s ]
NOTIC: [8] Undefined variable: k D:\wamp\www\myblog\Application\Runtime\Cache\Home\35c8a08d84f3ea700a78c634aa7f880f.php 第 60 行.
INFO: Run Behavior\ParseTemplateBehavior [ RunTime:0.020000s ]
INFO: [ view_parse ] --END-- [ RunTime:0.021000s ]
INFO: [ view_filter ] --START--
INFO: Run Behavior\WriteHtmlCacheBehavior [ RunTime:0.000000s ]
INFO: [ view_filter ] --END-- [ RunTime:0.000000s ]
INFO: [ app_end ] --START--
INFO: Run Behavior\ShowPageTraceBehavior [ RunTime:0.002000s ]
INFO: [ app_end ] --END-- [ RunTime:0.002000s ]

[ 2017-05-28T16:33:19+08:00 ] 127.0.0.1 /myblog/Home/Img/index/cateid/9.html
INFO: [ app_init ] --START--
INFO: Run Behavior\BuildLiteBehavior [ RunTime:0.000000s ]
INFO: [ app_init ] --END-- [ RunTime:0.000000s ]
INFO: [ app_begin ] --START--
INFO: Run Behavior\ReadHtmlCacheBehavior [ RunTime:0.001000s ]
INFO: [ app_begin ] --END-- [ RunTime:0.001000s ]
SQL: SHOW COLUMNS FROM `cate` [ RunTime:0.0010s ]
SQL: SELECT * FROM `cate` ORDER BY sort asc  [ RunTime:0.0010s ]
SQL: SELECT `id`,`catename`,`type`,`keywords` FROM `cate` WHERE ( parentid>0 )  [ RunTime:0.0010s ]
SQL: SHOW COLUMNS FROM `article` [ RunTime:0.0010s ]
SQL: SELECT * FROM `article` WHERE ( rem=5 ) ORDER BY id desc LIMIT 1   [ RunTime:0.0000s ]
SQL: SHOW COLUMNS FROM `image` [ RunTime:0.0000s ]
SQL: SELECT * FROM `image` WHERE ( artid=1 )  [ RunTime:0.0000s ]
SQL: SELECT a.*,b.catename catename FROM article a LEFT JOIN cate b ON a.cateid=b.id  WHERE ( rem=1 ) ORDER BY a.id desc LIMIT 5   [ RunTime:0.0000s ]
SQL: SELECT `keywords` FROM `article`  [ RunTime:0.0000s ]
SQL: SHOW COLUMNS FROM `link` [ RunTime:0.0010s ]
SQL: SELECT * FROM `link`  [ RunTime:0.0000s ]
SQL: SELECT * FROM `cate` WHERE `id` = 9 LIMIT 1   [ RunTime:0.0010s ]
SQL: SELECT `pic`,`keywords` FROM `article` ORDER BY id desc  [ RunTime:0.0000s ]
INFO: [ view_parse ] --START--
INFO: [ template_filter ] --START--
INFO: Run Behavior\ContentReplaceBehavior [ RunTime:0.000000s ]
INFO: [ template_filter ] --END-- [ RunTime:0.000000s ]
NOTIC: [8] Undefined variable: k D:\wamp\www\myblog\Application\Runtime\Cache\Home\7511c1c334dbbd1243611b752738b376.php 第 60 行.
INFO: Run Behavior\ParseTemplateBehavior [ RunTime:0.017000s ]
INFO: [ view_parse ] --END-- [ RunTime:0.017000s ]
INFO: [ view_filter ] --START--
INFO: Run Behavior\WriteHtmlCacheBehavior [ RunTime:0.001000s ]
INFO: [ view_filter ] --END-- [ RunTime:0.001000s ]
INFO: [ app_end ] --START--
INFO: Run Behavior\ShowPageTraceBehavior [ RunTime:0.001000s ]
INFO: [ app_end ] --END-- [ RunTime:0.001000s ]

[ 2017-05-28T16:33:24+08:00 ] 127.0.0.1 /myblog/Home/Riji/index/cateid/8.html
INFO: [ app_init ] --START--
INFO: Run Behavior\BuildLiteBehavior [ RunTime:0.000000s ]
INFO: [ app_init ] --END-- [ RunTime:0.001000s ]
INFO: [ app_begin ] --START--
INFO: Run Behavior\ReadHtmlCacheBehavior [ RunTime:0.001000s ]
INFO: [ app_begin ] --END-- [ RunTime:0.002000s ]
SQL: SHOW COLUMNS FROM `cate` [ RunTime:0.0010s ]
SQL: SELECT * FROM `cate` ORDER BY sort asc  [ RunTime:0.0000s ]
SQL: SELECT `id`,`catename`,`type`,`keywords` FROM `cate` WHERE ( parentid>0 )  [ RunTime:0.0010s ]
SQL: SHOW COLUMNS FROM `article` [ RunTime:0.0010s ]
SQL: SELECT * FROM `article` WHERE ( rem=5 ) ORDER BY id desc LIMIT 1   [ RunTime:0.0010s ]
SQL: SHOW COLUMNS FROM `image` [ RunTime:0.0010s ]
SQL: SELECT * FROM `image` WHERE ( artid=1 )  [ RunTime:0.0000s ]
SQL: SELECT a.*,b.catename catename FROM article a LEFT JOIN cate b ON a.cateid=b.id  WHERE ( rem=1 ) ORDER BY a.id desc LIMIT 5   [ RunTime:0.0010s ]
SQL: SELECT `keywords` FROM `article`  [ RunTime:0.0010s ]
SQL: SHOW COLUMNS FROM `link` [ RunTime:0.0020s ]
SQL: SELECT * FROM `link`  [ RunTime:0.0010s ]
SQL: SELECT * FROM `cate` WHERE `id` = 8 LIMIT 1   [ RunTime:0.0010s ]
SQL: SELECT a.*,b.catename catename FROM article a LEFT JOIN cate b ON a.cateid=b.id  WHERE ( cateid=8 ) ORDER BY a.id desc LIMIT 10   [ RunTime:0.0020s ]
INFO: [ view_parse ] --START--
INFO: [ template_filter ] --START--
INFO: Run Behavior\ContentReplaceBehavior [ RunTime:0.000000s ]
INFO: [ template_filter ] --END-- [ RunTime:0.000000s ]
NOTIC: [8] Undefined variable: k D:\wamp\www\myblog\Application\Runtime\Cache\Home\56ac189ffdaf8de9c8221b2359462b24.php 第 61 行.
NOTIC: [8] Undefined index: subtime D:\wamp\www\myblog\Application\Runtime\Cache\Home\56ac189ffdaf8de9c8221b2359462b24.php 第 261 行.
INFO: Run Behavior\ParseTemplateBehavior [ RunTime:0.029000s ]
INFO: [ view_parse ] --END-- [ RunTime:0.030000s ]
INFO: [ view_filter ] --START--
INFO: Run Behavior\WriteHtmlCacheBehavior [ RunTime:0.000000s ]
INFO: [ view_filter ] --END-- [ RunTime:0.000000s ]
INFO: [ app_end ] --START--
INFO: Run Behavior\ShowPageTraceBehavior [ RunTime:0.001000s ]
INFO: [ app_end ] --END-- [ RunTime:0.002000s ]

[ 2017-05-28T16:33:37+08:00 ] 127.0.0.1 /myblog/
INFO: [ app_init ] --START--
INFO: Run Behavior\BuildLiteBehavior [ RunTime:0.000000s ]
INFO: [ app_init ] --END-- [ RunTime:0.002000s ]
INFO: [ app_begin ] --START--
INFO: Run Behavior\ReadHtmlCacheBehavior [ RunTime:0.001000s ]
INFO: [ app_begin ] --END-- [ RunTime:0.001000s ]
SQL: SHOW COLUMNS FROM `cate` [ RunTime:0.0010s ]
SQL: SELECT * FROM `cate` ORDER BY sort asc  [ RunTime:0.0000s ]
SQL: SELECT `id`,`catename`,`type`,`keywords` FROM `cate` WHERE ( parentid>0 )  [ RunTime:0.0010s ]
SQL: SHOW COLUMNS FROM `article` [ RunTime:0.0010s ]
SQL: SELECT * FROM `article` WHERE ( rem=5 ) ORDER BY id desc LIMIT 1   [ RunTime:0.0000s ]
SQL: SHOW COLUMNS FROM `image` [ RunTime:0.0010s ]
SQL: SELECT * FROM `image` WHERE ( artid=1 )  [ RunTime:0.0000s ]
SQL: SELECT a.*,b.catename catename FROM article a LEFT JOIN cate b ON a.cateid=b.id  WHERE ( rem=1 ) ORDER BY a.id desc LIMIT 5   [ RunTime:0.0000s ]
SQL: SELECT `keywords` FROM `article`  [ RunTime:0.0010s ]
SQL: SHOW COLUMNS FROM `link` [ RunTime:0.0010s ]
SQL: SELECT * FROM `link`  [ RunTime:0.0010s ]
SQL: SELECT * FROM `cate` WHERE `id` = 0 LIMIT 1   [ RunTime:0.0000s ]
NOTIC: [8] Undefined index: keywords D:\wamp\www\myblog\Application\Home\Controller\IndexController.class.php 第 8 行.
NOTIC: [2] Invalid argument supplied for foreach() D:\wamp\www\myblog\ThinkPHP\Library\Think\Db\Driver.class.php 第 504 行.
SQL: SELECT a.*,b.catename catename,b.id cateid FROM article a LEFT JOIN cate b ON a.cateid=b.id  ORDER BY a.id desc LIMIT 10   [ RunTime:0.0000s ]
INFO: [ view_parse ] --START--
INFO: [ template_filter ] --START--
INFO: Run Behavior\ContentReplaceBehavior [ RunTime:0.000000s ]
INFO: [ template_filter ] --END-- [ RunTime:0.000000s ]
NOTIC: [8] Undefined index: subtime D:\wamp\www\myblog\Application\Runtime\Cache\Home\2a94b8bda04ff446dcedd42276fc99ee.php 第 276 行.
INFO: Run Behavior\ParseTemplateBehavior [ RunTime:0.021000s ]
INFO: [ view_parse ] --END-- [ RunTime:0.021000s ]
INFO: [ view_filter ] --START--
INFO: Run Behavior\WriteHtmlCacheBehavior [ RunTime:0.000000s ]
INFO: [ view_filter ] --END-- [ RunTime:0.000000s ]
INFO: [ app_end ] --START--
INFO: Run Behavior\ShowPageTraceBehavior [ RunTime:0.001000s ]
INFO: [ app_end ] --END-- [ RunTime:0.001000s ]

