[ 2017-05-16T11:14:17+08:00 ] 127.0.0.1 /meng/
INFO: [ app_init ] --START--
INFO: Run Behavior\BuildLiteBehavior [ RunTime:0.000000s ]
INFO: [ app_init ] --END-- [ RunTime:0.003000s ]
INFO: [ app_begin ] --START--
INFO: Run Behavior\ReadHtmlCacheBehavior [ RunTime:0.001000s ]
INFO: [ app_begin ] --END-- [ RunTime:0.001000s ]
INFO: [ view_parse ] --START--
INFO: [ template_filter ] --START--
INFO: Run Behavior\ContentReplaceBehavior [ RunTime:0.002000s ]
INFO: [ template_filter ] --END-- [ RunTime:0.003000s ]
INFO: Run Behavior\ParseTemplateBehavior [ RunTime:0.022000s ]
INFO: [ view_parse ] --END-- [ RunTime:0.022000s ]
INFO: [ view_filter ] --START--
INFO: Run Behavior\WriteHtmlCacheBehavior [ RunTime:0.002000s ]
INFO: [ view_filter ] --END-- [ RunTime:0.002000s ]
INFO: [ app_end ] --START--
INFO: Run Behavior\ShowPageTraceBehavior [ RunTime:0.001000s ]
INFO: [ app_end ] --END-- [ RunTime:0.001000s ]

[ 2017-05-16T14:23:53+08:00 ] 127.0.0.1 /meng/
INFO: [ app_init ] --START--
INFO: Run Behavior\BuildLiteBehavior [ RunTime:0.000000s ]
INFO: [ app_init ] --END-- [ RunTime:0.001000s ]
INFO: [ app_begin ] --START--
INFO: Run Behavior\ReadHtmlCacheBehavior [ RunTime:0.000000s ]
INFO: [ app_begin ] --END-- [ RunTime:0.001000s ]
SQL: SHOW COLUMNS FROM `cate` [ RunTime:0.0010s ]
SQL: SELECT `id`,`catename` FROM `cate` WHERE `nav_show` = 1  [ RunTime:0.0010s ]
INFO: [ view_parse ] --START--
INFO: [ template_filter ] --START--
INFO: Run Behavior\ContentReplaceBehavior [ RunTime:0.001000s ]
INFO: [ template_filter ] --END-- [ RunTime:0.001000s ]
INFO: Run Behavior\ParseTemplateBehavior [ RunTime:0.020000s ]
INFO: [ view_parse ] --END-- [ RunTime:0.020000s ]
INFO: [ view_filter ] --START--
INFO: Run Behavior\WriteHtmlCacheBehavior [ RunTime:0.000000s ]
INFO: [ view_filter ] --END-- [ RunTime:0.001000s ]
INFO: [ app_end ] --START--
INFO: Run Behavior\ShowPageTraceBehavior [ RunTime:0.000000s ]
INFO: [ app_end ] --END-- [ RunTime:0.000000s ]

[ 2017-05-16T14:41:48+08:00 ] 127.0.0.1 /meng/
INFO: [ app_init ] --START--
INFO: Run Behavior\BuildLiteBehavior [ RunTime:0.000000s ]
INFO: [ app_init ] --END-- [ RunTime:0.000000s ]
INFO: [ app_begin ] --START--
INFO: Run Behavior\ReadHtmlCacheBehavior [ RunTime:0.000000s ]
INFO: [ app_begin ] --END-- [ RunTime:0.000000s ]
SQL: SHOW COLUMNS FROM `cate` [ RunTime:0.0000s ]
SQL: SELECT `id`,`catename` FROM `cate` WHERE `nav_show` = 1  [ RunTime:0.0000s ]
SQL: SELECT `id`,`catename` FROM `cate` WHERE `nav_show` = 0  [ RunTime:0.0000s ]
INFO: [ view_parse ] --START--
INFO: [ template_filter ] --START--
INFO: Run Behavior\ContentReplaceBehavior [ RunTime:0.001000s ]
INFO: [ template_filter ] --END-- [ RunTime:0.001000s ]
INFO: Run Behavior\ParseTemplateBehavior [ RunTime:0.020000s ]
INFO: [ view_parse ] --END-- [ RunTime:0.020000s ]
INFO: [ view_filter ] --START--
INFO: Run Behavior\WriteHtmlCacheBehavior [ RunTime:0.001000s ]
INFO: [ view_filter ] --END-- [ RunTime:0.001000s ]
NOTIC: [2] Cannot modify header information - headers already sent by (output started at D:\wamp\www\meng\Application\Home\Controller\IndexController.class.php:9) D:\wamp\www\meng\ThinkPHP\Library\Think\View.class.php 第 91 行.
NOTIC: [2] Cannot modify header information - headers already sent by (output started at D:\wamp\www\meng\Application\Home\Controller\IndexController.class.php:9) D:\wamp\www\meng\ThinkPHP\Library\Think\View.class.php 第 92 行.
NOTIC: [2] Cannot modify header information - headers already sent by (output started at D:\wamp\www\meng\Application\Home\Controller\IndexController.class.php:9) D:\wamp\www\meng\ThinkPHP\Library\Think\View.class.php 第 93 行.
INFO: [ app_end ] --START--
INFO: Run Behavior\ShowPageTraceBehavior [ RunTime:0.001000s ]
INFO: [ app_end ] --END-- [ RunTime:0.001000s ]

[ 2017-05-16T14:44:12+08:00 ] 127.0.0.1 /meng/
INFO: [ app_init ] --START--
INFO: Run Behavior\BuildLiteBehavior [ RunTime:0.000000s ]
INFO: [ app_init ] --END-- [ RunTime:0.001000s ]
INFO: [ app_begin ] --START--
INFO: Run Behavior\ReadHtmlCacheBehavior [ RunTime:0.001000s ]
INFO: [ app_begin ] --END-- [ RunTime:0.001000s ]
SQL: SHOW COLUMNS FROM `cate` [ RunTime:0.0000s ]
SQL: SELECT `id`,`catename` FROM `cate` WHERE `nav_show` = 1  [ RunTime:0.0000s ]
SQL: SELECT `id`,`catename` FROM `cate` WHERE `nav_show` = 0  [ RunTime:0.0000s ]
INFO: [ view_parse ] --START--
INFO: [ template_filter ] --START--
INFO: Run Behavior\ContentReplaceBehavior [ RunTime:0.001000s ]
INFO: [ template_filter ] --END-- [ RunTime:0.001000s ]
INFO: Run Behavior\ParseTemplateBehavior [ RunTime:0.017000s ]
INFO: [ view_parse ] --END-- [ RunTime:0.019000s ]
INFO: [ view_filter ] --START--
INFO: Run Behavior\WriteHtmlCacheBehavior [ RunTime:0.000000s ]
INFO: [ view_filter ] --END-- [ RunTime:0.000000s ]
INFO: [ app_end ] --START--
INFO: Run Behavior\ShowPageTraceBehavior [ RunTime:0.000000s ]
INFO: [ app_end ] --END-- [ RunTime:0.000000s ]

[ 2017-05-16T14:44:29+08:00 ] 127.0.0.1 /meng/
INFO: [ app_init ] --START--
INFO: Run Behavior\BuildLiteBehavior [ RunTime:0.000000s ]
INFO: [ app_init ] --END-- [ RunTime:0.001000s ]
INFO: [ app_begin ] --START--
INFO: Run Behavior\ReadHtmlCacheBehavior [ RunTime:0.001000s ]
INFO: [ app_begin ] --END-- [ RunTime:0.002000s ]
SQL: SHOW COLUMNS FROM `cate` [ RunTime:0.0010s ]
SQL: SELECT `id`,`catename` FROM `cate` WHERE `nav_show` = 1  [ RunTime:0.0010s ]
SQL: SELECT `id`,`catename` FROM `cate` WHERE `nav_show` = 0  [ RunTime:0.0010s ]
INFO: [ view_parse ] --START--
INFO: [ template_filter ] --START--
INFO: Run Behavior\ContentReplaceBehavior [ RunTime:0.000000s ]
INFO: [ template_filter ] --END-- [ RunTime:0.000000s ]
INFO: Run Behavior\ParseTemplateBehavior [ RunTime:0.021000s ]
INFO: [ view_parse ] --END-- [ RunTime:0.021000s ]
INFO: [ view_filter ] --START--
INFO: Run Behavior\WriteHtmlCacheBehavior [ RunTime:0.000000s ]
INFO: [ view_filter ] --END-- [ RunTime:0.000000s ]
INFO: [ app_end ] --START--
INFO: Run Behavior\ShowPageTraceBehavior [ RunTime:0.001000s ]
INFO: [ app_end ] --END-- [ RunTime:0.001000s ]

[ 2017-05-16T14:44:45+08:00 ] 127.0.0.1 /meng/
INFO: [ app_init ] --START--
INFO: Run Behavior\BuildLiteBehavior [ RunTime:0.000000s ]
INFO: [ app_init ] --END-- [ RunTime:0.001000s ]
INFO: [ app_begin ] --START--
INFO: Run Behavior\ReadHtmlCacheBehavior [ RunTime:0.001000s ]
INFO: [ app_begin ] --END-- [ RunTime:0.001000s ]
SQL: SHOW COLUMNS FROM `cate` [ RunTime:0.0010s ]
SQL: SELECT `id`,`catename` FROM `cate` WHERE `nav_show` = 1  [ RunTime:0.0010s ]
SQL: SELECT `id`,`catename` FROM `cate` WHERE `nav_show` = 0  [ RunTime:0.0000s ]
INFO: [ view_parse ] --START--
INFO: [ template_filter ] --START--
INFO: Run Behavior\ContentReplaceBehavior [ RunTime:0.001000s ]
INFO: [ template_filter ] --END-- [ RunTime:0.001000s ]
INFO: Run Behavior\ParseTemplateBehavior [ RunTime:0.020000s ]
INFO: [ view_parse ] --END-- [ RunTime:0.020000s ]
INFO: [ view_filter ] --START--
INFO: Run Behavior\WriteHtmlCacheBehavior [ RunTime:0.001000s ]
INFO: [ view_filter ] --END-- [ RunTime:0.001000s ]
INFO: [ app_end ] --START--
INFO: Run Behavior\ShowPageTraceBehavior [ RunTime:0.001000s ]
INFO: [ app_end ] --END-- [ RunTime:0.001000s ]

[ 2017-05-16T14:45:43+08:00 ] 127.0.0.1 /meng/
INFO: [ app_init ] --START--
INFO: Run Behavior\BuildLiteBehavior [ RunTime:0.000000s ]
INFO: [ app_init ] --END-- [ RunTime:0.000000s ]
INFO: [ app_begin ] --START--
INFO: Run Behavior\ReadHtmlCacheBehavior [ RunTime:0.001000s ]
INFO: [ app_begin ] --END-- [ RunTime:0.001000s ]
SQL: SHOW COLUMNS FROM `cate` [ RunTime:0.0010s ]
SQL: SELECT `id`,`catename` FROM `cate` WHERE `nav_show` = 1  [ RunTime:0.0010s ]
SQL: SELECT `id`,`catename` FROM `cate` WHERE `nav_show` = 0  [ RunTime:0.0010s ]
INFO: [ view_parse ] --START--
INFO: [ template_filter ] --START--
INFO: Run Behavior\ContentReplaceBehavior [ RunTime:0.000000s ]
INFO: [ template_filter ] --END-- [ RunTime:0.000000s ]
INFO: Run Behavior\ParseTemplateBehavior [ RunTime:0.018000s ]
INFO: [ view_parse ] --END-- [ RunTime:0.018000s ]
INFO: [ view_filter ] --START--
INFO: Run Behavior\WriteHtmlCacheBehavior [ RunTime:0.001000s ]
INFO: [ view_filter ] --END-- [ RunTime:0.001000s ]
INFO: [ app_end ] --START--
INFO: Run Behavior\ShowPageTraceBehavior [ RunTime:0.001000s ]
INFO: [ app_end ] --END-- [ RunTime:0.001000s ]

[ 2017-05-16T14:45:44+08:00 ] 127.0.0.1 /meng/
INFO: [ app_init ] --START--
INFO: Run Behavior\BuildLiteBehavior [ RunTime:0.000000s ]
INFO: [ app_init ] --END-- [ RunTime:0.000000s ]
INFO: [ app_begin ] --START--
INFO: Run Behavior\ReadHtmlCacheBehavior [ RunTime:0.001000s ]
INFO: [ app_begin ] --END-- [ RunTime:0.001000s ]
SQL: SHOW COLUMNS FROM `cate` [ RunTime:0.0000s ]
SQL: SELECT `id`,`catename` FROM `cate` WHERE `nav_show` = 1  [ RunTime:0.0000s ]
SQL: SELECT `id`,`catename` FROM `cate` WHERE `nav_show` = 0  [ RunTime:0.0000s ]
INFO: [ view_parse ] --START--
INFO: [ template_filter ] --START--
INFO: Run Behavior\ContentReplaceBehavior [ RunTime:0.001000s ]
INFO: [ template_filter ] --END-- [ RunTime:0.001000s ]
INFO: Run Behavior\ParseTemplateBehavior [ RunTime:0.017000s ]
INFO: [ view_parse ] --END-- [ RunTime:0.019000s ]
INFO: [ view_filter ] --START--
INFO: Run Behavior\WriteHtmlCacheBehavior [ RunTime:0.000000s ]
INFO: [ view_filter ] --END-- [ RunTime:0.000000s ]
INFO: [ app_end ] --START--
INFO: Run Behavior\ShowPageTraceBehavior [ RunTime:0.001000s ]
INFO: [ app_end ] --END-- [ RunTime:0.001000s ]

[ 2017-05-16T14:45:44+08:00 ] 127.0.0.1 /meng/
INFO: [ app_init ] --START--
INFO: Run Behavior\BuildLiteBehavior [ RunTime:0.000000s ]
INFO: [ app_init ] --END-- [ RunTime:0.002000s ]
INFO: [ app_begin ] --START--
INFO: Run Behavior\ReadHtmlCacheBehavior [ RunTime:0.001000s ]
INFO: [ app_begin ] --END-- [ RunTime:0.002000s ]
SQL: SHOW COLUMNS FROM `cate` [ RunTime:0.0000s ]
SQL: SELECT `id`,`catename` FROM `cate` WHERE `nav_show` = 1  [ RunTime:0.0000s ]
SQL: SELECT `id`,`catename` FROM `cate` WHERE `nav_show` = 0  [ RunTime:0.0000s ]
INFO: [ view_parse ] --START--
INFO: [ template_filter ] --START--
INFO: Run Behavior\ContentReplaceBehavior [ RunTime:0.001000s ]
INFO: [ template_filter ] --END-- [ RunTime:0.001000s ]
INFO: Run Behavior\ParseTemplateBehavior [ RunTime:0.021000s ]
INFO: [ view_parse ] --END-- [ RunTime:0.021000s ]
INFO: [ view_filter ] --START--
INFO: Run Behavior\WriteHtmlCacheBehavior [ RunTime:0.001000s ]
INFO: [ view_filter ] --END-- [ RunTime:0.001000s ]
INFO: [ app_end ] --START--
INFO: Run Behavior\ShowPageTraceBehavior [ RunTime:0.000000s ]
INFO: [ app_end ] --END-- [ RunTime:0.000000s ]

[ 2017-05-16T14:48:26+08:00 ] 127.0.0.1 /meng/
INFO: [ app_init ] --START--
INFO: Run Behavior\BuildLiteBehavior [ RunTime:0.000000s ]
INFO: [ app_init ] --END-- [ RunTime:0.001000s ]
INFO: [ app_begin ] --START--
INFO: Run Behavior\ReadHtmlCacheBehavior [ RunTime:0.001000s ]
INFO: [ app_begin ] --END-- [ RunTime:0.001000s ]
SQL: SHOW COLUMNS FROM `cate` [ RunTime:0.0010s ]
SQL: SELECT `id`,`catename` FROM `cate` WHERE `nav_show` = 1  [ RunTime:0.0000s ]
SQL: SELECT `id`,`catename` FROM `cate` WHERE `nav_show` = 0  [ RunTime:0.0010s ]
INFO: [ view_parse ] --START--
INFO: [ template_filter ] --START--
INFO: Run Behavior\ContentReplaceBehavior [ RunTime:0.001000s ]
INFO: [ template_filter ] --END-- [ RunTime:0.001000s ]
INFO: Run Behavior\ParseTemplateBehavior [ RunTime:0.022000s ]
INFO: [ view_parse ] --END-- [ RunTime:0.022000s ]
INFO: [ view_filter ] --START--
INFO: Run Behavior\WriteHtmlCacheBehavior [ RunTime:0.000000s ]
INFO: [ view_filter ] --END-- [ RunTime:0.000000s ]
INFO: [ app_end ] --START--
INFO: Run Behavior\ShowPageTraceBehavior [ RunTime:0.001000s ]
INFO: [ app_end ] --END-- [ RunTime:0.001000s ]

[ 2017-05-16T14:48:27+08:00 ] 127.0.0.1 /meng/
INFO: [ app_init ] --START--
INFO: Run Behavior\BuildLiteBehavior [ RunTime:0.000000s ]
INFO: [ app_init ] --END-- [ RunTime:0.001000s ]
INFO: [ app_begin ] --START--
INFO: Run Behavior\ReadHtmlCacheBehavior [ RunTime:0.001000s ]
INFO: [ app_begin ] --END-- [ RunTime:0.001000s ]
SQL: SHOW COLUMNS FROM `cate` [ RunTime:0.0010s ]
SQL: SELECT `id`,`catename` FROM `cate` WHERE `nav_show` = 1  [ RunTime:0.0000s ]
SQL: SELECT `id`,`catename` FROM `cate` WHERE `nav_show` = 0  [ RunTime:0.0010s ]
INFO: [ view_parse ] --START--
INFO: [ template_filter ] --START--
INFO: Run Behavior\ContentReplaceBehavior [ RunTime:0.001000s ]
INFO: [ template_filter ] --END-- [ RunTime:0.001000s ]
INFO: Run Behavior\ParseTemplateBehavior [ RunTime:0.019000s ]
INFO: [ view_parse ] --END-- [ RunTime:0.019000s ]
INFO: [ view_filter ] --START--
INFO: Run Behavior\WriteHtmlCacheBehavior [ RunTime:0.000000s ]
INFO: [ view_filter ] --END-- [ RunTime:0.001000s ]
INFO: [ app_end ] --START--
INFO: Run Behavior\ShowPageTraceBehavior [ RunTime:0.001000s ]
INFO: [ app_end ] --END-- [ RunTime:0.001000s ]

[ 2017-05-16T14:50:53+08:00 ] 127.0.0.1 /meng/
INFO: [ app_init ] --START--
INFO: Run Behavior\BuildLiteBehavior [ RunTime:0.000000s ]
INFO: [ app_init ] --END-- [ RunTime:0.001000s ]
INFO: [ app_begin ] --START--
INFO: Run Behavior\ReadHtmlCacheBehavior [ RunTime:0.001000s ]
INFO: [ app_begin ] --END-- [ RunTime:0.001000s ]
SQL: SHOW COLUMNS FROM `cate` [ RunTime:0.0010s ]
SQL: SELECT `id`,`catename` FROM `cate` WHERE `nav_show` = 1  [ RunTime:0.0000s ]
SQL: SELECT `id`,`catename` FROM `cate` WHERE `nav_show` = 0  [ RunTime:0.0000s ]
INFO: [ view_parse ] --START--
INFO: [ template_filter ] --START--
INFO: Run Behavior\ContentReplaceBehavior [ RunTime:0.001000s ]
INFO: [ template_filter ] --END-- [ RunTime:0.001000s ]
INFO: Run Behavior\ParseTemplateBehavior [ RunTime:0.017000s ]
INFO: [ view_parse ] --END-- [ RunTime:0.018000s ]
INFO: [ view_filter ] --START--
INFO: Run Behavior\WriteHtmlCacheBehavior [ RunTime:0.000000s ]
INFO: [ view_filter ] --END-- [ RunTime:0.000000s ]
INFO: [ app_end ] --START--
INFO: Run Behavior\ShowPageTraceBehavior [ RunTime:0.001000s ]
INFO: [ app_end ] --END-- [ RunTime:0.001000s ]

[ 2017-05-16T14:51:08+08:00 ] 127.0.0.1 /meng/
INFO: [ app_init ] --START--
INFO: Run Behavior\BuildLiteBehavior [ RunTime:0.000000s ]
INFO: [ app_init ] --END-- [ RunTime:0.001000s ]
INFO: [ app_begin ] --START--
INFO: Run Behavior\ReadHtmlCacheBehavior [ RunTime:0.003000s ]
INFO: [ app_begin ] --END-- [ RunTime:0.003000s ]
SQL: SHOW COLUMNS FROM `cate` [ RunTime:0.0010s ]
SQL: SELECT `id`,`catename` FROM `cate` WHERE `nav_show` = 1  [ RunTime:0.0000s ]
SQL: SELECT `id`,`catename` FROM `cate` WHERE `nav_show` = 0  [ RunTime:0.0000s ]
INFO: [ view_parse ] --START--
INFO: [ template_filter ] --START--
INFO: Run Behavior\ContentReplaceBehavior [ RunTime:0.001000s ]
INFO: [ template_filter ] --END-- [ RunTime:0.001000s ]
INFO: Run Behavior\ParseTemplateBehavior [ RunTime:0.023000s ]
INFO: [ view_parse ] --END-- [ RunTime:0.023000s ]
INFO: [ view_filter ] --START--
INFO: Run Behavior\WriteHtmlCacheBehavior [ RunTime:0.001000s ]
INFO: [ view_filter ] --END-- [ RunTime:0.001000s ]
INFO: [ app_end ] --START--
INFO: Run Behavior\ShowPageTraceBehavior [ RunTime:0.000000s ]
INFO: [ app_end ] --END-- [ RunTime:0.001000s ]

[ 2017-05-16T14:51:15+08:00 ] 127.0.0.1 /meng/
INFO: [ app_init ] --START--
INFO: Run Behavior\BuildLiteBehavior [ RunTime:0.000000s ]
INFO: [ app_init ] --END-- [ RunTime:0.001000s ]
INFO: [ app_begin ] --START--
INFO: Run Behavior\ReadHtmlCacheBehavior [ RunTime:0.001000s ]
INFO: [ app_begin ] --END-- [ RunTime:0.001000s ]
SQL: SHOW COLUMNS FROM `cate` [ RunTime:0.0010s ]
SQL: SELECT `id`,`catename` FROM `cate` WHERE `nav_show` = 1  [ RunTime:0.0010s ]
SQL: SELECT `id`,`catename` FROM `cate` WHERE `nav_show` = 0  [ RunTime:0.0010s ]
INFO: [ view_parse ] --START--
INFO: [ template_filter ] --START--
INFO: Run Behavior\ContentReplaceBehavior [ RunTime:0.001000s ]
INFO: [ template_filter ] --END-- [ RunTime:0.001000s ]
INFO: Run Behavior\ParseTemplateBehavior [ RunTime:0.024000s ]
INFO: [ view_parse ] --END-- [ RunTime:0.024000s ]
INFO: [ view_filter ] --START--
INFO: Run Behavior\WriteHtmlCacheBehavior [ RunTime:0.000000s ]
INFO: [ view_filter ] --END-- [ RunTime:0.001000s ]
INFO: [ app_end ] --START--
INFO: Run Behavior\ShowPageTraceBehavior [ RunTime:0.001000s ]
INFO: [ app_end ] --END-- [ RunTime:0.001000s ]

[ 2017-05-16T14:51:55+08:00 ] 127.0.0.1 /meng/
INFO: [ app_init ] --START--
INFO: Run Behavior\BuildLiteBehavior [ RunTime:0.000000s ]
INFO: [ app_init ] --END-- [ RunTime:0.001000s ]
INFO: [ app_begin ] --START--
INFO: Run Behavior\ReadHtmlCacheBehavior [ RunTime:0.000000s ]
INFO: [ app_begin ] --END-- [ RunTime:0.000000s ]
SQL: SHOW COLUMNS FROM `cate` [ RunTime:0.0010s ]
SQL: SELECT `id`,`catename` FROM `cate` WHERE `nav_show` = 1  [ RunTime:0.0010s ]
SQL: SELECT `id`,`catename` FROM `cate` WHERE `nav_show` = 0  [ RunTime:0.0000s ]
INFO: [ view_parse ] --START--
INFO: [ template_filter ] --START--
INFO: Run Behavior\ContentReplaceBehavior [ RunTime:0.001000s ]
INFO: [ template_filter ] --END-- [ RunTime:0.001000s ]
INFO: Run Behavior\ParseTemplateBehavior [ RunTime:0.027000s ]
INFO: [ view_parse ] --END-- [ RunTime:0.028000s ]
INFO: [ view_filter ] --START--
INFO: Run Behavior\WriteHtmlCacheBehavior [ RunTime:0.000000s ]
INFO: [ view_filter ] --END-- [ RunTime:0.000000s ]
INFO: [ app_end ] --START--
INFO: Run Behavior\ShowPageTraceBehavior [ RunTime:0.001000s ]
INFO: [ app_end ] --END-- [ RunTime:0.001000s ]

[ 2017-05-16T14:52:46+08:00 ] 127.0.0.1 /meng/
INFO: [ app_init ] --START--
INFO: Run Behavior\BuildLiteBehavior [ RunTime:0.000000s ]
INFO: [ app_init ] --END-- [ RunTime:0.000000s ]
INFO: [ app_begin ] --START--
INFO: Run Behavior\ReadHtmlCacheBehavior [ RunTime:0.000000s ]
INFO: [ app_begin ] --END-- [ RunTime:0.000000s ]
SQL: SHOW COLUMNS FROM `cate` [ RunTime:0.0010s ]
SQL: SELECT `id`,`catename` FROM `cate` WHERE `nav_show` = 1  [ RunTime:0.0010s ]
SQL: SELECT `id`,`catename` FROM `cate` WHERE `nav_show` = 0  [ RunTime:0.0010s ]
INFO: [ view_parse ] --START--
INFO: [ template_filter ] --START--
INFO: Run Behavior\ContentReplaceBehavior [ RunTime:0.001000s ]
INFO: [ template_filter ] --END-- [ RunTime:0.001000s ]
INFO: Run Behavior\ParseTemplateBehavior [ RunTime:0.020000s ]
INFO: [ view_parse ] --END-- [ RunTime:0.020000s ]
INFO: [ view_filter ] --START--
INFO: Run Behavior\WriteHtmlCacheBehavior [ RunTime:0.001000s ]
INFO: [ view_filter ] --END-- [ RunTime:0.001000s ]
INFO: [ app_end ] --START--
INFO: Run Behavior\ShowPageTraceBehavior [ RunTime:0.001000s ]
INFO: [ app_end ] --END-- [ RunTime:0.001000s ]

[ 2017-05-16T14:54:57+08:00 ] 127.0.0.1 /meng/
INFO: [ app_init ] --START--
INFO: Run Behavior\BuildLiteBehavior [ RunTime:0.000000s ]
INFO: [ app_init ] --END-- [ RunTime:0.000000s ]
INFO: [ app_begin ] --START--
INFO: Run Behavior\ReadHtmlCacheBehavior [ RunTime:0.001000s ]
INFO: [ app_begin ] --END-- [ RunTime:0.001000s ]
SQL: SHOW COLUMNS FROM `cate` [ RunTime:0.0000s ]
SQL: SELECT `id`,`catename` FROM `cate` WHERE `nav_show` = 1  [ RunTime:0.0000s ]
NOTIC: [8] Undefined index: id D:\wamp\www\meng\Application\Home\Controller\IndexController.class.php 第 8 行.
NOTIC: [8] Undefined variable: nav_two D:\wamp\www\meng\Application\Home\Controller\IndexController.class.php 第 11 行.
INFO: [ view_parse ] --START--
INFO: [ template_filter ] --START--
INFO: Run Behavior\ContentReplaceBehavior [ RunTime:0.000000s ]
INFO: [ template_filter ] --END-- [ RunTime:0.001000s ]
INFO: Run Behavior\ParseTemplateBehavior [ RunTime:0.019000s ]
INFO: [ view_parse ] --END-- [ RunTime:0.019000s ]
INFO: [ view_filter ] --START--
INFO: Run Behavior\WriteHtmlCacheBehavior [ RunTime:0.000000s ]
INFO: [ view_filter ] --END-- [ RunTime:0.000000s ]
INFO: [ app_end ] --START--
INFO: Run Behavior\ShowPageTraceBehavior [ RunTime:0.000000s ]
INFO: [ app_end ] --END-- [ RunTime:0.000000s ]

[ 2017-05-16T14:55:40+08:00 ] 127.0.0.1 /meng/
INFO: [ app_init ] --START--
INFO: Run Behavior\BuildLiteBehavior [ RunTime:0.000000s ]
INFO: [ app_init ] --END-- [ RunTime:0.001000s ]
INFO: [ app_begin ] --START--
INFO: Run Behavior\ReadHtmlCacheBehavior [ RunTime:0.000000s ]
INFO: [ app_begin ] --END-- [ RunTime:0.000000s ]
SQL: SHOW COLUMNS FROM `cate` [ RunTime:0.0000s ]
SQL: SELECT `id`,`catename` FROM `cate` WHERE `nav_show` = 1  [ RunTime:0.0000s ]
NOTIC: [8] Undefined variable: nav_two D:\wamp\www\meng\Application\Home\Controller\IndexController.class.php 第 13 行.
INFO: [ view_parse ] --START--
INFO: [ template_filter ] --START--
INFO: Run Behavior\ContentReplaceBehavior [ RunTime:0.001000s ]
INFO: [ template_filter ] --END-- [ RunTime:0.001000s ]
INFO: Run Behavior\ParseTemplateBehavior [ RunTime:0.024000s ]
INFO: [ view_parse ] --END-- [ RunTime:0.024000s ]
INFO: [ view_filter ] --START--
INFO: Run Behavior\WriteHtmlCacheBehavior [ RunTime:0.000000s ]
INFO: [ view_filter ] --END-- [ RunTime:0.000000s ]
INFO: [ app_end ] --START--
INFO: Run Behavior\ShowPageTraceBehavior [ RunTime:0.001000s ]
INFO: [ app_end ] --END-- [ RunTime:0.002000s ]

[ 2017-05-16T15:02:12+08:00 ] 127.0.0.1 /meng/
INFO: [ app_init ] --START--
INFO: Run Behavior\BuildLiteBehavior [ RunTime:0.000000s ]
INFO: [ app_init ] --END-- [ RunTime:0.002000s ]
INFO: [ app_begin ] --START--
INFO: Run Behavior\ReadHtmlCacheBehavior [ RunTime:0.000000s ]
INFO: [ app_begin ] --END-- [ RunTime:0.000000s ]
SQL: SHOW COLUMNS FROM `cate` [ RunTime:0.0000s ]
SQL: SELECT `id`,`catename` FROM `cate` WHERE `nav_show` = 1  [ RunTime:0.0010s ]
SQL: SELECT `id`,`catename` FROM `cate` WHERE ( parentid=1 )  [ RunTime:0.0000s ]
SQL: SELECT `id`,`catename` FROM `cate` WHERE ( parentid=12 )  [ RunTime:0.0000s ]
SQL: SELECT `id`,`catename` FROM `cate` WHERE ( parentid=17 )  [ RunTime:0.0010s ]
SQL: SELECT `id`,`catename` FROM `cate` WHERE ( parentid=22 )  [ RunTime:0.0000s ]
SQL: SELECT `id`,`catename` FROM `cate` WHERE ( parentid=27 )  [ RunTime:0.0000s ]
SQL: SELECT `id`,`catename` FROM `cate` WHERE ( parentid=33 )  [ RunTime:0.0010s ]
SQL: SELECT `id`,`catename` FROM `cate` WHERE ( parentid=38 )  [ RunTime:0.0000s ]
SQL: SELECT `id`,`catename` FROM `cate` WHERE ( parentid=42 )  [ RunTime:0.0010s ]
SQL: SELECT `id`,`catename` FROM `cate` WHERE ( parentid=48 )  [ RunTime:0.0000s ]
SQL: SELECT `id`,`catename` FROM `cate` WHERE ( parentid=53 )  [ RunTime:0.0000s ]
NOTIC: [8] Undefined variable: nav_two D:\wamp\www\meng\Application\Home\Controller\IndexController.class.php 第 14 行.
INFO: [ view_parse ] --START--
INFO: [ template_filter ] --START--
INFO: Run Behavior\ContentReplaceBehavior [ RunTime:0.001000s ]
INFO: [ template_filter ] --END-- [ RunTime:0.001000s ]
INFO: Run Behavior\ParseTemplateBehavior [ RunTime:0.025000s ]
INFO: [ view_parse ] --END-- [ RunTime:0.025000s ]
INFO: [ view_filter ] --START--
INFO: Run Behavior\WriteHtmlCacheBehavior [ RunTime:0.001000s ]
INFO: [ view_filter ] --END-- [ RunTime:0.001000s ]
NOTIC: [2] Cannot modify header information - headers already sent by (output started at D:\wamp\www\meng\Application\Home\Controller\IndexController.class.php:12) D:\wamp\www\meng\ThinkPHP\Library\Think\View.class.php 第 91 行.
NOTIC: [2] Cannot modify header information - headers already sent by (output started at D:\wamp\www\meng\Application\Home\Controller\IndexController.class.php:12) D:\wamp\www\meng\ThinkPHP\Library\Think\View.class.php 第 92 行.
NOTIC: [2] Cannot modify header information - headers already sent by (output started at D:\wamp\www\meng\Application\Home\Controller\IndexController.class.php:12) D:\wamp\www\meng\ThinkPHP\Library\Think\View.class.php 第 93 行.
INFO: [ app_end ] --START--
INFO: Run Behavior\ShowPageTraceBehavior [ RunTime:0.002000s ]
INFO: [ app_end ] --END-- [ RunTime:0.005000s ]

[ 2017-05-16T15:02:37+08:00 ] 127.0.0.1 /meng/
INFO: [ app_init ] --START--
INFO: Run Behavior\BuildLiteBehavior [ RunTime:0.000000s ]
INFO: [ app_init ] --END-- [ RunTime:0.000000s ]
INFO: [ app_begin ] --START--
INFO: Run Behavior\ReadHtmlCacheBehavior [ RunTime:0.001000s ]
INFO: [ app_begin ] --END-- [ RunTime:0.001000s ]
SQL: SHOW COLUMNS FROM `cate` [ RunTime:0.0010s ]
SQL: SELECT `id`,`catename` FROM `cate` WHERE `nav_show` = 1  [ RunTime:0.0000s ]
SQL: SELECT `id`,`catename` FROM `cate` WHERE ( parentid=1 )  [ RunTime:0.0000s ]
SQL: SELECT `id`,`catename` FROM `cate` WHERE ( parentid=12 )  [ RunTime:0.0010s ]
SQL: SELECT `id`,`catename` FROM `cate` WHERE ( parentid=17 )  [ RunTime:0.0000s ]
SQL: SELECT `id`,`catename` FROM `cate` WHERE ( parentid=22 )  [ RunTime:0.0000s ]
SQL: SELECT `id`,`catename` FROM `cate` WHERE ( parentid=27 )  [ RunTime:0.0010s ]
SQL: SELECT `id`,`catename` FROM `cate` WHERE ( parentid=33 )  [ RunTime:0.0000s ]
SQL: SELECT `id`,`catename` FROM `cate` WHERE ( parentid=38 )  [ RunTime:0.0000s ]
SQL: SELECT `id`,`catename` FROM `cate` WHERE ( parentid=42 )  [ RunTime:0.0000s ]
SQL: SELECT `id`,`catename` FROM `cate` WHERE ( parentid=48 )  [ RunTime:0.0010s ]
SQL: SELECT `id`,`catename` FROM `cate` WHERE ( parentid=53 )  [ RunTime:0.0010s ]
INFO: [ view_parse ] --START--
INFO: [ template_filter ] --START--
INFO: Run Behavior\ContentReplaceBehavior [ RunTime:0.000000s ]
INFO: [ template_filter ] --END-- [ RunTime:0.001000s ]
INFO: Run Behavior\ParseTemplateBehavior [ RunTime:0.025000s ]
INFO: [ view_parse ] --END-- [ RunTime:0.026000s ]
INFO: [ view_filter ] --START--
INFO: Run Behavior\WriteHtmlCacheBehavior [ RunTime:0.000000s ]
INFO: [ view_filter ] --END-- [ RunTime:0.000000s ]
NOTIC: [2] Cannot modify header information - headers already sent by (output started at D:\wamp\www\meng\Application\Home\Controller\IndexController.class.php:12) D:\wamp\www\meng\ThinkPHP\Library\Think\View.class.php 第 91 行.
NOTIC: [2] Cannot modify header information - headers already sent by (output started at D:\wamp\www\meng\Application\Home\Controller\IndexController.class.php:12) D:\wamp\www\meng\ThinkPHP\Library\Think\View.class.php 第 92 行.
NOTIC: [2] Cannot modify header information - headers already sent by (output started at D:\wamp\www\meng\Application\Home\Controller\IndexController.class.php:12) D:\wamp\www\meng\ThinkPHP\Library\Think\View.class.php 第 93 行.
INFO: [ app_end ] --START--
INFO: Run Behavior\ShowPageTraceBehavior [ RunTime:0.004000s ]
INFO: [ app_end ] --END-- [ RunTime:0.004000s ]

[ 2017-05-16T15:02:56+08:00 ] 127.0.0.1 /meng/
INFO: [ app_init ] --START--
INFO: Run Behavior\BuildLiteBehavior [ RunTime:0.000000s ]
INFO: [ app_init ] --END-- [ RunTime:0.001000s ]
INFO: [ app_begin ] --START--
INFO: Run Behavior\ReadHtmlCacheBehavior [ RunTime:0.001000s ]
INFO: [ app_begin ] --END-- [ RunTime:0.001000s ]
SQL: SHOW COLUMNS FROM `cate` [ RunTime:0.0000s ]
SQL: SELECT `id`,`catename` FROM `cate` WHERE `nav_show` = 1  [ RunTime:0.0000s ]
SQL: SELECT `id`,`catename` FROM `cate` WHERE ( parentid=1 )  [ RunTime:0.0000s ]
SQL: SELECT `id`,`catename` FROM `cate` WHERE ( parentid=12 )  [ RunTime:0.0000s ]
SQL: SELECT `id`,`catename` FROM `cate` WHERE ( parentid=17 )  [ RunTime:0.0000s ]
SQL: SELECT `id`,`catename` FROM `cate` WHERE ( parentid=22 )  [ RunTime:0.0000s ]
SQL: SELECT `id`,`catename` FROM `cate` WHERE ( parentid=27 )  [ RunTime:0.0000s ]
SQL: SELECT `id`,`catename` FROM `cate` WHERE ( parentid=33 )  [ RunTime:0.0010s ]
SQL: SELECT `id`,`catename` FROM `cate` WHERE ( parentid=38 )  [ RunTime:0.0010s ]
SQL: SELECT `id`,`catename` FROM `cate` WHERE ( parentid=42 )  [ RunTime:0.0010s ]
SQL: SELECT `id`,`catename` FROM `cate` WHERE ( parentid=48 )  [ RunTime:0.0010s ]
SQL: SELECT `id`,`catename` FROM `cate` WHERE ( parentid=53 )  [ RunTime:0.0000s ]
INFO: [ view_parse ] --START--
INFO: [ template_filter ] --START--
INFO: Run Behavior\ContentReplaceBehavior [ RunTime:0.000000s ]
INFO: [ template_filter ] --END-- [ RunTime:0.000000s ]
INFO: Run Behavior\ParseTemplateBehavior [ RunTime:0.020000s ]
INFO: [ view_parse ] --END-- [ RunTime:0.020000s ]
INFO: [ view_filter ] --START--
INFO: Run Behavior\WriteHtmlCacheBehavior [ RunTime:0.001000s ]
INFO: [ view_filter ] --END-- [ RunTime:0.001000s ]
NOTIC: [2] Cannot modify header information - headers already sent by (output started at D:\wamp\www\meng\Application\Home\Controller\IndexController.class.php:12) D:\wamp\www\meng\ThinkPHP\Library\Think\View.class.php 第 91 行.
NOTIC: [2] Cannot modify header information - headers already sent by (output started at D:\wamp\www\meng\Application\Home\Controller\IndexController.class.php:12) D:\wamp\www\meng\ThinkPHP\Library\Think\View.class.php 第 92 行.
NOTIC: [2] Cannot modify header information - headers already sent by (output started at D:\wamp\www\meng\Application\Home\Controller\IndexController.class.php:12) D:\wamp\www\meng\ThinkPHP\Library\Think\View.class.php 第 93 行.
INFO: [ app_end ] --START--
INFO: Run Behavior\ShowPageTraceBehavior [ RunTime:0.001000s ]
INFO: [ app_end ] --END-- [ RunTime:0.001000s ]

[ 2017-05-16T15:04:04+08:00 ] 127.0.0.1 /meng/
INFO: [ app_init ] --START--
INFO: Run Behavior\BuildLiteBehavior [ RunTime:0.000000s ]
INFO: [ app_init ] --END-- [ RunTime:0.001000s ]
INFO: [ app_begin ] --START--
INFO: Run Behavior\ReadHtmlCacheBehavior [ RunTime:0.001000s ]
INFO: [ app_begin ] --END-- [ RunTime:0.001000s ]
SQL: SHOW COLUMNS FROM `cate` [ RunTime:0.0000s ]
SQL: SELECT `id`,`catename` FROM `cate` WHERE `nav_show` = 1  [ RunTime:0.0000s ]
SQL: SELECT `id`,`catename` FROM `cate` WHERE ( parentid=1 )  [ RunTime:0.0010s ]
SQL: SELECT `id`,`catename` FROM `cate` WHERE ( parentid=12 )  [ RunTime:0.0000s ]
SQL: SELECT `id`,`catename` FROM `cate` WHERE ( parentid=17 )  [ RunTime:0.0000s ]
SQL: SELECT `id`,`catename` FROM `cate` WHERE ( parentid=22 )  [ RunTime:0.0010s ]
SQL: SELECT `id`,`catename` FROM `cate` WHERE ( parentid=27 )  [ RunTime:0.0000s ]
SQL: SELECT `id`,`catename` FROM `cate` WHERE ( parentid=33 )  [ RunTime:0.0000s ]
SQL: SELECT `id`,`catename` FROM `cate` WHERE ( parentid=38 )  [ RunTime:0.0000s ]
SQL: SELECT `id`,`catename` FROM `cate` WHERE ( parentid=42 )  [ RunTime:0.0000s ]
SQL: SELECT `id`,`catename` FROM `cate` WHERE ( parentid=48 )  [ RunTime:0.0010s ]
SQL: SELECT `id`,`catename` FROM `cate` WHERE ( parentid=53 )  [ RunTime:0.0000s ]
INFO: [ view_parse ] --START--
INFO: [ template_filter ] --START--
INFO: Run Behavior\ContentReplaceBehavior [ RunTime:0.001000s ]
INFO: [ template_filter ] --END-- [ RunTime:0.001000s ]
INFO: Run Behavior\ParseTemplateBehavior [ RunTime:0.020000s ]
INFO: [ view_parse ] --END-- [ RunTime:0.020000s ]
INFO: [ view_filter ] --START--
INFO: Run Behavior\WriteHtmlCacheBehavior [ RunTime:0.000000s ]
INFO: [ view_filter ] --END-- [ RunTime:0.000000s ]
INFO: [ app_end ] --START--
INFO: Run Behavior\ShowPageTraceBehavior [ RunTime:0.001000s ]
INFO: [ app_end ] --END-- [ RunTime:0.001000s ]

[ 2017-05-16T15:05:20+08:00 ] 127.0.0.1 /meng/
INFO: [ app_init ] --START--
INFO: Run Behavior\BuildLiteBehavior [ RunTime:0.000000s ]
INFO: [ app_init ] --END-- [ RunTime:0.001000s ]
INFO: [ app_begin ] --START--
INFO: Run Behavior\ReadHtmlCacheBehavior [ RunTime:0.000000s ]
INFO: [ app_begin ] --END-- [ RunTime:0.000000s ]
SQL: SHOW COLUMNS FROM `cate` [ RunTime:0.0010s ]
SQL: SELECT `id`,`catename` FROM `cate` WHERE `nav_show` = 1  [ RunTime:0.0000s ]
SQL: SELECT `id`,`catename` FROM `cate` WHERE ( parentid=1 )  [ RunTime:0.0000s ]
SQL: SELECT `id`,`catename` FROM `cate` WHERE ( parentid=12 )  [ RunTime:0.0010s ]
SQL: SELECT `id`,`catename` FROM `cate` WHERE ( parentid=17 )  [ RunTime:0.0000s ]
SQL: SELECT `id`,`catename` FROM `cate` WHERE ( parentid=22 )  [ RunTime:0.0010s ]
SQL: SELECT `id`,`catename` FROM `cate` WHERE ( parentid=27 )  [ RunTime:0.0000s ]
SQL: SELECT `id`,`catename` FROM `cate` WHERE ( parentid=33 )  [ RunTime:0.0010s ]
SQL: SELECT `id`,`catename` FROM `cate` WHERE ( parentid=38 )  [ RunTime:0.0000s ]
SQL: SELECT `id`,`catename` FROM `cate` WHERE ( parentid=42 )  [ RunTime:0.0000s ]
SQL: SELECT `id`,`catename` FROM `cate` WHERE ( parentid=48 )  [ RunTime:0.0000s ]
SQL: SELECT `id`,`catename` FROM `cate` WHERE ( parentid=53 )  [ RunTime:0.0000s ]
INFO: [ view_parse ] --START--
INFO: [ template_filter ] --START--
INFO: Run Behavior\ContentReplaceBehavior [ RunTime:0.000000s ]
INFO: [ template_filter ] --END-- [ RunTime:0.000000s ]
NOTIC: [8] Undefined index: catename D:\wamp\www\meng\Application\Runtime\Cache\Home\2a94b8bda04ff446dcedd42276fc99ee.php 第 50 行.
NOTIC: [8] Undefined index: catename D:\wamp\www\meng\Application\Runtime\Cache\Home\2a94b8bda04ff446dcedd42276fc99ee.php 第 50 行.
NOTIC: [8] Undefined index: catename D:\wamp\www\meng\Application\Runtime\Cache\Home\2a94b8bda04ff446dcedd42276fc99ee.php 第 50 行.
NOTIC: [8] Undefined index: catename D:\wamp\www\meng\Application\Runtime\Cache\Home\2a94b8bda04ff446dcedd42276fc99ee.php 第 50 行.
NOTIC: [8] Undefined index: catename D:\wamp\www\meng\Application\Runtime\Cache\Home\2a94b8bda04ff446dcedd42276fc99ee.php 第 50 行.
NOTIC: [8] Undefined index: catename D:\wamp\www\meng\Application\Runtime\Cache\Home\2a94b8bda04ff446dcedd42276fc99ee.php 第 50 行.
NOTIC: [8] Undefined index: catename D:\wamp\www\meng\Application\Runtime\Cache\Home\2a94b8bda04ff446dcedd42276fc99ee.php 第 50 行.
NOTIC: [8] Undefined index: catename D:\wamp\www\meng\Application\Runtime\Cache\Home\2a94b8bda04ff446dcedd42276fc99ee.php 第 50 行.
NOTIC: [8] Undefined index: catename D:\wamp\www\meng\Application\Runtime\Cache\Home\2a94b8bda04ff446dcedd42276fc99ee.php 第 50 行.
NOTIC: [8] Undefined index: catename D:\wamp\www\meng\Application\Runtime\Cache\Home\2a94b8bda04ff446dcedd42276fc99ee.php 第 50 行.
INFO: Run Behavior\ParseTemplateBehavior [ RunTime:0.024000s ]
INFO: [ view_parse ] --END-- [ RunTime:0.024000s ]
INFO: [ view_filter ] --START--
INFO: Run Behavior\WriteHtmlCacheBehavior [ RunTime:0.002000s ]
INFO: [ view_filter ] --END-- [ RunTime:0.002000s ]
INFO: [ app_end ] --START--
INFO: Run Behavior\ShowPageTraceBehavior [ RunTime:0.001000s ]
INFO: [ app_end ] --END-- [ RunTime:0.001000s ]

[ 2017-05-16T15:05:58+08:00 ] 127.0.0.1 /meng/
INFO: [ app_init ] --START--
INFO: Run Behavior\BuildLiteBehavior [ RunTime:0.000000s ]
INFO: [ app_init ] --END-- [ RunTime:0.000000s ]
INFO: [ app_begin ] --START--
INFO: Run Behavior\ReadHtmlCacheBehavior [ RunTime:0.000000s ]
INFO: [ app_begin ] --END-- [ RunTime:0.002000s ]
SQL: SHOW COLUMNS FROM `cate` [ RunTime:0.0010s ]
SQL: SELECT `id`,`catename` FROM `cate` WHERE `nav_show` = 1  [ RunTime:0.0010s ]
SQL: SELECT `id`,`catename` FROM `cate` WHERE ( parentid=1 )  [ RunTime:0.0010s ]
SQL: SELECT `id`,`catename` FROM `cate` WHERE ( parentid=12 )  [ RunTime:0.0010s ]
SQL: SELECT `id`,`catename` FROM `cate` WHERE ( parentid=17 )  [ RunTime:0.0010s ]
SQL: SELECT `id`,`catename` FROM `cate` WHERE ( parentid=22 )  [ RunTime:0.0000s ]
SQL: SELECT `id`,`catename` FROM `cate` WHERE ( parentid=27 )  [ RunTime:0.0000s ]
SQL: SELECT `id`,`catename` FROM `cate` WHERE ( parentid=33 )  [ RunTime:0.0010s ]
SQL: SELECT `id`,`catename` FROM `cate` WHERE ( parentid=38 )  [ RunTime:0.0000s ]
SQL: SELECT `id`,`catename` FROM `cate` WHERE ( parentid=42 )  [ RunTime:0.0010s ]
SQL: SELECT `id`,`catename` FROM `cate` WHERE ( parentid=48 )  [ RunTime:0.0010s ]
SQL: SELECT `id`,`catename` FROM `cate` WHERE ( parentid=53 )  [ RunTime:0.0010s ]
INFO: [ view_parse ] --START--
INFO: [ template_filter ] --START--
INFO: Run Behavior\ContentReplaceBehavior [ RunTime:0.001000s ]
INFO: [ template_filter ] --END-- [ RunTime:0.001000s ]
NOTIC: [8] Undefined index: catename D:\wamp\www\meng\Application\Runtime\Cache\Home\2a94b8bda04ff446dcedd42276fc99ee.php 第 50 行.
NOTIC: [8] Undefined index: catename D:\wamp\www\meng\Application\Runtime\Cache\Home\2a94b8bda04ff446dcedd42276fc99ee.php 第 50 行.
NOTIC: [8] Undefined index: catename D:\wamp\www\meng\Application\Runtime\Cache\Home\2a94b8bda04ff446dcedd42276fc99ee.php 第 50 行.
NOTIC: [8] Undefined index: catename D:\wamp\www\meng\Application\Runtime\Cache\Home\2a94b8bda04ff446dcedd42276fc99ee.php 第 50 行.
NOTIC: [8] Undefined index: catename D:\wamp\www\meng\Application\Runtime\Cache\Home\2a94b8bda04ff446dcedd42276fc99ee.php 第 50 行.
NOTIC: [8] Undefined index: catename D:\wamp\www\meng\Application\Runtime\Cache\Home\2a94b8bda04ff446dcedd42276fc99ee.php 第 50 行.
NOTIC: [8] Undefined index: catename D:\wamp\www\meng\Application\Runtime\Cache\Home\2a94b8bda04ff446dcedd42276fc99ee.php 第 50 行.
NOTIC: [8] Undefined index: catename D:\wamp\www\meng\Application\Runtime\Cache\Home\2a94b8bda04ff446dcedd42276fc99ee.php 第 50 行.
NOTIC: [8] Undefined index: catename D:\wamp\www\meng\Application\Runtime\Cache\Home\2a94b8bda04ff446dcedd42276fc99ee.php 第 50 行.
NOTIC: [8] Undefined index: catename D:\wamp\www\meng\Application\Runtime\Cache\Home\2a94b8bda04ff446dcedd42276fc99ee.php 第 50 行.
INFO: Run Behavior\ParseTemplateBehavior [ RunTime:0.032000s ]
INFO: [ view_parse ] --END-- [ RunTime:0.032000s ]
INFO: [ view_filter ] --START--
INFO: Run Behavior\WriteHtmlCacheBehavior [ RunTime:0.001000s ]
INFO: [ view_filter ] --END-- [ RunTime:0.001000s ]
NOTIC: [2] Cannot modify header information - headers already sent by (output started at D:\wamp\www\meng\Application\Home\Controller\IndexController.class.php:12) D:\wamp\www\meng\ThinkPHP\Library\Think\View.class.php 第 91 行.
NOTIC: [2] Cannot modify header information - headers already sent by (output started at D:\wamp\www\meng\Application\Home\Controller\IndexController.class.php:12) D:\wamp\www\meng\ThinkPHP\Library\Think\View.class.php 第 92 行.
NOTIC: [2] Cannot modify header information - headers already sent by (output started at D:\wamp\www\meng\Application\Home\Controller\IndexController.class.php:12) D:\wamp\www\meng\ThinkPHP\Library\Think\View.class.php 第 93 行.
INFO: [ app_end ] --START--
INFO: Run Behavior\ShowPageTraceBehavior [ RunTime:0.002000s ]
INFO: [ app_end ] --END-- [ RunTime:0.002000s ]

[ 2017-05-16T15:07:37+08:00 ] 127.0.0.1 /meng/
INFO: [ app_init ] --START--
INFO: Run Behavior\BuildLiteBehavior [ RunTime:0.000000s ]
INFO: [ app_init ] --END-- [ RunTime:0.000000s ]
INFO: [ app_begin ] --START--
INFO: Run Behavior\ReadHtmlCacheBehavior [ RunTime:0.001000s ]
INFO: [ app_begin ] --END-- [ RunTime:0.001000s ]
SQL: SHOW COLUMNS FROM `cate` [ RunTime:0.0000s ]
SQL: SELECT `id`,`catename` FROM `cate` WHERE `nav_show` = 1  [ RunTime:0.0010s ]
SQL: SELECT `id`,`catename` FROM `cate` WHERE ( parentid=1 )  [ RunTime:0.0000s ]
SQL: SELECT `id`,`catename` FROM `cate` WHERE ( parentid=12 )  [ RunTime:0.0000s ]
SQL: SELECT `id`,`catename` FROM `cate` WHERE ( parentid=17 )  [ RunTime:0.0000s ]
SQL: SELECT `id`,`catename` FROM `cate` WHERE ( parentid=22 )  [ RunTime:0.0000s ]
SQL: SELECT `id`,`catename` FROM `cate` WHERE ( parentid=27 )  [ RunTime:0.0010s ]
SQL: SELECT `id`,`catename` FROM `cate` WHERE ( parentid=33 )  [ RunTime:0.0000s ]
SQL: SELECT `id`,`catename` FROM `cate` WHERE ( parentid=38 )  [ RunTime:0.0000s ]
SQL: SELECT `id`,`catename` FROM `cate` WHERE ( parentid=42 )  [ RunTime:0.0000s ]
SQL: SELECT `id`,`catename` FROM `cate` WHERE ( parentid=48 )  [ RunTime:0.0000s ]
SQL: SELECT `id`,`catename` FROM `cate` WHERE ( parentid=53 )  [ RunTime:0.0000s ]
INFO: [ view_parse ] --START--
INFO: [ template_filter ] --START--
INFO: Run Behavior\ContentReplaceBehavior [ RunTime:0.001000s ]
INFO: [ template_filter ] --END-- [ RunTime:0.001000s ]
INFO: Run Behavior\ParseTemplateBehavior [ RunTime:0.039000s ]
INFO: [ view_parse ] --END-- [ RunTime:0.040000s ]
INFO: [ view_filter ] --START--
INFO: Run Behavior\WriteHtmlCacheBehavior [ RunTime:0.001000s ]
INFO: [ view_filter ] --END-- [ RunTime:0.001000s ]
NOTIC: [2] Cannot modify header information - headers already sent by (output started at D:\wamp\www\meng\Application\Home\Controller\IndexController.class.php:12) D:\wamp\www\meng\ThinkPHP\Library\Think\View.class.php 第 91 行.
NOTIC: [2] Cannot modify header information - headers already sent by (output started at D:\wamp\www\meng\Application\Home\Controller\IndexController.class.php:12) D:\wamp\www\meng\ThinkPHP\Library\Think\View.class.php 第 92 行.
NOTIC: [2] Cannot modify header information - headers already sent by (output started at D:\wamp\www\meng\Application\Home\Controller\IndexController.class.php:12) D:\wamp\www\meng\ThinkPHP\Library\Think\View.class.php 第 93 行.
INFO: [ app_end ] --START--
INFO: Run Behavior\ShowPageTraceBehavior [ RunTime:0.001000s ]
INFO: [ app_end ] --END-- [ RunTime:0.001000s ]

[ 2017-05-16T15:08:41+08:00 ] 127.0.0.1 /meng/
INFO: [ app_init ] --START--
INFO: Run Behavior\BuildLiteBehavior [ RunTime:0.000000s ]
INFO: [ app_init ] --END-- [ RunTime:0.001000s ]
INFO: [ app_begin ] --START--
INFO: Run Behavior\ReadHtmlCacheBehavior [ RunTime:0.001000s ]
INFO: [ app_begin ] --END-- [ RunTime:0.001000s ]
SQL: SHOW COLUMNS FROM `cate` [ RunTime:0.0000s ]
SQL: SELECT `id`,`catename` FROM `cate` WHERE `nav_show` = 1  [ RunTime:0.0000s ]
SQL: SELECT `id`,`catename` FROM `cate` WHERE ( parentid=1 )  [ RunTime:0.0000s ]
SQL: SELECT `id`,`catename` FROM `cate` WHERE ( parentid=12 )  [ RunTime:0.0000s ]
SQL: SELECT `id`,`catename` FROM `cate` WHERE ( parentid=17 )  [ RunTime:0.0010s ]
SQL: SELECT `id`,`catename` FROM `cate` WHERE ( parentid=22 )  [ RunTime:0.0000s ]
SQL: SELECT `id`,`catename` FROM `cate` WHERE ( parentid=27 )  [ RunTime:0.0000s ]
SQL: SELECT `id`,`catename` FROM `cate` WHERE ( parentid=33 )  [ RunTime:0.0000s ]
SQL: SELECT `id`,`catename` FROM `cate` WHERE ( parentid=38 )  [ RunTime:0.0000s ]
SQL: SELECT `id`,`catename` FROM `cate` WHERE ( parentid=42 )  [ RunTime:0.0010s ]
SQL: SELECT `id`,`catename` FROM `cate` WHERE ( parentid=48 )  [ RunTime:0.0000s ]
SQL: SELECT `id`,`catename` FROM `cate` WHERE ( parentid=53 )  [ RunTime:0.0000s ]
INFO: [ view_parse ] --START--
INFO: [ template_filter ] --START--
INFO: Run Behavior\ContentReplaceBehavior [ RunTime:0.001000s ]
INFO: [ template_filter ] --END-- [ RunTime:0.001000s ]
INFO: Run Behavior\ParseTemplateBehavior [ RunTime:0.023000s ]
INFO: [ view_parse ] --END-- [ RunTime:0.023000s ]
INFO: [ view_filter ] --START--
INFO: Run Behavior\WriteHtmlCacheBehavior [ RunTime:0.000000s ]
INFO: [ view_filter ] --END-- [ RunTime:0.000000s ]
NOTIC: [2] Cannot modify header information - headers already sent by (output started at D:\wamp\www\meng\Application\Home\Controller\IndexController.class.php:12) D:\wamp\www\meng\ThinkPHP\Library\Think\View.class.php 第 91 行.
NOTIC: [2] Cannot modify header information - headers already sent by (output started at D:\wamp\www\meng\Application\Home\Controller\IndexController.class.php:12) D:\wamp\www\meng\ThinkPHP\Library\Think\View.class.php 第 92 行.
NOTIC: [2] Cannot modify header information - headers already sent by (output started at D:\wamp\www\meng\Application\Home\Controller\IndexController.class.php:12) D:\wamp\www\meng\ThinkPHP\Library\Think\View.class.php 第 93 行.
INFO: [ app_end ] --START--
INFO: Run Behavior\ShowPageTraceBehavior [ RunTime:0.001000s ]
INFO: [ app_end ] --END-- [ RunTime:0.001000s ]

[ 2017-05-16T15:08:53+08:00 ] 127.0.0.1 /meng/
INFO: [ app_init ] --START--
INFO: Run Behavior\BuildLiteBehavior [ RunTime:0.000000s ]
INFO: [ app_init ] --END-- [ RunTime:0.000000s ]
INFO: [ app_begin ] --START--
INFO: Run Behavior\ReadHtmlCacheBehavior [ RunTime:0.000000s ]
INFO: [ app_begin ] --END-- [ RunTime:0.001000s ]
SQL: SHOW COLUMNS FROM `cate` [ RunTime:0.0000s ]
SQL: SELECT `id`,`catename` FROM `cate` WHERE `nav_show` = 1  [ RunTime:0.0000s ]
SQL: SELECT `id`,`catename` FROM `cate` WHERE ( parentid=1 )  [ RunTime:0.0000s ]
SQL: SELECT `id`,`catename` FROM `cate` WHERE ( parentid=12 )  [ RunTime:0.0000s ]
SQL: SELECT `id`,`catename` FROM `cate` WHERE ( parentid=17 )  [ RunTime:0.0000s ]
SQL: SELECT `id`,`catename` FROM `cate` WHERE ( parentid=22 )  [ RunTime:0.0010s ]
SQL: SELECT `id`,`catename` FROM `cate` WHERE ( parentid=27 )  [ RunTime:0.0000s ]
SQL: SELECT `id`,`catename` FROM `cate` WHERE ( parentid=33 )  [ RunTime:0.0000s ]
SQL: SELECT `id`,`catename` FROM `cate` WHERE ( parentid=38 )  [ RunTime:0.0000s ]
SQL: SELECT `id`,`catename` FROM `cate` WHERE ( parentid=42 )  [ RunTime:0.0000s ]
SQL: SELECT `id`,`catename` FROM `cate` WHERE ( parentid=48 )  [ RunTime:0.0010s ]
SQL: SELECT `id`,`catename` FROM `cate` WHERE ( parentid=53 )  [ RunTime:0.0000s ]
INFO: [ view_parse ] --START--
INFO: [ template_filter ] --START--
INFO: Run Behavior\ContentReplaceBehavior [ RunTime:0.000000s ]
INFO: [ template_filter ] --END-- [ RunTime:0.000000s ]
INFO: Run Behavior\ParseTemplateBehavior [ RunTime:0.023000s ]
INFO: [ view_parse ] --END-- [ RunTime:0.023000s ]
INFO: [ view_filter ] --START--
INFO: Run Behavior\WriteHtmlCacheBehavior [ RunTime:0.000000s ]
INFO: [ view_filter ] --END-- [ RunTime:0.000000s ]
INFO: [ app_end ] --START--
INFO: Run Behavior\ShowPageTraceBehavior [ RunTime:0.000000s ]
INFO: [ app_end ] --END-- [ RunTime:0.001000s ]

[ 2017-05-16T15:09:41+08:00 ] 127.0.0.1 /meng/
INFO: [ app_init ] --START--
INFO: Run Behavior\BuildLiteBehavior [ RunTime:0.000000s ]
INFO: [ app_init ] --END-- [ RunTime:0.001000s ]
INFO: [ app_begin ] --START--
INFO: Run Behavior\ReadHtmlCacheBehavior [ RunTime:0.001000s ]
INFO: [ app_begin ] --END-- [ RunTime:0.001000s ]
SQL: SHOW COLUMNS FROM `cate` [ RunTime:0.0000s ]
SQL: SELECT `id`,`catename` FROM `cate` WHERE `nav_show` = 1  [ RunTime:0.0000s ]
SQL: SELECT `id`,`catename` FROM `cate` WHERE ( parentid=1 )  [ RunTime:0.0000s ]
SQL: SELECT `id`,`catename` FROM `cate` WHERE ( parentid=12 )  [ RunTime:0.0010s ]
SQL: SELECT `id`,`catename` FROM `cate` WHERE ( parentid=17 )  [ RunTime:0.0000s ]
SQL: SELECT `id`,`catename` FROM `cate` WHERE ( parentid=22 )  [ RunTime:0.0000s ]
SQL: SELECT `id`,`catename` FROM `cate` WHERE ( parentid=27 )  [ RunTime:0.0010s ]
SQL: SELECT `id`,`catename` FROM `cate` WHERE ( parentid=33 )  [ RunTime:0.0000s ]
SQL: SELECT `id`,`catename` FROM `cate` WHERE ( parentid=38 )  [ RunTime:0.0000s ]
SQL: SELECT `id`,`catename` FROM `cate` WHERE ( parentid=42 )  [ RunTime:0.0010s ]
SQL: SELECT `id`,`catename` FROM `cate` WHERE ( parentid=48 )  [ RunTime:0.0000s ]
SQL: SELECT `id`,`catename` FROM `cate` WHERE ( parentid=53 )  [ RunTime:0.0000s ]
INFO: [ view_parse ] --START--
INFO: [ template_filter ] --START--
INFO: Run Behavior\ContentReplaceBehavior [ RunTime:0.001000s ]
INFO: [ template_filter ] --END-- [ RunTime:0.001000s ]
INFO: Run Behavior\ParseTemplateBehavior [ RunTime:0.021000s ]
INFO: [ view_parse ] --END-- [ RunTime:0.021000s ]
INFO: [ view_filter ] --START--
INFO: Run Behavior\WriteHtmlCacheBehavior [ RunTime:0.000000s ]
INFO: [ view_filter ] --END-- [ RunTime:0.001000s ]
INFO: [ app_end ] --START--
INFO: Run Behavior\ShowPageTraceBehavior [ RunTime:0.001000s ]
INFO: [ app_end ] --END-- [ RunTime:0.001000s ]

[ 2017-05-16T16:06:40+08:00 ] 127.0.0.1 /meng/
INFO: [ app_init ] --START--
INFO: Run Behavior\BuildLiteBehavior [ RunTime:0.000000s ]
INFO: [ app_init ] --END-- [ RunTime:0.000000s ]
INFO: [ app_begin ] --START--
INFO: Run Behavior\ReadHtmlCacheBehavior [ RunTime:0.000000s ]
INFO: [ app_begin ] --END-- [ RunTime:0.000000s ]
SQL: SHOW COLUMNS FROM `cate` [ RunTime:0.0010s ]
SQL: SELECT `id`,`catename`,`type` FROM `cate` WHERE `nav_show` = 1  [ RunTime:0.0010s ]
SQL: SELECT `id`,`catename`,`type` FROM `cate` WHERE ( parentid=1 )  [ RunTime:0.0000s ]
SQL: SELECT `id`,`catename`,`type` FROM `cate` WHERE ( parentid=12 )  [ RunTime:0.0000s ]
SQL: SELECT `id`,`catename`,`type` FROM `cate` WHERE ( parentid=17 )  [ RunTime:0.0010s ]
SQL: SELECT `id`,`catename`,`type` FROM `cate` WHERE ( parentid=22 )  [ RunTime:0.0000s ]
SQL: SELECT `id`,`catename`,`type` FROM `cate` WHERE ( parentid=27 )  [ RunTime:0.0000s ]
SQL: SELECT `id`,`catename`,`type` FROM `cate` WHERE ( parentid=33 )  [ RunTime:0.0010s ]
SQL: SELECT `id`,`catename`,`type` FROM `cate` WHERE ( parentid=38 )  [ RunTime:0.0000s ]
SQL: SELECT `id`,`catename`,`type` FROM `cate` WHERE ( parentid=42 )  [ RunTime:0.0000s ]
SQL: SELECT `id`,`catename`,`type` FROM `cate` WHERE ( parentid=48 )  [ RunTime:0.0000s ]
SQL: SELECT `id`,`catename`,`type` FROM `cate` WHERE ( parentid=53 )  [ RunTime:0.0000s ]
INFO: [ view_parse ] --START--
INFO: [ template_filter ] --START--
INFO: Run Behavior\ContentReplaceBehavior [ RunTime:0.001000s ]
INFO: [ template_filter ] --END-- [ RunTime:0.001000s ]
INFO: Run Behavior\ParseTemplateBehavior [ RunTime:0.021000s ]
INFO: [ view_parse ] --END-- [ RunTime:0.021000s ]
INFO: [ view_filter ] --START--
INFO: Run Behavior\WriteHtmlCacheBehavior [ RunTime:0.001000s ]
INFO: [ view_filter ] --END-- [ RunTime:0.001000s ]
INFO: [ app_end ] --START--
INFO: Run Behavior\ShowPageTraceBehavior [ RunTime:0.000000s ]
INFO: [ app_end ] --END-- [ RunTime:0.001000s ]

[ 2017-05-16T16:07:44+08:00 ] 127.0.0.1 /meng/
INFO: [ app_init ] --START--
INFO: Run Behavior\BuildLiteBehavior [ RunTime:0.000000s ]
INFO: [ app_init ] --END-- [ RunTime:0.001000s ]
INFO: [ app_begin ] --START--
INFO: Run Behavior\ReadHtmlCacheBehavior [ RunTime:0.001000s ]
INFO: [ app_begin ] --END-- [ RunTime:0.001000s ]
SQL: SHOW COLUMNS FROM `cate` [ RunTime:0.0010s ]
SQL: SELECT `id`,`catename`,`type` FROM `cate` WHERE `nav_show` = 1  [ RunTime:0.0010s ]
SQL: SELECT `id`,`catename`,`type` FROM `cate` WHERE ( parentid=1 )  [ RunTime:0.0010s ]
SQL: SELECT `id`,`catename`,`type` FROM `cate` WHERE ( parentid=12 )  [ RunTime:0.0010s ]
SQL: SELECT `id`,`catename`,`type` FROM `cate` WHERE ( parentid=17 )  [ RunTime:0.0010s ]
SQL: SELECT `id`,`catename`,`type` FROM `cate` WHERE ( parentid=22 )  [ RunTime:0.0010s ]
SQL: SELECT `id`,`catename`,`type` FROM `cate` WHERE ( parentid=27 )  [ RunTime:0.0020s ]
SQL: SELECT `id`,`catename`,`type` FROM `cate` WHERE ( parentid=33 )  [ RunTime:0.0010s ]
SQL: SELECT `id`,`catename`,`type` FROM `cate` WHERE ( parentid=38 )  [ RunTime:0.0010s ]
SQL: SELECT `id`,`catename`,`type` FROM `cate` WHERE ( parentid=42 )  [ RunTime:0.0020s ]
SQL: SELECT `id`,`catename`,`type` FROM `cate` WHERE ( parentid=48 )  [ RunTime:0.0000s ]
SQL: SELECT `id`,`catename`,`type` FROM `cate` WHERE ( parentid=53 )  [ RunTime:0.0000s ]
INFO: [ view_parse ] --START--
INFO: [ template_filter ] --START--
INFO: Run Behavior\ContentReplaceBehavior [ RunTime:0.001000s ]
INFO: [ template_filter ] --END-- [ RunTime:0.002000s ]
INFO: Run Behavior\ParseTemplateBehavior [ RunTime:0.037000s ]
INFO: [ view_parse ] --END-- [ RunTime:0.038000s ]
INFO: [ view_filter ] --START--
INFO: Run Behavior\WriteHtmlCacheBehavior [ RunTime:0.000000s ]
INFO: [ view_filter ] --END-- [ RunTime:0.001000s ]
INFO: [ app_end ] --START--
INFO: Run Behavior\ShowPageTraceBehavior [ RunTime:0.001000s ]
INFO: [ app_end ] --END-- [ RunTime:0.002000s ]

[ 2017-05-16T16:08:02+08:00 ] 127.0.0.1 /meng/
INFO: [ app_init ] --START--
INFO: Run Behavior\BuildLiteBehavior [ RunTime:0.000000s ]
INFO: [ app_init ] --END-- [ RunTime:0.001000s ]
INFO: [ app_begin ] --START--
INFO: Run Behavior\ReadHtmlCacheBehavior [ RunTime:0.001000s ]
INFO: [ app_begin ] --END-- [ RunTime:0.001000s ]
SQL: SHOW COLUMNS FROM `cate` [ RunTime:0.0030s ]
SQL: SELECT `id`,`catename`,`type` FROM `cate` WHERE `nav_show` = 1  [ RunTime:0.0010s ]
SQL: SELECT `id`,`catename`,`type` FROM `cate` WHERE ( parentid=1 )  [ RunTime:0.0000s ]
SQL: SELECT `id`,`catename`,`type` FROM `cate` WHERE ( parentid=12 )  [ RunTime:0.0010s ]
SQL: SELECT `id`,`catename`,`type` FROM `cate` WHERE ( parentid=17 )  [ RunTime:0.0010s ]
SQL: SELECT `id`,`catename`,`type` FROM `cate` WHERE ( parentid=22 )  [ RunTime:0.0010s ]
SQL: SELECT `id`,`catename`,`type` FROM `cate` WHERE ( parentid=27 )  [ RunTime:0.0010s ]
SQL: SELECT `id`,`catename`,`type` FROM `cate` WHERE ( parentid=33 )  [ RunTime:0.0000s ]
SQL: SELECT `id`,`catename`,`type` FROM `cate` WHERE ( parentid=38 )  [ RunTime:0.0010s ]
SQL: SELECT `id`,`catename`,`type` FROM `cate` WHERE ( parentid=42 )  [ RunTime:0.0000s ]
SQL: SELECT `id`,`catename`,`type` FROM `cate` WHERE ( parentid=48 )  [ RunTime:0.0000s ]
SQL: SELECT `id`,`catename`,`type` FROM `cate` WHERE ( parentid=53 )  [ RunTime:0.0000s ]
INFO: [ view_parse ] --START--
INFO: [ template_filter ] --START--
INFO: Run Behavior\ContentReplaceBehavior [ RunTime:0.000000s ]
INFO: [ template_filter ] --END-- [ RunTime:0.000000s ]
INFO: Run Behavior\ParseTemplateBehavior [ RunTime:0.022000s ]
INFO: [ view_parse ] --END-- [ RunTime:0.022000s ]
INFO: [ view_filter ] --START--
INFO: Run Behavior\WriteHtmlCacheBehavior [ RunTime:0.000000s ]
INFO: [ view_filter ] --END-- [ RunTime:0.000000s ]
INFO: [ app_end ] --START--
INFO: Run Behavior\ShowPageTraceBehavior [ RunTime:0.001000s ]
INFO: [ app_end ] --END-- [ RunTime:0.001000s ]

[ 2017-05-16T16:08:20+08:00 ] 127.0.0.1 /meng/
INFO: [ app_init ] --START--
INFO: Run Behavior\BuildLiteBehavior [ RunTime:0.000000s ]
INFO: [ app_init ] --END-- [ RunTime:0.001000s ]
INFO: [ app_begin ] --START--
INFO: Run Behavior\ReadHtmlCacheBehavior [ RunTime:0.000000s ]
INFO: [ app_begin ] --END-- [ RunTime:0.000000s ]
SQL: SHOW COLUMNS FROM `cate` [ RunTime:0.0010s ]
SQL: SELECT `id`,`catename`,`type` FROM `cate` WHERE `nav_show` = 1  [ RunTime:0.0010s ]
SQL: SELECT `id`,`catename`,`type` FROM `cate` WHERE ( parentid=1 )  [ RunTime:0.0000s ]
SQL: SELECT `id`,`catename`,`type` FROM `cate` WHERE ( parentid=12 )  [ RunTime:0.0000s ]
SQL: SELECT `id`,`catename`,`type` FROM `cate` WHERE ( parentid=17 )  [ RunTime:0.0000s ]
SQL: SELECT `id`,`catename`,`type` FROM `cate` WHERE ( parentid=22 )  [ RunTime:0.0000s ]
SQL: SELECT `id`,`catename`,`type` FROM `cate` WHERE ( parentid=27 )  [ RunTime:0.0010s ]
SQL: SELECT `id`,`catename`,`type` FROM `cate` WHERE ( parentid=33 )  [ RunTime:0.0010s ]
SQL: SELECT `id`,`catename`,`type` FROM `cate` WHERE ( parentid=38 )  [ RunTime:0.0010s ]
SQL: SELECT `id`,`catename`,`type` FROM `cate` WHERE ( parentid=42 )  [ RunTime:0.0000s ]
SQL: SELECT `id`,`catename`,`type` FROM `cate` WHERE ( parentid=48 )  [ RunTime:0.0000s ]
SQL: SELECT `id`,`catename`,`type` FROM `cate` WHERE ( parentid=53 )  [ RunTime:0.0000s ]
INFO: [ view_parse ] --START--
INFO: [ template_filter ] --START--
INFO: Run Behavior\ContentReplaceBehavior [ RunTime:0.000000s ]
INFO: [ template_filter ] --END-- [ RunTime:0.000000s ]
INFO: Run Behavior\ParseTemplateBehavior [ RunTime:0.022000s ]
INFO: [ view_parse ] --END-- [ RunTime:0.023000s ]
INFO: [ view_filter ] --START--
INFO: Run Behavior\WriteHtmlCacheBehavior [ RunTime:0.000000s ]
INFO: [ view_filter ] --END-- [ RunTime:0.000000s ]
INFO: [ app_end ] --START--
INFO: Run Behavior\ShowPageTraceBehavior [ RunTime:0.001000s ]
INFO: [ app_end ] --END-- [ RunTime:0.001000s ]

[ 2017-05-16T16:09:00+08:00 ] 127.0.0.1 /meng/
INFO: [ app_init ] --START--
INFO: Run Behavior\BuildLiteBehavior [ RunTime:0.000000s ]
INFO: [ app_init ] --END-- [ RunTime:0.001000s ]
INFO: [ app_begin ] --START--
INFO: Run Behavior\ReadHtmlCacheBehavior [ RunTime:0.000000s ]
INFO: [ app_begin ] --END-- [ RunTime:0.001000s ]
SQL: SHOW COLUMNS FROM `cate` [ RunTime:0.0010s ]
SQL: SELECT `id`,`catename`,`type` FROM `cate` WHERE `nav_show` = 1  [ RunTime:0.0000s ]
SQL: SELECT `id`,`catename`,`type` FROM `cate` WHERE ( parentid=1 )  [ RunTime:0.0010s ]
SQL: SELECT `id`,`catename`,`type` FROM `cate` WHERE ( parentid=12 )  [ RunTime:0.0010s ]
SQL: SELECT `id`,`catename`,`type` FROM `cate` WHERE ( parentid=17 )  [ RunTime:0.0000s ]
SQL: SELECT `id`,`catename`,`type` FROM `cate` WHERE ( parentid=22 )  [ RunTime:0.0010s ]
SQL: SELECT `id`,`catename`,`type` FROM `cate` WHERE ( parentid=27 )  [ RunTime:0.0010s ]
SQL: SELECT `id`,`catename`,`type` FROM `cate` WHERE ( parentid=33 )  [ RunTime:0.0000s ]
SQL: SELECT `id`,`catename`,`type` FROM `cate` WHERE ( parentid=38 )  [ RunTime:0.0010s ]
SQL: SELECT `id`,`catename`,`type` FROM `cate` WHERE ( parentid=42 )  [ RunTime:0.0010s ]
SQL: SELECT `id`,`catename`,`type` FROM `cate` WHERE ( parentid=48 )  [ RunTime:0.0010s ]
SQL: SELECT `id`,`catename`,`type` FROM `cate` WHERE ( parentid=53 )  [ RunTime:0.0010s ]
INFO: [ view_parse ] --START--
INFO: [ template_filter ] --START--
INFO: Run Behavior\ContentReplaceBehavior [ RunTime:0.001000s ]
INFO: [ template_filter ] --END-- [ RunTime:0.002000s ]
INFO: Run Behavior\ParseTemplateBehavior [ RunTime:0.036000s ]
INFO: [ view_parse ] --END-- [ RunTime:0.036000s ]
INFO: [ view_filter ] --START--
INFO: Run Behavior\WriteHtmlCacheBehavior [ RunTime:0.001000s ]
INFO: [ view_filter ] --END-- [ RunTime:0.001000s ]
INFO: [ app_end ] --START--
INFO: Run Behavior\ShowPageTraceBehavior [ RunTime:0.005000s ]
INFO: [ app_end ] --END-- [ RunTime:0.005000s ]

[ 2017-05-16T16:09:09+08:00 ] 127.0.0.1 /meng/
INFO: [ app_init ] --START--
INFO: Run Behavior\BuildLiteBehavior [ RunTime:0.000000s ]
INFO: [ app_init ] --END-- [ RunTime:0.001000s ]
INFO: [ app_begin ] --START--
INFO: Run Behavior\ReadHtmlCacheBehavior [ RunTime:0.001000s ]
INFO: [ app_begin ] --END-- [ RunTime:0.001000s ]
SQL: SHOW COLUMNS FROM `cate` [ RunTime:0.0000s ]
SQL: SELECT `id`,`catename`,`type` FROM `cate` WHERE `nav_show` = 1  [ RunTime:0.0000s ]
SQL: SELECT `id`,`catename`,`type` FROM `cate` WHERE ( parentid=1 )  [ RunTime:0.0000s ]
SQL: SELECT `id`,`catename`,`type` FROM `cate` WHERE ( parentid=12 )  [ RunTime:0.0010s ]
SQL: SELECT `id`,`catename`,`type` FROM `cate` WHERE ( parentid=17 )  [ RunTime:0.0000s ]
SQL: SELECT `id`,`catename`,`type` FROM `cate` WHERE ( parentid=22 )  [ RunTime:0.0000s ]
SQL: SELECT `id`,`catename`,`type` FROM `cate` WHERE ( parentid=27 )  [ RunTime:0.0010s ]
SQL: SELECT `id`,`catename`,`type` FROM `cate` WHERE ( parentid=33 )  [ RunTime:0.0000s ]
SQL: SELECT `id`,`catename`,`type` FROM `cate` WHERE ( parentid=38 )  [ RunTime:0.0000s ]
SQL: SELECT `id`,`catename`,`type` FROM `cate` WHERE ( parentid=42 )  [ RunTime:0.0000s ]
SQL: SELECT `id`,`catename`,`type` FROM `cate` WHERE ( parentid=48 )  [ RunTime:0.0000s ]
SQL: SELECT `id`,`catename`,`type` FROM `cate` WHERE ( parentid=53 )  [ RunTime:0.0000s ]
INFO: [ view_parse ] --START--
INFO: [ template_filter ] --START--
INFO: Run Behavior\ContentReplaceBehavior [ RunTime:0.000000s ]
INFO: [ template_filter ] --END-- [ RunTime:0.000000s ]
INFO: Run Behavior\ParseTemplateBehavior [ RunTime:0.039000s ]
INFO: [ view_parse ] --END-- [ RunTime:0.039000s ]
INFO: [ view_filter ] --START--
INFO: Run Behavior\WriteHtmlCacheBehavior [ RunTime:0.000000s ]
INFO: [ view_filter ] --END-- [ RunTime:0.000000s ]
INFO: [ app_end ] --START--
INFO: Run Behavior\ShowPageTraceBehavior [ RunTime:0.002000s ]
INFO: [ app_end ] --END-- [ RunTime:0.002000s ]

[ 2017-05-16T16:09:23+08:00 ] 127.0.0.1 /meng/
INFO: [ app_init ] --START--
INFO: Run Behavior\BuildLiteBehavior [ RunTime:0.000000s ]
INFO: [ app_init ] --END-- [ RunTime:0.001000s ]
INFO: [ app_begin ] --START--
INFO: Run Behavior\ReadHtmlCacheBehavior [ RunTime:0.002000s ]
INFO: [ app_begin ] --END-- [ RunTime:0.002000s ]
SQL: SHOW COLUMNS FROM `cate` [ RunTime:0.0010s ]
SQL: SELECT `id`,`catename`,`type` FROM `cate` WHERE `nav_show` = 1  [ RunTime:0.0040s ]
SQL: SELECT `id`,`catename`,`type` FROM `cate` WHERE ( parentid=1 )  [ RunTime:0.0020s ]
SQL: SELECT `id`,`catename`,`type` FROM `cate` WHERE ( parentid=12 )  [ RunTime:0.0010s ]
SQL: SELECT `id`,`catename`,`type` FROM `cate` WHERE ( parentid=17 )  [ RunTime:0.0010s ]
SQL: SELECT `id`,`catename`,`type` FROM `cate` WHERE ( parentid=22 )  [ RunTime:0.0010s ]
SQL: SELECT `id`,`catename`,`type` FROM `cate` WHERE ( parentid=27 )  [ RunTime:0.0000s ]
SQL: SELECT `id`,`catename`,`type` FROM `cate` WHERE ( parentid=33 )  [ RunTime:0.0010s ]
SQL: SELECT `id`,`catename`,`type` FROM `cate` WHERE ( parentid=38 )  [ RunTime:0.0000s ]
SQL: SELECT `id`,`catename`,`type` FROM `cate` WHERE ( parentid=42 )  [ RunTime:0.0000s ]
SQL: SELECT `id`,`catename`,`type` FROM `cate` WHERE ( parentid=48 )  [ RunTime:0.0000s ]
SQL: SELECT `id`,`catename`,`type` FROM `cate` WHERE ( parentid=53 )  [ RunTime:0.0000s ]
INFO: [ view_parse ] --START--
INFO: [ template_filter ] --START--
INFO: Run Behavior\ContentReplaceBehavior [ RunTime:0.000000s ]
INFO: [ template_filter ] --END-- [ RunTime:0.002000s ]
INFO: Run Behavior\ParseTemplateBehavior [ RunTime:0.030000s ]
INFO: [ view_parse ] --END-- [ RunTime:0.030000s ]
INFO: [ view_filter ] --START--
INFO: Run Behavior\WriteHtmlCacheBehavior [ RunTime:0.001000s ]
INFO: [ view_filter ] --END-- [ RunTime:0.001000s ]
INFO: [ app_end ] --START--
INFO: Run Behavior\ShowPageTraceBehavior [ RunTime:0.000000s ]
INFO: [ app_end ] --END-- [ RunTime:0.000000s ]

