[ 2017-06-05T09:42:55+08:00 ] 127.0.0.1 /myblog/5
INFO: [ app_init ] --START--
INFO: Run Behavior\BuildLiteBehavior [ RunTime:0.000000s ]
INFO: [ app_init ] --END-- [ RunTime:0.001000s ]
ERR: 无法加载模块:5

[ 2017-06-05T09:45:56+08:00 ] 127.0.0.1 /myblog/5
INFO: [ app_init ] --START--
INFO: Run Behavior\BuildLiteBehavior [ RunTime:0.001000s ]
INFO: [ app_init ] --END-- [ RunTime:0.001000s ]
ERR: 无法加载模块:5

[ 2017-06-05T09:45:57+08:00 ] 127.0.0.1 /myblog/5
INFO: [ app_init ] --START--
INFO: Run Behavior\BuildLiteBehavior [ RunTime:0.000000s ]
INFO: [ app_init ] --END-- [ RunTime:0.001000s ]
ERR: 无法加载模块:5

[ 2017-06-05T09:46:00+08:00 ] 127.0.0.1 /myblog/g
INFO: [ app_init ] --START--
INFO: Run Behavior\BuildLiteBehavior [ RunTime:0.000000s ]
INFO: [ app_init ] --END-- [ RunTime:0.001000s ]
ERR: 无法加载模块:G

[ 2017-06-05T09:46:18+08:00 ] 127.0.0.1 /myblog/g
INFO: [ app_init ] --START--
INFO: Run Behavior\BuildLiteBehavior [ RunTime:0.000000s ]
INFO: [ app_init ] --END-- [ RunTime:0.001000s ]
ERR: 无法加载模块:G

[ 2017-06-05T09:46:19+08:00 ] 127.0.0.1 /myblog/g
INFO: [ app_init ] --START--
INFO: Run Behavior\BuildLiteBehavior [ RunTime:0.000000s ]
INFO: [ app_init ] --END-- [ RunTime:0.001000s ]
ERR: 无法加载模块:G

[ 2017-06-05T09:46:19+08:00 ] 127.0.0.1 /myblog/g
INFO: [ app_init ] --START--
INFO: Run Behavior\BuildLiteBehavior [ RunTime:0.000000s ]
INFO: [ app_init ] --END-- [ RunTime:0.000000s ]
ERR: 无法加载模块:G

[ 2017-06-05T09:46:19+08:00 ] 127.0.0.1 /myblog/g
INFO: [ app_init ] --START--
INFO: Run Behavior\BuildLiteBehavior [ RunTime:0.001000s ]
INFO: [ app_init ] --END-- [ RunTime:0.001000s ]
ERR: 无法加载模块:G

[ 2017-06-05T09:46:20+08:00 ] 127.0.0.1 /myblog/g
INFO: [ app_init ] --START--
INFO: Run Behavior\BuildLiteBehavior [ RunTime:0.000000s ]
INFO: [ app_init ] --END-- [ RunTime:0.001000s ]
ERR: 无法加载模块:G

[ 2017-06-05T09:46:21+08:00 ] 127.0.0.1 /myblog/g
INFO: [ app_init ] --START--
INFO: Run Behavior\BuildLiteBehavior [ RunTime:0.000000s ]
INFO: [ app_init ] --END-- [ RunTime:0.001000s ]
ERR: 无法加载模块:G

[ 2017-06-05T09:48:29+08:00 ] 127.0.0.1 /myblog/Homeg/Article/index/cateid/8/artid/8/d
INFO: [ app_init ] --START--
INFO: Run Behavior\BuildLiteBehavior [ RunTime:0.000000s ]
INFO: [ app_init ] --END-- [ RunTime:0.001000s ]
ERR: 无法加载模块:Homeg

[ 2017-06-05T09:48:38+08:00 ] 127.0.0.1 /myblog/Homeg/Article/index/cateid/8/artid/8/d
INFO: [ app_init ] --START--
INFO: Run Behavior\BuildLiteBehavior [ RunTime:0.000000s ]
INFO: [ app_init ] --END-- [ RunTime:0.001000s ]
ERR: 无法加载模块:Homeg

[ 2017-06-05T09:48:39+08:00 ] 127.0.0.1 /myblog/Homeg/Article/index/cateid/8/artid/8/d
INFO: [ app_init ] --START--
INFO: Run Behavior\BuildLiteBehavior [ RunTime:0.000000s ]
INFO: [ app_init ] --END-- [ RunTime:0.001000s ]
ERR: 无法加载模块:Homeg

[ 2017-06-05T09:48:39+08:00 ] 127.0.0.1 /myblog/Homeg/Article/index/cateid/8/artid/8/d
INFO: [ app_init ] --START--
INFO: Run Behavior\BuildLiteBehavior [ RunTime:0.000000s ]
INFO: [ app_init ] --END-- [ RunTime:0.001000s ]
ERR: 无法加载模块:Homeg

[ 2017-06-05T09:48:39+08:00 ] 127.0.0.1 /myblog/Homeg/Article/index/cateid/8/artid/8/d
INFO: [ app_init ] --START--
INFO: Run Behavior\BuildLiteBehavior [ RunTime:0.000000s ]
INFO: [ app_init ] --END-- [ RunTime:0.001000s ]
ERR: 无法加载模块:Homeg

[ 2017-06-05T09:48:39+08:00 ] 127.0.0.1 /myblog/Homeg/Article/index/cateid/8/artid/8/d
INFO: [ app_init ] --START--
INFO: Run Behavior\BuildLiteBehavior [ RunTime:0.000000s ]
INFO: [ app_init ] --END-- [ RunTime:0.001000s ]
ERR: 无法加载模块:Homeg

[ 2017-06-05T09:48:40+08:00 ] 127.0.0.1 /myblog/Homeg/Article/index/cateid/8/artid/8/d
INFO: [ app_init ] --START--
INFO: Run Behavior\BuildLiteBehavior [ RunTime:0.000000s ]
INFO: [ app_init ] --END-- [ RunTime:0.001000s ]
ERR: 无法加载模块:Homeg

[ 2017-06-05T09:48:40+08:00 ] 127.0.0.1 /myblog/Homeg/Article/index/cateid/8/artid/8/d
INFO: [ app_init ] --START--
INFO: Run Behavior\BuildLiteBehavior [ RunTime:0.000000s ]
INFO: [ app_init ] --END-- [ RunTime:0.002000s ]
ERR: 无法加载模块:Homeg

[ 2017-06-05T09:48:46+08:00 ] 127.0.0.1 /myblog/Homeg/Article/index/cateid/8/artid/8/d
INFO: [ app_init ] --START--
INFO: Run Behavior\BuildLiteBehavior [ RunTime:0.000000s ]
INFO: [ app_init ] --END-- [ RunTime:0.000000s ]
ERR: 无法加载模块:Homeg

[ 2017-06-05T09:48:46+08:00 ] 127.0.0.1 /myblog/Homeg/Article/index/cateid/8/artid/8/d
INFO: [ app_init ] --START--
INFO: Run Behavior\BuildLiteBehavior [ RunTime:0.000000s ]
INFO: [ app_init ] --END-- [ RunTime:0.001000s ]
ERR: 无法加载模块:Homeg

[ 2017-06-05T09:48:47+08:00 ] 127.0.0.1 /myblog/Homeg/Article/index/cateid/8/artid/8/d
INFO: [ app_init ] --START--
INFO: Run Behavior\BuildLiteBehavior [ RunTime:0.000000s ]
INFO: [ app_init ] --END-- [ RunTime:0.001000s ]
ERR: 无法加载模块:Homeg

[ 2017-06-05T09:48:47+08:00 ] 127.0.0.1 /myblog/Homeg/Article/index/cateid/8/artid/8/d
INFO: [ app_init ] --START--
INFO: Run Behavior\BuildLiteBehavior [ RunTime:0.000000s ]
INFO: [ app_init ] --END-- [ RunTime:0.001000s ]
ERR: 无法加载模块:Homeg

[ 2017-06-05T09:48:47+08:00 ] 127.0.0.1 /myblog/Homeg/Article/index/cateid/8/artid/8/d
INFO: [ app_init ] --START--
INFO: Run Behavior\BuildLiteBehavior [ RunTime:0.000000s ]
INFO: [ app_init ] --END-- [ RunTime:0.001000s ]
ERR: 无法加载模块:Homeg

[ 2017-06-05T12:00:32+08:00 ] 127.0.0.1 /myblog/Home32/Article/index/cateid/8/artid/2
INFO: [ app_init ] --START--
INFO: Run Behavior\BuildLiteBehavior [ RunTime:0.000000s ]
INFO: [ app_init ] --END-- [ RunTime:0.000000s ]

[ 2017-06-05T12:24:46+08:00 ] 127.0.0.1 /myblog/Homeu/Article/index/cateid/8/artid/2
INFO: [ app_init ] --START--
INFO: Run Behavior\BuildLiteBehavior [ RunTime:0.000000s ]
INFO: [ app_init ] --END-- [ RunTime:0.000000s ]

[ 2017-06-05T12:28:25+08:00 ] 127.0.0.1 /myblog/Homed/Article/index/cateid/8/artid/2
INFO: [ app_init ] --START--
INFO: Run Behavior\BuildLiteBehavior [ RunTime:0.001000s ]
INFO: [ app_init ] --END-- [ RunTime:0.001000s ]

[ 2017-06-05T12:30:08+08:00 ] 127.0.0.1 /myblog/Hofme/Article/index/cateid/8/artid/2
INFO: [ app_init ] --START--
INFO: Run Behavior\BuildLiteBehavior [ RunTime:0.000000s ]
INFO: [ app_init ] --END-- [ RunTime:0.000000s ]

[ 2017-06-05T14:13:41+08:00 ] 127.0.0.1 /myblog/Homde/Article/index/cateid/8/artid/2
INFO: [ app_init ] --START--
INFO: Run Behavior\BuildLiteBehavior [ RunTime:0.000000s ]
INFO: [ app_init ] --END-- [ RunTime:0.001000s ]

[ 2017-06-05T14:17:42+08:00 ] 127.0.0.1 /myblog/Hodme/Article/index/cateid/8/artid/7
INFO: [ app_init ] --START--
INFO: Run Behavior\BuildLiteBehavior [ RunTime:0.000000s ]
INFO: [ app_init ] --END-- [ RunTime:0.001000s ]

