[ 2017-05-15T09:21:31+08:00 ] 127.0.0.1 /meng/admin
INFO: [ app_init ] --START--
INFO: Run Behavior\BuildLiteBehavior [ RunTime:0.000000s ]
INFO: [ app_init ] --END-- [ RunTime:0.003000s ]
INFO: [ app_begin ] --START--
INFO: Run Behavior\ReadHtmlCacheBehavior [ RunTime:0.001000s ]
INFO: [ app_begin ] --END-- [ RunTime:0.001000s ]
INFO: [ view_parse ] --START--
INFO: [ template_filter ] --START--
INFO: Run Behavior\ContentReplaceBehavior [ RunTime:0.002000s ]
INFO: [ template_filter ] --END-- [ RunTime:0.002000s ]
INFO: Run Behavior\ParseTemplateBehavior [ RunTime:0.012000s ]
INFO: [ view_parse ] --END-- [ RunTime:0.012000s ]
INFO: [ view_filter ] --START--
INFO: Run Behavior\WriteHtmlCacheBehavior [ RunTime:0.001000s ]
INFO: [ view_filter ] --END-- [ RunTime:0.001000s ]

[ 2017-05-15T09:21:34+08:00 ] 127.0.0.1 /meng/index.php/Admin/Login/index.html
INFO: [ app_init ] --START--
INFO: Run Behavior\BuildLiteBehavior [ RunTime:0.000000s ]
INFO: [ app_init ] --END-- [ RunTime:0.001000s ]
INFO: [ app_begin ] --START--
INFO: Run Behavior\ReadHtmlCacheBehavior [ RunTime:0.002000s ]
INFO: [ app_begin ] --END-- [ RunTime:0.002000s ]
INFO: [ view_parse ] --START--
INFO: [ template_filter ] --START--
INFO: Run Behavior\ContentReplaceBehavior [ RunTime:0.000000s ]
INFO: [ template_filter ] --END-- [ RunTime:0.000000s ]
INFO: Run Behavior\ParseTemplateBehavior [ RunTime:0.009000s ]
INFO: [ view_parse ] --END-- [ RunTime:0.009000s ]
INFO: [ view_filter ] --START--
INFO: Run Behavior\WriteHtmlCacheBehavior [ RunTime:0.000000s ]
INFO: [ view_filter ] --END-- [ RunTime:0.001000s ]
INFO: [ app_end ] --START--
INFO: Run Behavior\ShowPageTraceBehavior [ RunTime:0.002000s ]
INFO: [ app_end ] --END-- [ RunTime:0.002000s ]

[ 2017-05-15T09:21:34+08:00 ] 127.0.0.1 /meng/index.php/Admin/Login/index/pro/%E6%B9%96%E5%8C%97?city=%E6%AD%A6%E6%B1%89
INFO: [ app_init ] --START--
INFO: Run Behavior\BuildLiteBehavior [ RunTime:0.000000s ]
INFO: [ app_init ] --END-- [ RunTime:0.001000s ]
INFO: [ app_begin ] --START--
INFO: Run Behavior\ReadHtmlCacheBehavior [ RunTime:0.001000s ]
INFO: [ app_begin ] --END-- [ RunTime:0.001000s ]
INFO: [ view_parse ] --START--
INFO: [ template_filter ] --START--
INFO: Run Behavior\ContentReplaceBehavior [ RunTime:0.000000s ]
INFO: [ template_filter ] --END-- [ RunTime:0.000000s ]
INFO: Run Behavior\ParseTemplateBehavior [ RunTime:0.006000s ]
INFO: [ view_parse ] --END-- [ RunTime:0.006000s ]
INFO: [ view_filter ] --START--
INFO: Run Behavior\WriteHtmlCacheBehavior [ RunTime:0.000000s ]
INFO: [ view_filter ] --END-- [ RunTime:0.001000s ]
INFO: [ app_end ] --START--
INFO: Run Behavior\ShowPageTraceBehavior [ RunTime:0.000000s ]
INFO: [ app_end ] --END-- [ RunTime:0.000000s ]

[ 2017-05-15T09:21:41+08:00 ] 127.0.0.1 /meng/index.php/Admin/Login/index.html
INFO: [ app_init ] --START--
INFO: Run Behavior\BuildLiteBehavior [ RunTime:0.000000s ]
INFO: [ app_init ] --END-- [ RunTime:0.001000s ]
INFO: [ app_begin ] --START--
INFO: Run Behavior\ReadHtmlCacheBehavior [ RunTime:0.001000s ]
INFO: [ app_begin ] --END-- [ RunTime:0.001000s ]
SQL: SHOW COLUMNS FROM `user` [ RunTime:0.0140s ]
SQL: SELECT * FROM `user` WHERE `username` = 'admin' LIMIT 1   [ RunTime:0.0050s ]
SQL: SHOW COLUMNS FROM `role` [ RunTime:0.0030s ]
SQL: SHOW COLUMNS FROM `privilege` [ RunTime:0.0040s ]
SQL: SELECT * FROM `privilege`  [ RunTime:0.0010s ]
SQL: SELECT * FROM `role` WHERE `id` = 1 LIMIT 1   [ RunTime:0.0010s ]
SQL: SELECT * FROM `privilege` WHERE ( parentid=0 )  [ RunTime:0.0000s ]
SQL: SELECT * FROM `privilege` WHERE ( parentid=1 )  [ RunTime:0.0000s ]
SQL: SELECT * FROM `privilege` WHERE ( parentid=8 )  [ RunTime:0.0010s ]
SQL: SELECT * FROM `privilege` WHERE ( parentid=12 )  [ RunTime:0.0010s ]
SQL: SELECT * FROM `privilege` WHERE ( parentid=13 )  [ RunTime:0.0000s ]
SQL: SELECT * FROM `privilege` WHERE ( parentid=14 )  [ RunTime:0.0010s ]
SQL: SELECT * FROM `privilege` WHERE ( parentid=18 )  [ RunTime:0.0010s ]
SQL: SHOW COLUMNS FROM `login_log` [ RunTime:0.0050s ]
SQL: INSERT INTO `login_log` (`username`,`realname`,`head_pic`,`ip`,`address`,`time`) VALUES ('admin','小明','/Uploads/2017-05-06/590d7f00c5e92.jpg','127.0.0.1','湖北武汉','1494811301') [ RunTime:0.0030s ]
INFO: [ view_parse ] --START--
INFO: [ template_filter ] --START--
INFO: Run Behavior\ContentReplaceBehavior [ RunTime:0.000000s ]
INFO: [ template_filter ] --END-- [ RunTime:0.001000s ]
INFO: Run Behavior\ParseTemplateBehavior [ RunTime:0.016000s ]
INFO: [ view_parse ] --END-- [ RunTime:0.017000s ]
INFO: [ view_filter ] --START--
INFO: Run Behavior\WriteHtmlCacheBehavior [ RunTime:0.001000s ]
INFO: [ view_filter ] --END-- [ RunTime:0.001000s ]
INFO: [ app_end ] --START--
INFO: Run Behavior\ShowPageTraceBehavior [ RunTime:0.002000s ]
INFO: [ app_end ] --END-- [ RunTime:0.002000s ]

[ 2017-05-15T09:21:42+08:00 ] 127.0.0.1 /meng/index.php/Admin/Index/index.html
INFO: [ app_init ] --START--
INFO: Run Behavior\BuildLiteBehavior [ RunTime:0.000000s ]
INFO: [ app_init ] --END-- [ RunTime:0.001000s ]
INFO: [ app_begin ] --START--
INFO: Run Behavior\ReadHtmlCacheBehavior [ RunTime:0.001000s ]
INFO: [ app_begin ] --END-- [ RunTime:0.001000s ]
SQL: SHOW COLUMNS FROM `content_logo` [ RunTime:0.0030s ]
SQL: SELECT * FROM `content_logo` LIMIT 1   [ RunTime:0.0010s ]
SQL: SHOW COLUMNS FROM `article` [ RunTime:0.0040s ]
SQL: SELECT COUNT(*) AS tp_count FROM `article` WHERE ( rem=5 ) LIMIT 1   [ RunTime:0.0040s ]
SQL: SELECT a.*,b.catename catename FROM article a LEFT JOIN cate b ON a.cateid=b.id  WHERE ( rem=5 ) ORDER BY a.id desc LIMIT 0,8   [ RunTime:0.0050s ]
SQL: SHOW COLUMNS FROM `cate` [ RunTime:0.0010s ]
SQL: SELECT * FROM `cate` ORDER BY sort asc  [ RunTime:0.0000s ]
INFO: [ view_parse ] --START--
INFO: [ template_filter ] --START--
INFO: Run Behavior\ContentReplaceBehavior [ RunTime:0.000000s ]
INFO: [ template_filter ] --END-- [ RunTime:0.000000s ]
NOTIC: [8] Undefined variable: Think D:\wamp\www\meng\Application\Runtime\Cache\Admin\b595b808c2ebeeeb0478ffc30bb4e87a.php 第 138 行.
NOTIC: [8] Undefined variable: Think D:\wamp\www\meng\Application\Runtime\Cache\Admin\b595b808c2ebeeeb0478ffc30bb4e87a.php 第 144 行.
NOTIC: [8] Undefined variable: Think D:\wamp\www\meng\Application\Runtime\Cache\Admin\b595b808c2ebeeeb0478ffc30bb4e87a.php 第 138 行.
NOTIC: [8] Undefined variable: Think D:\wamp\www\meng\Application\Runtime\Cache\Admin\b595b808c2ebeeeb0478ffc30bb4e87a.php 第 144 行.
NOTIC: [8] Undefined variable: Think D:\wamp\www\meng\Application\Runtime\Cache\Admin\b595b808c2ebeeeb0478ffc30bb4e87a.php 第 138 行.
NOTIC: [8] Undefined variable: Think D:\wamp\www\meng\Application\Runtime\Cache\Admin\b595b808c2ebeeeb0478ffc30bb4e87a.php 第 144 行.
NOTIC: [8] Undefined variable: Think D:\wamp\www\meng\Application\Runtime\Cache\Admin\b595b808c2ebeeeb0478ffc30bb4e87a.php 第 138 行.
NOTIC: [8] Undefined variable: Think D:\wamp\www\meng\Application\Runtime\Cache\Admin\b595b808c2ebeeeb0478ffc30bb4e87a.php 第 144 行.
NOTIC: [8] Undefined variable: Think D:\wamp\www\meng\Application\Runtime\Cache\Admin\b595b808c2ebeeeb0478ffc30bb4e87a.php 第 138 行.
NOTIC: [8] Undefined variable: Think D:\wamp\www\meng\Application\Runtime\Cache\Admin\b595b808c2ebeeeb0478ffc30bb4e87a.php 第 144 行.
NOTIC: [8] Undefined variable: Think D:\wamp\www\meng\Application\Runtime\Cache\Admin\b595b808c2ebeeeb0478ffc30bb4e87a.php 第 138 行.
NOTIC: [8] Undefined variable: Think D:\wamp\www\meng\Application\Runtime\Cache\Admin\b595b808c2ebeeeb0478ffc30bb4e87a.php 第 144 行.
NOTIC: [8] Undefined variable: Think D:\wamp\www\meng\Application\Runtime\Cache\Admin\b595b808c2ebeeeb0478ffc30bb4e87a.php 第 153 行.
NOTIC: [8] Undefined variable: Think D:\wamp\www\meng\Application\Runtime\Cache\Admin\b595b808c2ebeeeb0478ffc30bb4e87a.php 第 163 行.
NOTIC: [8] Undefined variable: Think D:\wamp\www\meng\Application\Runtime\Cache\Admin\b595b808c2ebeeeb0478ffc30bb4e87a.php 第 169 行.
NOTIC: [8] Undefined variable: Think D:\wamp\www\meng\Application\Runtime\Cache\Admin\b595b808c2ebeeeb0478ffc30bb4e87a.php 第 177 行.
NOTIC: [8] Undefined variable: Think D:\wamp\www\meng\Application\Runtime\Cache\Admin\b595b808c2ebeeeb0478ffc30bb4e87a.php 第 183 行.
NOTIC: [8] Undefined variable: Think D:\wamp\www\meng\Application\Runtime\Cache\Admin\b595b808c2ebeeeb0478ffc30bb4e87a.php 第 188 行.
NOTIC: [8] Undefined variable: Think D:\wamp\www\meng\Application\Runtime\Cache\Admin\b595b808c2ebeeeb0478ffc30bb4e87a.php 第 188 行.
NOTIC: [8] Undefined variable: Think D:\wamp\www\meng\Application\Runtime\Cache\Admin\b595b808c2ebeeeb0478ffc30bb4e87a.php 第 188 行.
NOTIC: [8] Undefined variable: Think D:\wamp\www\meng\Application\Runtime\Cache\Admin\b595b808c2ebeeeb0478ffc30bb4e87a.php 第 194 行.
NOTIC: [8] Undefined variable: Think D:\wamp\www\meng\Application\Runtime\Cache\Admin\b595b808c2ebeeeb0478ffc30bb4e87a.php 第 194 行.
NOTIC: [8] Undefined variable: Think D:\wamp\www\meng\Application\Runtime\Cache\Admin\b595b808c2ebeeeb0478ffc30bb4e87a.php 第 194 行.
NOTIC: [8] Undefined variable: Think D:\wamp\www\meng\Application\Runtime\Cache\Admin\b595b808c2ebeeeb0478ffc30bb4e87a.php 第 201 行.
NOTIC: [8] Undefined variable: Think D:\wamp\www\meng\Application\Runtime\Cache\Admin\b595b808c2ebeeeb0478ffc30bb4e87a.php 第 207 行.
NOTIC: [8] Undefined variable: Think D:\wamp\www\meng\Application\Runtime\Cache\Admin\b595b808c2ebeeeb0478ffc30bb4e87a.php 第 213 行.
INFO: Run Behavior\ParseTemplateBehavior [ RunTime:0.032000s ]
INFO: [ view_parse ] --END-- [ RunTime:0.032000s ]
INFO: [ view_filter ] --START--
INFO: Run Behavior\WriteHtmlCacheBehavior [ RunTime:0.001000s ]
INFO: [ view_filter ] --END-- [ RunTime:0.001000s ]
INFO: [ app_end ] --START--
INFO: Run Behavior\ShowPageTraceBehavior [ RunTime:0.001000s ]
INFO: [ app_end ] --END-- [ RunTime:0.001000s ]

[ 2017-05-15T09:26:17+08:00 ] 127.0.0.1 /meng/index.php/Admin/System/index.html
INFO: [ app_init ] --START--
INFO: Run Behavior\BuildLiteBehavior [ RunTime:0.000000s ]
INFO: [ app_init ] --END-- [ RunTime:0.000000s ]
INFO: [ app_begin ] --START--
INFO: Run Behavior\ReadHtmlCacheBehavior [ RunTime:0.001000s ]
INFO: [ app_begin ] --END-- [ RunTime:0.001000s ]
INFO: [ view_parse ] --START--
INFO: [ template_filter ] --START--
INFO: Run Behavior\ContentReplaceBehavior [ RunTime:0.000000s ]
INFO: [ template_filter ] --END-- [ RunTime:0.000000s ]
NOTIC: [8] Undefined variable: Think D:\wamp\www\meng\Application\Runtime\Cache\Admin\2c2c98dfae62b20ffdb7278df0486bd4.php 第 130 行.
NOTIC: [8] Undefined variable: Think D:\wamp\www\meng\Application\Runtime\Cache\Admin\2c2c98dfae62b20ffdb7278df0486bd4.php 第 136 行.
NOTIC: [8] Undefined variable: Think D:\wamp\www\meng\Application\Runtime\Cache\Admin\2c2c98dfae62b20ffdb7278df0486bd4.php 第 130 行.
NOTIC: [8] Undefined variable: Think D:\wamp\www\meng\Application\Runtime\Cache\Admin\2c2c98dfae62b20ffdb7278df0486bd4.php 第 136 行.
NOTIC: [8] Undefined variable: Think D:\wamp\www\meng\Application\Runtime\Cache\Admin\2c2c98dfae62b20ffdb7278df0486bd4.php 第 130 行.
NOTIC: [8] Undefined variable: Think D:\wamp\www\meng\Application\Runtime\Cache\Admin\2c2c98dfae62b20ffdb7278df0486bd4.php 第 136 行.
NOTIC: [8] Undefined variable: Think D:\wamp\www\meng\Application\Runtime\Cache\Admin\2c2c98dfae62b20ffdb7278df0486bd4.php 第 130 行.
NOTIC: [8] Undefined variable: Think D:\wamp\www\meng\Application\Runtime\Cache\Admin\2c2c98dfae62b20ffdb7278df0486bd4.php 第 136 行.
NOTIC: [8] Undefined variable: Think D:\wamp\www\meng\Application\Runtime\Cache\Admin\2c2c98dfae62b20ffdb7278df0486bd4.php 第 130 行.
NOTIC: [8] Undefined variable: Think D:\wamp\www\meng\Application\Runtime\Cache\Admin\2c2c98dfae62b20ffdb7278df0486bd4.php 第 136 行.
NOTIC: [8] Undefined variable: Think D:\wamp\www\meng\Application\Runtime\Cache\Admin\2c2c98dfae62b20ffdb7278df0486bd4.php 第 130 行.
NOTIC: [8] Undefined variable: Think D:\wamp\www\meng\Application\Runtime\Cache\Admin\2c2c98dfae62b20ffdb7278df0486bd4.php 第 136 行.
NOTIC: [8] Undefined variable: Think D:\wamp\www\meng\Application\Runtime\Cache\Admin\2c2c98dfae62b20ffdb7278df0486bd4.php 第 145 行.
NOTIC: [8] Undefined variable: Think D:\wamp\www\meng\Application\Runtime\Cache\Admin\2c2c98dfae62b20ffdb7278df0486bd4.php 第 155 行.
NOTIC: [8] Undefined variable: Think D:\wamp\www\meng\Application\Runtime\Cache\Admin\2c2c98dfae62b20ffdb7278df0486bd4.php 第 161 行.
NOTIC: [8] Undefined variable: Think D:\wamp\www\meng\Application\Runtime\Cache\Admin\2c2c98dfae62b20ffdb7278df0486bd4.php 第 169 行.
NOTIC: [8] Undefined variable: Think D:\wamp\www\meng\Application\Runtime\Cache\Admin\2c2c98dfae62b20ffdb7278df0486bd4.php 第 175 行.
NOTIC: [8] Undefined variable: Think D:\wamp\www\meng\Application\Runtime\Cache\Admin\2c2c98dfae62b20ffdb7278df0486bd4.php 第 180 行.
NOTIC: [8] Undefined variable: Think D:\wamp\www\meng\Application\Runtime\Cache\Admin\2c2c98dfae62b20ffdb7278df0486bd4.php 第 180 行.
NOTIC: [8] Undefined variable: Think D:\wamp\www\meng\Application\Runtime\Cache\Admin\2c2c98dfae62b20ffdb7278df0486bd4.php 第 180 行.
NOTIC: [8] Undefined variable: Think D:\wamp\www\meng\Application\Runtime\Cache\Admin\2c2c98dfae62b20ffdb7278df0486bd4.php 第 186 行.
NOTIC: [8] Undefined variable: Think D:\wamp\www\meng\Application\Runtime\Cache\Admin\2c2c98dfae62b20ffdb7278df0486bd4.php 第 186 行.
NOTIC: [8] Undefined variable: Think D:\wamp\www\meng\Application\Runtime\Cache\Admin\2c2c98dfae62b20ffdb7278df0486bd4.php 第 186 行.
NOTIC: [8] Undefined variable: Think D:\wamp\www\meng\Application\Runtime\Cache\Admin\2c2c98dfae62b20ffdb7278df0486bd4.php 第 193 行.
NOTIC: [8] Undefined variable: Think D:\wamp\www\meng\Application\Runtime\Cache\Admin\2c2c98dfae62b20ffdb7278df0486bd4.php 第 199 行.
NOTIC: [8] Undefined variable: Think D:\wamp\www\meng\Application\Runtime\Cache\Admin\2c2c98dfae62b20ffdb7278df0486bd4.php 第 205 行.
INFO: Run Behavior\ParseTemplateBehavior [ RunTime:0.019000s ]
INFO: [ view_parse ] --END-- [ RunTime:0.019000s ]
INFO: [ view_filter ] --START--
INFO: Run Behavior\WriteHtmlCacheBehavior [ RunTime:0.000000s ]
INFO: [ view_filter ] --END-- [ RunTime:0.000000s ]
INFO: [ app_end ] --START--
INFO: Run Behavior\ShowPageTraceBehavior [ RunTime:0.001000s ]
INFO: [ app_end ] --END-- [ RunTime:0.001000s ]

[ 2017-05-15T09:26:18+08:00 ] 127.0.0.1 /meng/index.php/Admin/Image/index.html
INFO: [ app_init ] --START--
INFO: Run Behavior\BuildLiteBehavior [ RunTime:0.000000s ]
INFO: [ app_init ] --END-- [ RunTime:0.001000s ]
INFO: [ app_begin ] --START--
INFO: Run Behavior\ReadHtmlCacheBehavior [ RunTime:0.001000s ]
INFO: [ app_begin ] --END-- [ RunTime:0.002000s ]
INFO: [ view_parse ] --START--
INFO: [ template_filter ] --START--
INFO: Run Behavior\ContentReplaceBehavior [ RunTime:0.001000s ]
INFO: [ template_filter ] --END-- [ RunTime:0.001000s ]
NOTIC: [8] Undefined variable: Think D:\wamp\www\meng\Application\Runtime\Cache\Admin\c35e948c4bd3179d6bbef81d1068c16b.php 第 123 行.
NOTIC: [8] Undefined variable: Think D:\wamp\www\meng\Application\Runtime\Cache\Admin\c35e948c4bd3179d6bbef81d1068c16b.php 第 129 行.
NOTIC: [8] Undefined variable: Think D:\wamp\www\meng\Application\Runtime\Cache\Admin\c35e948c4bd3179d6bbef81d1068c16b.php 第 123 行.
NOTIC: [8] Undefined variable: Think D:\wamp\www\meng\Application\Runtime\Cache\Admin\c35e948c4bd3179d6bbef81d1068c16b.php 第 129 行.
NOTIC: [8] Undefined variable: Think D:\wamp\www\meng\Application\Runtime\Cache\Admin\c35e948c4bd3179d6bbef81d1068c16b.php 第 123 行.
NOTIC: [8] Undefined variable: Think D:\wamp\www\meng\Application\Runtime\Cache\Admin\c35e948c4bd3179d6bbef81d1068c16b.php 第 129 行.
NOTIC: [8] Undefined variable: Think D:\wamp\www\meng\Application\Runtime\Cache\Admin\c35e948c4bd3179d6bbef81d1068c16b.php 第 123 行.
NOTIC: [8] Undefined variable: Think D:\wamp\www\meng\Application\Runtime\Cache\Admin\c35e948c4bd3179d6bbef81d1068c16b.php 第 129 行.
NOTIC: [8] Undefined variable: Think D:\wamp\www\meng\Application\Runtime\Cache\Admin\c35e948c4bd3179d6bbef81d1068c16b.php 第 123 行.
NOTIC: [8] Undefined variable: Think D:\wamp\www\meng\Application\Runtime\Cache\Admin\c35e948c4bd3179d6bbef81d1068c16b.php 第 129 行.
NOTIC: [8] Undefined variable: Think D:\wamp\www\meng\Application\Runtime\Cache\Admin\c35e948c4bd3179d6bbef81d1068c16b.php 第 123 行.
NOTIC: [8] Undefined variable: Think D:\wamp\www\meng\Application\Runtime\Cache\Admin\c35e948c4bd3179d6bbef81d1068c16b.php 第 129 行.
NOTIC: [8] Undefined variable: Think D:\wamp\www\meng\Application\Runtime\Cache\Admin\c35e948c4bd3179d6bbef81d1068c16b.php 第 138 行.
NOTIC: [8] Undefined variable: Think D:\wamp\www\meng\Application\Runtime\Cache\Admin\c35e948c4bd3179d6bbef81d1068c16b.php 第 148 行.
NOTIC: [8] Undefined variable: Think D:\wamp\www\meng\Application\Runtime\Cache\Admin\c35e948c4bd3179d6bbef81d1068c16b.php 第 154 行.
NOTIC: [8] Undefined variable: Think D:\wamp\www\meng\Application\Runtime\Cache\Admin\c35e948c4bd3179d6bbef81d1068c16b.php 第 162 行.
NOTIC: [8] Undefined variable: Think D:\wamp\www\meng\Application\Runtime\Cache\Admin\c35e948c4bd3179d6bbef81d1068c16b.php 第 168 行.
NOTIC: [8] Undefined variable: Think D:\wamp\www\meng\Application\Runtime\Cache\Admin\c35e948c4bd3179d6bbef81d1068c16b.php 第 173 行.
NOTIC: [8] Undefined variable: Think D:\wamp\www\meng\Application\Runtime\Cache\Admin\c35e948c4bd3179d6bbef81d1068c16b.php 第 173 行.
NOTIC: [8] Undefined variable: Think D:\wamp\www\meng\Application\Runtime\Cache\Admin\c35e948c4bd3179d6bbef81d1068c16b.php 第 173 行.
NOTIC: [8] Undefined variable: Think D:\wamp\www\meng\Application\Runtime\Cache\Admin\c35e948c4bd3179d6bbef81d1068c16b.php 第 179 行.
NOTIC: [8] Undefined variable: Think D:\wamp\www\meng\Application\Runtime\Cache\Admin\c35e948c4bd3179d6bbef81d1068c16b.php 第 179 行.
NOTIC: [8] Undefined variable: Think D:\wamp\www\meng\Application\Runtime\Cache\Admin\c35e948c4bd3179d6bbef81d1068c16b.php 第 179 行.
NOTIC: [8] Undefined variable: Think D:\wamp\www\meng\Application\Runtime\Cache\Admin\c35e948c4bd3179d6bbef81d1068c16b.php 第 186 行.
NOTIC: [8] Undefined variable: Think D:\wamp\www\meng\Application\Runtime\Cache\Admin\c35e948c4bd3179d6bbef81d1068c16b.php 第 192 行.
NOTIC: [8] Undefined variable: Think D:\wamp\www\meng\Application\Runtime\Cache\Admin\c35e948c4bd3179d6bbef81d1068c16b.php 第 198 行.
INFO: Run Behavior\ParseTemplateBehavior [ RunTime:0.026000s ]
INFO: [ view_parse ] --END-- [ RunTime:0.026000s ]
INFO: [ view_filter ] --START--
INFO: Run Behavior\WriteHtmlCacheBehavior [ RunTime:0.001000s ]
INFO: [ view_filter ] --END-- [ RunTime:0.001000s ]
INFO: [ app_end ] --START--
INFO: Run Behavior\ShowPageTraceBehavior [ RunTime:0.001000s ]
INFO: [ app_end ] --END-- [ RunTime:0.001000s ]

[ 2017-05-15T09:26:19+08:00 ] 127.0.0.1 /meng/index.php/Admin/Log/login_log.html
INFO: [ app_init ] --START--
INFO: Run Behavior\BuildLiteBehavior [ RunTime:0.000000s ]
INFO: [ app_init ] --END-- [ RunTime:0.000000s ]
INFO: [ app_begin ] --START--
INFO: Run Behavior\ReadHtmlCacheBehavior [ RunTime:0.000000s ]
INFO: [ app_begin ] --END-- [ RunTime:0.000000s ]
SQL: SHOW COLUMNS FROM `login_log` [ RunTime:0.0000s ]
NOTIC: [2] Invalid argument supplied for foreach() D:\wamp\www\meng\ThinkPHP\Library\Think\Db\Driver.class.php 第 504 行.
SQL: SELECT COUNT(*) AS tp_count FROM `login_log` LIMIT 1   [ RunTime:0.0000s ]
NOTIC: [2] Invalid argument supplied for foreach() D:\wamp\www\meng\ThinkPHP\Library\Think\Db\Driver.class.php 第 504 行.
SQL: SELECT * FROM `login_log` ORDER BY id desc LIMIT 0,8   [ RunTime:0.0000s ]
INFO: [ view_parse ] --START--
INFO: [ template_filter ] --START--
INFO: Run Behavior\ContentReplaceBehavior [ RunTime:0.001000s ]
INFO: [ template_filter ] --END-- [ RunTime:0.001000s ]
NOTIC: [8] Undefined variable: Think D:\wamp\www\meng\Application\Runtime\Cache\Admin\27dfa40a65505aa3c5bcf38e07dd09e0.php 第 124 行.
NOTIC: [8] Undefined variable: Think D:\wamp\www\meng\Application\Runtime\Cache\Admin\27dfa40a65505aa3c5bcf38e07dd09e0.php 第 130 行.
NOTIC: [8] Undefined variable: Think D:\wamp\www\meng\Application\Runtime\Cache\Admin\27dfa40a65505aa3c5bcf38e07dd09e0.php 第 124 行.
NOTIC: [8] Undefined variable: Think D:\wamp\www\meng\Application\Runtime\Cache\Admin\27dfa40a65505aa3c5bcf38e07dd09e0.php 第 130 行.
NOTIC: [8] Undefined variable: Think D:\wamp\www\meng\Application\Runtime\Cache\Admin\27dfa40a65505aa3c5bcf38e07dd09e0.php 第 124 行.
NOTIC: [8] Undefined variable: Think D:\wamp\www\meng\Application\Runtime\Cache\Admin\27dfa40a65505aa3c5bcf38e07dd09e0.php 第 130 行.
NOTIC: [8] Undefined variable: Think D:\wamp\www\meng\Application\Runtime\Cache\Admin\27dfa40a65505aa3c5bcf38e07dd09e0.php 第 124 行.
NOTIC: [8] Undefined variable: Think D:\wamp\www\meng\Application\Runtime\Cache\Admin\27dfa40a65505aa3c5bcf38e07dd09e0.php 第 130 行.
NOTIC: [8] Undefined variable: Think D:\wamp\www\meng\Application\Runtime\Cache\Admin\27dfa40a65505aa3c5bcf38e07dd09e0.php 第 124 行.
NOTIC: [8] Undefined variable: Think D:\wamp\www\meng\Application\Runtime\Cache\Admin\27dfa40a65505aa3c5bcf38e07dd09e0.php 第 130 行.
NOTIC: [8] Undefined variable: Think D:\wamp\www\meng\Application\Runtime\Cache\Admin\27dfa40a65505aa3c5bcf38e07dd09e0.php 第 124 行.
NOTIC: [8] Undefined variable: Think D:\wamp\www\meng\Application\Runtime\Cache\Admin\27dfa40a65505aa3c5bcf38e07dd09e0.php 第 130 行.
NOTIC: [8] Undefined variable: Think D:\wamp\www\meng\Application\Runtime\Cache\Admin\27dfa40a65505aa3c5bcf38e07dd09e0.php 第 139 行.
NOTIC: [8] Undefined variable: Think D:\wamp\www\meng\Application\Runtime\Cache\Admin\27dfa40a65505aa3c5bcf38e07dd09e0.php 第 149 行.
NOTIC: [8] Undefined variable: Think D:\wamp\www\meng\Application\Runtime\Cache\Admin\27dfa40a65505aa3c5bcf38e07dd09e0.php 第 155 行.
NOTIC: [8] Undefined variable: Think D:\wamp\www\meng\Application\Runtime\Cache\Admin\27dfa40a65505aa3c5bcf38e07dd09e0.php 第 163 行.
NOTIC: [8] Undefined variable: Think D:\wamp\www\meng\Application\Runtime\Cache\Admin\27dfa40a65505aa3c5bcf38e07dd09e0.php 第 169 行.
NOTIC: [8] Undefined variable: Think D:\wamp\www\meng\Application\Runtime\Cache\Admin\27dfa40a65505aa3c5bcf38e07dd09e0.php 第 174 行.
NOTIC: [8] Undefined variable: Think D:\wamp\www\meng\Application\Runtime\Cache\Admin\27dfa40a65505aa3c5bcf38e07dd09e0.php 第 174 行.
NOTIC: [8] Undefined variable: Think D:\wamp\www\meng\Application\Runtime\Cache\Admin\27dfa40a65505aa3c5bcf38e07dd09e0.php 第 174 行.
NOTIC: [8] Undefined variable: Think D:\wamp\www\meng\Application\Runtime\Cache\Admin\27dfa40a65505aa3c5bcf38e07dd09e0.php 第 180 行.
NOTIC: [8] Undefined variable: Think D:\wamp\www\meng\Application\Runtime\Cache\Admin\27dfa40a65505aa3c5bcf38e07dd09e0.php 第 180 行.
NOTIC: [8] Undefined variable: Think D:\wamp\www\meng\Application\Runtime\Cache\Admin\27dfa40a65505aa3c5bcf38e07dd09e0.php 第 180 行.
NOTIC: [8] Undefined variable: Think D:\wamp\www\meng\Application\Runtime\Cache\Admin\27dfa40a65505aa3c5bcf38e07dd09e0.php 第 187 行.
NOTIC: [8] Undefined variable: Think D:\wamp\www\meng\Application\Runtime\Cache\Admin\27dfa40a65505aa3c5bcf38e07dd09e0.php 第 193 行.
NOTIC: [8] Undefined variable: Think D:\wamp\www\meng\Application\Runtime\Cache\Admin\27dfa40a65505aa3c5bcf38e07dd09e0.php 第 199 行.
INFO: Run Behavior\ParseTemplateBehavior [ RunTime:0.032600s ]
INFO: [ view_parse ] --END-- [ RunTime:0.032600s ]
INFO: [ view_filter ] --START--
INFO: Run Behavior\WriteHtmlCacheBehavior [ RunTime:0.001000s ]
INFO: [ view_filter ] --END-- [ RunTime:0.001000s ]
INFO: [ app_end ] --START--
INFO: Run Behavior\ShowPageTraceBehavior [ RunTime:0.001000s ]
INFO: [ app_end ] --END-- [ RunTime:0.001000s ]

[ 2017-05-15T09:26:22+08:00 ] 127.0.0.1 /meng/index.php/Admin/Link/lst.html
INFO: [ app_init ] --START--
INFO: Run Behavior\BuildLiteBehavior [ RunTime:0.000000s ]
INFO: [ app_init ] --END-- [ RunTime:0.001000s ]
INFO: [ app_begin ] --START--
INFO: Run Behavior\ReadHtmlCacheBehavior [ RunTime:0.001000s ]
INFO: [ app_begin ] --END-- [ RunTime:0.001000s ]
SQL: SHOW COLUMNS FROM `link` [ RunTime:0.0030s ]
SQL: SELECT COUNT(*) AS tp_count FROM `link` LIMIT 1   [ RunTime:0.0000s ]
SQL: SELECT * FROM `link` ORDER BY sort asc LIMIT 0,8   [ RunTime:0.0000s ]
INFO: [ view_parse ] --START--
INFO: [ template_filter ] --START--
INFO: Run Behavior\ContentReplaceBehavior [ RunTime:0.000000s ]
INFO: [ template_filter ] --END-- [ RunTime:0.000000s ]
NOTIC: [8] Undefined variable: Think D:\wamp\www\meng\Application\Runtime\Cache\Admin\65e4f6df08c62e8a208c27167d615170.php 第 124 行.
NOTIC: [8] Undefined variable: Think D:\wamp\www\meng\Application\Runtime\Cache\Admin\65e4f6df08c62e8a208c27167d615170.php 第 130 行.
NOTIC: [8] Undefined variable: Think D:\wamp\www\meng\Application\Runtime\Cache\Admin\65e4f6df08c62e8a208c27167d615170.php 第 124 行.
NOTIC: [8] Undefined variable: Think D:\wamp\www\meng\Application\Runtime\Cache\Admin\65e4f6df08c62e8a208c27167d615170.php 第 130 行.
NOTIC: [8] Undefined variable: Think D:\wamp\www\meng\Application\Runtime\Cache\Admin\65e4f6df08c62e8a208c27167d615170.php 第 124 行.
NOTIC: [8] Undefined variable: Think D:\wamp\www\meng\Application\Runtime\Cache\Admin\65e4f6df08c62e8a208c27167d615170.php 第 130 行.
NOTIC: [8] Undefined variable: Think D:\wamp\www\meng\Application\Runtime\Cache\Admin\65e4f6df08c62e8a208c27167d615170.php 第 124 行.
NOTIC: [8] Undefined variable: Think D:\wamp\www\meng\Application\Runtime\Cache\Admin\65e4f6df08c62e8a208c27167d615170.php 第 130 行.
NOTIC: [8] Undefined variable: Think D:\wamp\www\meng\Application\Runtime\Cache\Admin\65e4f6df08c62e8a208c27167d615170.php 第 124 行.
NOTIC: [8] Undefined variable: Think D:\wamp\www\meng\Application\Runtime\Cache\Admin\65e4f6df08c62e8a208c27167d615170.php 第 130 行.
NOTIC: [8] Undefined variable: Think D:\wamp\www\meng\Application\Runtime\Cache\Admin\65e4f6df08c62e8a208c27167d615170.php 第 124 行.
NOTIC: [8] Undefined variable: Think D:\wamp\www\meng\Application\Runtime\Cache\Admin\65e4f6df08c62e8a208c27167d615170.php 第 130 行.
NOTIC: [8] Undefined variable: Think D:\wamp\www\meng\Application\Runtime\Cache\Admin\65e4f6df08c62e8a208c27167d615170.php 第 139 行.
NOTIC: [8] Undefined variable: Think D:\wamp\www\meng\Application\Runtime\Cache\Admin\65e4f6df08c62e8a208c27167d615170.php 第 149 行.
NOTIC: [8] Undefined variable: Think D:\wamp\www\meng\Application\Runtime\Cache\Admin\65e4f6df08c62e8a208c27167d615170.php 第 155 行.
NOTIC: [8] Undefined variable: Think D:\wamp\www\meng\Application\Runtime\Cache\Admin\65e4f6df08c62e8a208c27167d615170.php 第 163 行.
NOTIC: [8] Undefined variable: Think D:\wamp\www\meng\Application\Runtime\Cache\Admin\65e4f6df08c62e8a208c27167d615170.php 第 169 行.
NOTIC: [8] Undefined variable: Think D:\wamp\www\meng\Application\Runtime\Cache\Admin\65e4f6df08c62e8a208c27167d615170.php 第 174 行.
NOTIC: [8] Undefined variable: Think D:\wamp\www\meng\Application\Runtime\Cache\Admin\65e4f6df08c62e8a208c27167d615170.php 第 174 行.
NOTIC: [8] Undefined variable: Think D:\wamp\www\meng\Application\Runtime\Cache\Admin\65e4f6df08c62e8a208c27167d615170.php 第 174 行.
NOTIC: [8] Undefined variable: Think D:\wamp\www\meng\Application\Runtime\Cache\Admin\65e4f6df08c62e8a208c27167d615170.php 第 180 行.
NOTIC: [8] Undefined variable: Think D:\wamp\www\meng\Application\Runtime\Cache\Admin\65e4f6df08c62e8a208c27167d615170.php 第 180 行.
NOTIC: [8] Undefined variable: Think D:\wamp\www\meng\Application\Runtime\Cache\Admin\65e4f6df08c62e8a208c27167d615170.php 第 180 行.
NOTIC: [8] Undefined variable: Think D:\wamp\www\meng\Application\Runtime\Cache\Admin\65e4f6df08c62e8a208c27167d615170.php 第 187 行.
NOTIC: [8] Undefined variable: Think D:\wamp\www\meng\Application\Runtime\Cache\Admin\65e4f6df08c62e8a208c27167d615170.php 第 193 行.
NOTIC: [8] Undefined variable: Think D:\wamp\www\meng\Application\Runtime\Cache\Admin\65e4f6df08c62e8a208c27167d615170.php 第 199 行.
INFO: Run Behavior\ParseTemplateBehavior [ RunTime:0.019000s ]
INFO: [ view_parse ] --END-- [ RunTime:0.019000s ]
INFO: [ view_filter ] --START--
INFO: Run Behavior\WriteHtmlCacheBehavior [ RunTime:0.000000s ]
INFO: [ view_filter ] --END-- [ RunTime:0.000000s ]
INFO: [ app_end ] --START--
INFO: Run Behavior\ShowPageTraceBehavior [ RunTime:0.001000s ]
INFO: [ app_end ] --END-- [ RunTime:0.001000s ]

[ 2017-05-15T09:26:24+08:00 ] 127.0.0.1 /meng/index.php/Admin/Link/add.html
INFO: [ app_init ] --START--
INFO: Run Behavior\BuildLiteBehavior [ RunTime:0.000000s ]
INFO: [ app_init ] --END-- [ RunTime:0.001000s ]
INFO: [ app_begin ] --START--
INFO: Run Behavior\ReadHtmlCacheBehavior [ RunTime:0.000000s ]
INFO: [ app_begin ] --END-- [ RunTime:0.001000s ]
INFO: [ view_parse ] --START--
INFO: [ template_filter ] --START--
INFO: Run Behavior\ContentReplaceBehavior [ RunTime:0.000000s ]
INFO: [ template_filter ] --END-- [ RunTime:0.000000s ]
NOTIC: [8] Undefined variable: Think D:\wamp\www\meng\Application\Runtime\Cache\Admin\d1a8792ad27f7f2a0f0df156e1b2124e.php 第 127 行.
NOTIC: [8] Undefined variable: Think D:\wamp\www\meng\Application\Runtime\Cache\Admin\d1a8792ad27f7f2a0f0df156e1b2124e.php 第 133 行.
NOTIC: [8] Undefined variable: Think D:\wamp\www\meng\Application\Runtime\Cache\Admin\d1a8792ad27f7f2a0f0df156e1b2124e.php 第 127 行.
NOTIC: [8] Undefined variable: Think D:\wamp\www\meng\Application\Runtime\Cache\Admin\d1a8792ad27f7f2a0f0df156e1b2124e.php 第 133 行.
NOTIC: [8] Undefined variable: Think D:\wamp\www\meng\Application\Runtime\Cache\Admin\d1a8792ad27f7f2a0f0df156e1b2124e.php 第 127 行.
NOTIC: [8] Undefined variable: Think D:\wamp\www\meng\Application\Runtime\Cache\Admin\d1a8792ad27f7f2a0f0df156e1b2124e.php 第 133 行.
NOTIC: [8] Undefined variable: Think D:\wamp\www\meng\Application\Runtime\Cache\Admin\d1a8792ad27f7f2a0f0df156e1b2124e.php 第 127 行.
NOTIC: [8] Undefined variable: Think D:\wamp\www\meng\Application\Runtime\Cache\Admin\d1a8792ad27f7f2a0f0df156e1b2124e.php 第 133 行.
NOTIC: [8] Undefined variable: Think D:\wamp\www\meng\Application\Runtime\Cache\Admin\d1a8792ad27f7f2a0f0df156e1b2124e.php 第 127 行.
NOTIC: [8] Undefined variable: Think D:\wamp\www\meng\Application\Runtime\Cache\Admin\d1a8792ad27f7f2a0f0df156e1b2124e.php 第 133 行.
NOTIC: [8] Undefined variable: Think D:\wamp\www\meng\Application\Runtime\Cache\Admin\d1a8792ad27f7f2a0f0df156e1b2124e.php 第 127 行.
NOTIC: [8] Undefined variable: Think D:\wamp\www\meng\Application\Runtime\Cache\Admin\d1a8792ad27f7f2a0f0df156e1b2124e.php 第 133 行.
NOTIC: [8] Undefined variable: Think D:\wamp\www\meng\Application\Runtime\Cache\Admin\d1a8792ad27f7f2a0f0df156e1b2124e.php 第 142 行.
NOTIC: [8] Undefined variable: Think D:\wamp\www\meng\Application\Runtime\Cache\Admin\d1a8792ad27f7f2a0f0df156e1b2124e.php 第 152 行.
NOTIC: [8] Undefined variable: Think D:\wamp\www\meng\Application\Runtime\Cache\Admin\d1a8792ad27f7f2a0f0df156e1b2124e.php 第 158 行.
NOTIC: [8] Undefined variable: Think D:\wamp\www\meng\Application\Runtime\Cache\Admin\d1a8792ad27f7f2a0f0df156e1b2124e.php 第 166 行.
NOTIC: [8] Undefined variable: Think D:\wamp\www\meng\Application\Runtime\Cache\Admin\d1a8792ad27f7f2a0f0df156e1b2124e.php 第 172 行.
NOTIC: [8] Undefined variable: Think D:\wamp\www\meng\Application\Runtime\Cache\Admin\d1a8792ad27f7f2a0f0df156e1b2124e.php 第 177 行.
NOTIC: [8] Undefined variable: Think D:\wamp\www\meng\Application\Runtime\Cache\Admin\d1a8792ad27f7f2a0f0df156e1b2124e.php 第 177 行.
NOTIC: [8] Undefined variable: Think D:\wamp\www\meng\Application\Runtime\Cache\Admin\d1a8792ad27f7f2a0f0df156e1b2124e.php 第 177 行.
NOTIC: [8] Undefined variable: Think D:\wamp\www\meng\Application\Runtime\Cache\Admin\d1a8792ad27f7f2a0f0df156e1b2124e.php 第 183 行.
NOTIC: [8] Undefined variable: Think D:\wamp\www\meng\Application\Runtime\Cache\Admin\d1a8792ad27f7f2a0f0df156e1b2124e.php 第 183 行.
NOTIC: [8] Undefined variable: Think D:\wamp\www\meng\Application\Runtime\Cache\Admin\d1a8792ad27f7f2a0f0df156e1b2124e.php 第 183 行.
NOTIC: [8] Undefined variable: Think D:\wamp\www\meng\Application\Runtime\Cache\Admin\d1a8792ad27f7f2a0f0df156e1b2124e.php 第 190 行.
NOTIC: [8] Undefined variable: Think D:\wamp\www\meng\Application\Runtime\Cache\Admin\d1a8792ad27f7f2a0f0df156e1b2124e.php 第 196 行.
NOTIC: [8] Undefined variable: Think D:\wamp\www\meng\Application\Runtime\Cache\Admin\d1a8792ad27f7f2a0f0df156e1b2124e.php 第 202 行.
INFO: Run Behavior\ParseTemplateBehavior [ RunTime:0.022000s ]
INFO: [ view_parse ] --END-- [ RunTime:0.023000s ]
INFO: [ view_filter ] --START--
INFO: Run Behavior\WriteHtmlCacheBehavior [ RunTime:0.000000s ]
INFO: [ view_filter ] --END-- [ RunTime:0.000000s ]
INFO: [ app_end ] --START--
INFO: Run Behavior\ShowPageTraceBehavior [ RunTime:0.001000s ]
INFO: [ app_end ] --END-- [ RunTime:0.002000s ]

[ 2017-05-15T09:26:38+08:00 ] 127.0.0.1 /meng/index.php/Admin/User/user_list.html
INFO: [ app_init ] --START--
INFO: Run Behavior\BuildLiteBehavior [ RunTime:0.000000s ]
INFO: [ app_init ] --END-- [ RunTime:0.001000s ]
INFO: [ app_begin ] --START--
INFO: Run Behavior\ReadHtmlCacheBehavior [ RunTime:0.001000s ]
INFO: [ app_begin ] --END-- [ RunTime:0.002000s ]
SQL: SHOW COLUMNS FROM `user` [ RunTime:0.0010s ]
SQL: SELECT * FROM `user`  [ RunTime:0.0000s ]
SQL: SHOW COLUMNS FROM `role` [ RunTime:0.0010s ]
SQL: SELECT * FROM `role`  [ RunTime:0.0000s ]
INFO: [ view_parse ] --START--
INFO: [ template_filter ] --START--
INFO: Run Behavior\ContentReplaceBehavior [ RunTime:0.000000s ]
INFO: [ template_filter ] --END-- [ RunTime:0.000000s ]
NOTIC: [8] Undefined variable: Think D:\wamp\www\meng\Application\Runtime\Cache\Admin\efa67221bbcab2db2e4125c81f354bba.php 第 123 行.
NOTIC: [8] Undefined variable: Think D:\wamp\www\meng\Application\Runtime\Cache\Admin\efa67221bbcab2db2e4125c81f354bba.php 第 129 行.
NOTIC: [8] Undefined variable: Think D:\wamp\www\meng\Application\Runtime\Cache\Admin\efa67221bbcab2db2e4125c81f354bba.php 第 123 行.
NOTIC: [8] Undefined variable: Think D:\wamp\www\meng\Application\Runtime\Cache\Admin\efa67221bbcab2db2e4125c81f354bba.php 第 129 行.
NOTIC: [8] Undefined variable: Think D:\wamp\www\meng\Application\Runtime\Cache\Admin\efa67221bbcab2db2e4125c81f354bba.php 第 123 行.
NOTIC: [8] Undefined variable: Think D:\wamp\www\meng\Application\Runtime\Cache\Admin\efa67221bbcab2db2e4125c81f354bba.php 第 129 行.
NOTIC: [8] Undefined variable: Think D:\wamp\www\meng\Application\Runtime\Cache\Admin\efa67221bbcab2db2e4125c81f354bba.php 第 123 行.
NOTIC: [8] Undefined variable: Think D:\wamp\www\meng\Application\Runtime\Cache\Admin\efa67221bbcab2db2e4125c81f354bba.php 第 129 行.
NOTIC: [8] Undefined variable: Think D:\wamp\www\meng\Application\Runtime\Cache\Admin\efa67221bbcab2db2e4125c81f354bba.php 第 123 行.
NOTIC: [8] Undefined variable: Think D:\wamp\www\meng\Application\Runtime\Cache\Admin\efa67221bbcab2db2e4125c81f354bba.php 第 129 行.
NOTIC: [8] Undefined variable: Think D:\wamp\www\meng\Application\Runtime\Cache\Admin\efa67221bbcab2db2e4125c81f354bba.php 第 123 行.
NOTIC: [8] Undefined variable: Think D:\wamp\www\meng\Application\Runtime\Cache\Admin\efa67221bbcab2db2e4125c81f354bba.php 第 129 行.
NOTIC: [8] Undefined variable: Think D:\wamp\www\meng\Application\Runtime\Cache\Admin\efa67221bbcab2db2e4125c81f354bba.php 第 138 行.
NOTIC: [8] Undefined variable: Think D:\wamp\www\meng\Application\Runtime\Cache\Admin\efa67221bbcab2db2e4125c81f354bba.php 第 148 行.
NOTIC: [8] Undefined variable: Think D:\wamp\www\meng\Application\Runtime\Cache\Admin\efa67221bbcab2db2e4125c81f354bba.php 第 154 行.
NOTIC: [8] Undefined variable: Think D:\wamp\www\meng\Application\Runtime\Cache\Admin\efa67221bbcab2db2e4125c81f354bba.php 第 162 行.
NOTIC: [8] Undefined variable: Think D:\wamp\www\meng\Application\Runtime\Cache\Admin\efa67221bbcab2db2e4125c81f354bba.php 第 168 行.
NOTIC: [8] Undefined variable: Think D:\wamp\www\meng\Application\Runtime\Cache\Admin\efa67221bbcab2db2e4125c81f354bba.php 第 173 行.
NOTIC: [8] Undefined variable: Think D:\wamp\www\meng\Application\Runtime\Cache\Admin\efa67221bbcab2db2e4125c81f354bba.php 第 179 行.
NOTIC: [8] Undefined variable: Think D:\wamp\www\meng\Application\Runtime\Cache\Admin\efa67221bbcab2db2e4125c81f354bba.php 第 186 行.
NOTIC: [8] Undefined variable: Think D:\wamp\www\meng\Application\Runtime\Cache\Admin\efa67221bbcab2db2e4125c81f354bba.php 第 192 行.
NOTIC: [8] Undefined variable: Think D:\wamp\www\meng\Application\Runtime\Cache\Admin\efa67221bbcab2db2e4125c81f354bba.php 第 198 行.
INFO: Run Behavior\ParseTemplateBehavior [ RunTime:0.030000s ]
INFO: [ view_parse ] --END-- [ RunTime:0.030000s ]
INFO: [ view_filter ] --START--
INFO: Run Behavior\WriteHtmlCacheBehavior [ RunTime:0.000000s ]
INFO: [ view_filter ] --END-- [ RunTime:0.001000s ]
INFO: [ app_end ] --START--
INFO: Run Behavior\ShowPageTraceBehavior [ RunTime:0.001000s ]
INFO: [ app_end ] --END-- [ RunTime:0.002000s ]

[ 2017-05-15T09:26:55+08:00 ] 127.0.0.1 /meng/index.php/Admin/Cate/lst.html
INFO: [ app_init ] --START--
INFO: Run Behavior\BuildLiteBehavior [ RunTime:0.000000s ]
INFO: [ app_init ] --END-- [ RunTime:0.000000s ]
INFO: [ app_begin ] --START--
INFO: Run Behavior\ReadHtmlCacheBehavior [ RunTime:0.001000s ]
INFO: [ app_begin ] --END-- [ RunTime:0.001000s ]
SQL: SHOW COLUMNS FROM `cate` [ RunTime:0.0010s ]
SQL: SELECT * FROM `cate` ORDER BY sort asc  [ RunTime:0.0000s ]
INFO: [ view_parse ] --START--
INFO: [ template_filter ] --START--
INFO: Run Behavior\ContentReplaceBehavior [ RunTime:0.000000s ]
INFO: [ template_filter ] --END-- [ RunTime:0.000000s ]
NOTIC: [8] Undefined variable: Think D:\wamp\www\meng\Application\Runtime\Cache\Admin\1e31b38d8d9702701609b47afd2fec77.php 第 123 行.
NOTIC: [8] Undefined variable: Think D:\wamp\www\meng\Application\Runtime\Cache\Admin\1e31b38d8d9702701609b47afd2fec77.php 第 129 行.
NOTIC: [8] Undefined variable: Think D:\wamp\www\meng\Application\Runtime\Cache\Admin\1e31b38d8d9702701609b47afd2fec77.php 第 123 行.
NOTIC: [8] Undefined variable: Think D:\wamp\www\meng\Application\Runtime\Cache\Admin\1e31b38d8d9702701609b47afd2fec77.php 第 129 行.
NOTIC: [8] Undefined variable: Think D:\wamp\www\meng\Application\Runtime\Cache\Admin\1e31b38d8d9702701609b47afd2fec77.php 第 123 行.
NOTIC: [8] Undefined variable: Think D:\wamp\www\meng\Application\Runtime\Cache\Admin\1e31b38d8d9702701609b47afd2fec77.php 第 129 行.
NOTIC: [8] Undefined variable: Think D:\wamp\www\meng\Application\Runtime\Cache\Admin\1e31b38d8d9702701609b47afd2fec77.php 第 123 行.
NOTIC: [8] Undefined variable: Think D:\wamp\www\meng\Application\Runtime\Cache\Admin\1e31b38d8d9702701609b47afd2fec77.php 第 129 行.
NOTIC: [8] Undefined variable: Think D:\wamp\www\meng\Application\Runtime\Cache\Admin\1e31b38d8d9702701609b47afd2fec77.php 第 123 行.
NOTIC: [8] Undefined variable: Think D:\wamp\www\meng\Application\Runtime\Cache\Admin\1e31b38d8d9702701609b47afd2fec77.php 第 129 行.
NOTIC: [8] Undefined variable: Think D:\wamp\www\meng\Application\Runtime\Cache\Admin\1e31b38d8d9702701609b47afd2fec77.php 第 123 行.
NOTIC: [8] Undefined variable: Think D:\wamp\www\meng\Application\Runtime\Cache\Admin\1e31b38d8d9702701609b47afd2fec77.php 第 129 行.
NOTIC: [8] Undefined variable: Think D:\wamp\www\meng\Application\Runtime\Cache\Admin\1e31b38d8d9702701609b47afd2fec77.php 第 138 行.
NOTIC: [8] Undefined variable: Think D:\wamp\www\meng\Application\Runtime\Cache\Admin\1e31b38d8d9702701609b47afd2fec77.php 第 148 行.
NOTIC: [8] Undefined variable: Think D:\wamp\www\meng\Application\Runtime\Cache\Admin\1e31b38d8d9702701609b47afd2fec77.php 第 154 行.
NOTIC: [8] Undefined variable: Think D:\wamp\www\meng\Application\Runtime\Cache\Admin\1e31b38d8d9702701609b47afd2fec77.php 第 162 行.
NOTIC: [8] Undefined variable: Think D:\wamp\www\meng\Application\Runtime\Cache\Admin\1e31b38d8d9702701609b47afd2fec77.php 第 168 行.
NOTIC: [8] Undefined variable: Think D:\wamp\www\meng\Application\Runtime\Cache\Admin\1e31b38d8d9702701609b47afd2fec77.php 第 173 行.
NOTIC: [8] Undefined variable: Think D:\wamp\www\meng\Application\Runtime\Cache\Admin\1e31b38d8d9702701609b47afd2fec77.php 第 173 行.
NOTIC: [8] Undefined variable: Think D:\wamp\www\meng\Application\Runtime\Cache\Admin\1e31b38d8d9702701609b47afd2fec77.php 第 173 行.
NOTIC: [8] Undefined variable: Think D:\wamp\www\meng\Application\Runtime\Cache\Admin\1e31b38d8d9702701609b47afd2fec77.php 第 179 行.
NOTIC: [8] Undefined variable: Think D:\wamp\www\meng\Application\Runtime\Cache\Admin\1e31b38d8d9702701609b47afd2fec77.php 第 179 行.
NOTIC: [8] Undefined variable: Think D:\wamp\www\meng\Application\Runtime\Cache\Admin\1e31b38d8d9702701609b47afd2fec77.php 第 179 行.
NOTIC: [8] Undefined variable: Think D:\wamp\www\meng\Application\Runtime\Cache\Admin\1e31b38d8d9702701609b47afd2fec77.php 第 186 行.
NOTIC: [8] Undefined variable: Think D:\wamp\www\meng\Application\Runtime\Cache\Admin\1e31b38d8d9702701609b47afd2fec77.php 第 192 行.
NOTIC: [8] Undefined variable: Think D:\wamp\www\meng\Application\Runtime\Cache\Admin\1e31b38d8d9702701609b47afd2fec77.php 第 198 行.
INFO: Run Behavior\ParseTemplateBehavior [ RunTime:0.022000s ]
INFO: [ view_parse ] --END-- [ RunTime:0.022000s ]
INFO: [ view_filter ] --START--
INFO: Run Behavior\WriteHtmlCacheBehavior [ RunTime:0.001000s ]
INFO: [ view_filter ] --END-- [ RunTime:0.001000s ]
INFO: [ app_end ] --START--
INFO: Run Behavior\ShowPageTraceBehavior [ RunTime:0.001000s ]
INFO: [ app_end ] --END-- [ RunTime:0.001000s ]

[ 2017-05-15T09:27:10+08:00 ] 127.0.0.1 /meng/index.php/Admin/Index/index.html
INFO: [ app_init ] --START--
INFO: Run Behavior\BuildLiteBehavior [ RunTime:0.000000s ]
INFO: [ app_init ] --END-- [ RunTime:0.001000s ]
INFO: [ app_begin ] --START--
INFO: Run Behavior\ReadHtmlCacheBehavior [ RunTime:0.000000s ]
INFO: [ app_begin ] --END-- [ RunTime:0.000000s ]
SQL: SHOW COLUMNS FROM `content_logo` [ RunTime:0.0010s ]
SQL: SELECT * FROM `content_logo` LIMIT 1   [ RunTime:0.0010s ]
SQL: SHOW COLUMNS FROM `article` [ RunTime:0.0010s ]
SQL: SELECT COUNT(*) AS tp_count FROM `article` WHERE ( rem=5 ) LIMIT 1   [ RunTime:0.0000s ]
SQL: SELECT a.*,b.catename catename FROM article a LEFT JOIN cate b ON a.cateid=b.id  WHERE ( rem=5 ) ORDER BY a.id desc LIMIT 0,8   [ RunTime:0.0010s ]
SQL: SHOW COLUMNS FROM `cate` [ RunTime:0.0000s ]
SQL: SELECT * FROM `cate` ORDER BY sort asc  [ RunTime:0.0000s ]
INFO: [ view_parse ] --START--
INFO: [ template_filter ] --START--
INFO: Run Behavior\ContentReplaceBehavior [ RunTime:0.000000s ]
INFO: [ template_filter ] --END-- [ RunTime:0.000000s ]
NOTIC: [8] Undefined variable: Think D:\wamp\www\meng\Application\Runtime\Cache\Admin\b595b808c2ebeeeb0478ffc30bb4e87a.php 第 138 行.
NOTIC: [8] Undefined variable: Think D:\wamp\www\meng\Application\Runtime\Cache\Admin\b595b808c2ebeeeb0478ffc30bb4e87a.php 第 144 行.
NOTIC: [8] Undefined variable: Think D:\wamp\www\meng\Application\Runtime\Cache\Admin\b595b808c2ebeeeb0478ffc30bb4e87a.php 第 138 行.
NOTIC: [8] Undefined variable: Think D:\wamp\www\meng\Application\Runtime\Cache\Admin\b595b808c2ebeeeb0478ffc30bb4e87a.php 第 144 行.
NOTIC: [8] Undefined variable: Think D:\wamp\www\meng\Application\Runtime\Cache\Admin\b595b808c2ebeeeb0478ffc30bb4e87a.php 第 138 行.
NOTIC: [8] Undefined variable: Think D:\wamp\www\meng\Application\Runtime\Cache\Admin\b595b808c2ebeeeb0478ffc30bb4e87a.php 第 144 行.
NOTIC: [8] Undefined variable: Think D:\wamp\www\meng\Application\Runtime\Cache\Admin\b595b808c2ebeeeb0478ffc30bb4e87a.php 第 138 行.
NOTIC: [8] Undefined variable: Think D:\wamp\www\meng\Application\Runtime\Cache\Admin\b595b808c2ebeeeb0478ffc30bb4e87a.php 第 144 行.
NOTIC: [8] Undefined variable: Think D:\wamp\www\meng\Application\Runtime\Cache\Admin\b595b808c2ebeeeb0478ffc30bb4e87a.php 第 138 行.
NOTIC: [8] Undefined variable: Think D:\wamp\www\meng\Application\Runtime\Cache\Admin\b595b808c2ebeeeb0478ffc30bb4e87a.php 第 144 行.
NOTIC: [8] Undefined variable: Think D:\wamp\www\meng\Application\Runtime\Cache\Admin\b595b808c2ebeeeb0478ffc30bb4e87a.php 第 138 行.
NOTIC: [8] Undefined variable: Think D:\wamp\www\meng\Application\Runtime\Cache\Admin\b595b808c2ebeeeb0478ffc30bb4e87a.php 第 144 行.
NOTIC: [8] Undefined variable: Think D:\wamp\www\meng\Application\Runtime\Cache\Admin\b595b808c2ebeeeb0478ffc30bb4e87a.php 第 153 行.
NOTIC: [8] Undefined variable: Think D:\wamp\www\meng\Application\Runtime\Cache\Admin\b595b808c2ebeeeb0478ffc30bb4e87a.php 第 163 行.
NOTIC: [8] Undefined variable: Think D:\wamp\www\meng\Application\Runtime\Cache\Admin\b595b808c2ebeeeb0478ffc30bb4e87a.php 第 169 行.
NOTIC: [8] Undefined variable: Think D:\wamp\www\meng\Application\Runtime\Cache\Admin\b595b808c2ebeeeb0478ffc30bb4e87a.php 第 177 行.
NOTIC: [8] Undefined variable: Think D:\wamp\www\meng\Application\Runtime\Cache\Admin\b595b808c2ebeeeb0478ffc30bb4e87a.php 第 183 行.
NOTIC: [8] Undefined variable: Think D:\wamp\www\meng\Application\Runtime\Cache\Admin\b595b808c2ebeeeb0478ffc30bb4e87a.php 第 188 行.
NOTIC: [8] Undefined variable: Think D:\wamp\www\meng\Application\Runtime\Cache\Admin\b595b808c2ebeeeb0478ffc30bb4e87a.php 第 188 行.
NOTIC: [8] Undefined variable: Think D:\wamp\www\meng\Application\Runtime\Cache\Admin\b595b808c2ebeeeb0478ffc30bb4e87a.php 第 188 行.
NOTIC: [8] Undefined variable: Think D:\wamp\www\meng\Application\Runtime\Cache\Admin\b595b808c2ebeeeb0478ffc30bb4e87a.php 第 194 行.
NOTIC: [8] Undefined variable: Think D:\wamp\www\meng\Application\Runtime\Cache\Admin\b595b808c2ebeeeb0478ffc30bb4e87a.php 第 194 行.
NOTIC: [8] Undefined variable: Think D:\wamp\www\meng\Application\Runtime\Cache\Admin\b595b808c2ebeeeb0478ffc30bb4e87a.php 第 194 行.
NOTIC: [8] Undefined variable: Think D:\wamp\www\meng\Application\Runtime\Cache\Admin\b595b808c2ebeeeb0478ffc30bb4e87a.php 第 201 行.
NOTIC: [8] Undefined variable: Think D:\wamp\www\meng\Application\Runtime\Cache\Admin\b595b808c2ebeeeb0478ffc30bb4e87a.php 第 207 行.
NOTIC: [8] Undefined variable: Think D:\wamp\www\meng\Application\Runtime\Cache\Admin\b595b808c2ebeeeb0478ffc30bb4e87a.php 第 213 行.
INFO: Run Behavior\ParseTemplateBehavior [ RunTime:0.021000s ]
INFO: [ view_parse ] --END-- [ RunTime:0.021000s ]
INFO: [ view_filter ] --START--
INFO: Run Behavior\WriteHtmlCacheBehavior [ RunTime:0.000000s ]
INFO: [ view_filter ] --END-- [ RunTime:0.000000s ]
INFO: [ app_end ] --START--
INFO: Run Behavior\ShowPageTraceBehavior [ RunTime:0.001000s ]
INFO: [ app_end ] --END-- [ RunTime:0.001000s ]

[ 2017-05-15T09:27:22+08:00 ] 127.0.0.1 /meng/index.php/Admin/Cate/lst.html
INFO: [ app_init ] --START--
INFO: Run Behavior\BuildLiteBehavior [ RunTime:0.000000s ]
INFO: [ app_init ] --END-- [ RunTime:0.002000s ]
INFO: [ app_begin ] --START--
INFO: Run Behavior\ReadHtmlCacheBehavior [ RunTime:0.001000s ]
INFO: [ app_begin ] --END-- [ RunTime:0.001000s ]
SQL: SHOW COLUMNS FROM `cate` [ RunTime:0.0010s ]
SQL: SELECT * FROM `cate` ORDER BY sort asc  [ RunTime:0.0000s ]
INFO: [ view_parse ] --START--
INFO: [ template_filter ] --START--
INFO: Run Behavior\ContentReplaceBehavior [ RunTime:0.000000s ]
INFO: [ template_filter ] --END-- [ RunTime:0.000000s ]
NOTIC: [8] Undefined variable: Think D:\wamp\www\meng\Application\Runtime\Cache\Admin\1e31b38d8d9702701609b47afd2fec77.php 第 123 行.
NOTIC: [8] Undefined variable: Think D:\wamp\www\meng\Application\Runtime\Cache\Admin\1e31b38d8d9702701609b47afd2fec77.php 第 129 行.
NOTIC: [8] Undefined variable: Think D:\wamp\www\meng\Application\Runtime\Cache\Admin\1e31b38d8d9702701609b47afd2fec77.php 第 123 行.
NOTIC: [8] Undefined variable: Think D:\wamp\www\meng\Application\Runtime\Cache\Admin\1e31b38d8d9702701609b47afd2fec77.php 第 129 行.
NOTIC: [8] Undefined variable: Think D:\wamp\www\meng\Application\Runtime\Cache\Admin\1e31b38d8d9702701609b47afd2fec77.php 第 123 行.
NOTIC: [8] Undefined variable: Think D:\wamp\www\meng\Application\Runtime\Cache\Admin\1e31b38d8d9702701609b47afd2fec77.php 第 129 行.
NOTIC: [8] Undefined variable: Think D:\wamp\www\meng\Application\Runtime\Cache\Admin\1e31b38d8d9702701609b47afd2fec77.php 第 123 行.
NOTIC: [8] Undefined variable: Think D:\wamp\www\meng\Application\Runtime\Cache\Admin\1e31b38d8d9702701609b47afd2fec77.php 第 129 行.
NOTIC: [8] Undefined variable: Think D:\wamp\www\meng\Application\Runtime\Cache\Admin\1e31b38d8d9702701609b47afd2fec77.php 第 123 行.
NOTIC: [8] Undefined variable: Think D:\wamp\www\meng\Application\Runtime\Cache\Admin\1e31b38d8d9702701609b47afd2fec77.php 第 129 行.
NOTIC: [8] Undefined variable: Think D:\wamp\www\meng\Application\Runtime\Cache\Admin\1e31b38d8d9702701609b47afd2fec77.php 第 123 行.
NOTIC: [8] Undefined variable: Think D:\wamp\www\meng\Application\Runtime\Cache\Admin\1e31b38d8d9702701609b47afd2fec77.php 第 129 行.
NOTIC: [8] Undefined variable: Think D:\wamp\www\meng\Application\Runtime\Cache\Admin\1e31b38d8d9702701609b47afd2fec77.php 第 138 行.
NOTIC: [8] Undefined variable: Think D:\wamp\www\meng\Application\Runtime\Cache\Admin\1e31b38d8d9702701609b47afd2fec77.php 第 148 行.
NOTIC: [8] Undefined variable: Think D:\wamp\www\meng\Application\Runtime\Cache\Admin\1e31b38d8d9702701609b47afd2fec77.php 第 154 行.
NOTIC: [8] Undefined variable: Think D:\wamp\www\meng\Application\Runtime\Cache\Admin\1e31b38d8d9702701609b47afd2fec77.php 第 162 行.
NOTIC: [8] Undefined variable: Think D:\wamp\www\meng\Application\Runtime\Cache\Admin\1e31b38d8d9702701609b47afd2fec77.php 第 168 行.
NOTIC: [8] Undefined variable: Think D:\wamp\www\meng\Application\Runtime\Cache\Admin\1e31b38d8d9702701609b47afd2fec77.php 第 173 行.
NOTIC: [8] Undefined variable: Think D:\wamp\www\meng\Application\Runtime\Cache\Admin\1e31b38d8d9702701609b47afd2fec77.php 第 173 行.
NOTIC: [8] Undefined variable: Think D:\wamp\www\meng\Application\Runtime\Cache\Admin\1e31b38d8d9702701609b47afd2fec77.php 第 173 行.
NOTIC: [8] Undefined variable: Think D:\wamp\www\meng\Application\Runtime\Cache\Admin\1e31b38d8d9702701609b47afd2fec77.php 第 179 行.
NOTIC: [8] Undefined variable: Think D:\wamp\www\meng\Application\Runtime\Cache\Admin\1e31b38d8d9702701609b47afd2fec77.php 第 179 行.
NOTIC: [8] Undefined variable: Think D:\wamp\www\meng\Application\Runtime\Cache\Admin\1e31b38d8d9702701609b47afd2fec77.php 第 179 行.
NOTIC: [8] Undefined variable: Think D:\wamp\www\meng\Application\Runtime\Cache\Admin\1e31b38d8d9702701609b47afd2fec77.php 第 186 行.
NOTIC: [8] Undefined variable: Think D:\wamp\www\meng\Application\Runtime\Cache\Admin\1e31b38d8d9702701609b47afd2fec77.php 第 192 行.
NOTIC: [8] Undefined variable: Think D:\wamp\www\meng\Application\Runtime\Cache\Admin\1e31b38d8d9702701609b47afd2fec77.php 第 198 行.
INFO: Run Behavior\ParseTemplateBehavior [ RunTime:0.019000s ]
INFO: [ view_parse ] --END-- [ RunTime:0.020000s ]
INFO: [ view_filter ] --START--
INFO: Run Behavior\WriteHtmlCacheBehavior [ RunTime:0.001000s ]
INFO: [ view_filter ] --END-- [ RunTime:0.001000s ]
INFO: [ app_end ] --START--
INFO: Run Behavior\ShowPageTraceBehavior [ RunTime:0.001000s ]
INFO: [ app_end ] --END-- [ RunTime:0.001000s ]

[ 2017-05-15T09:49:50+08:00 ] 127.0.0.1 /meng/index.php/Admin/Cate/lst.html
INFO: [ app_init ] --START--
INFO: Run Behavior\BuildLiteBehavior [ RunTime:0.000000s ]
INFO: [ app_init ] --END-- [ RunTime:0.000000s ]
INFO: [ app_begin ] --START--
INFO: Run Behavior\ReadHtmlCacheBehavior [ RunTime:0.001000s ]
INFO: [ app_begin ] --END-- [ RunTime:0.001000s ]
SQL: SHOW COLUMNS FROM `cate` [ RunTime:0.0010s ]
SQL: SELECT * FROM `cate` ORDER BY sort asc  [ RunTime:0.0000s ]
INFO: [ view_parse ] --START--
INFO: [ template_filter ] --START--
INFO: Run Behavior\ContentReplaceBehavior [ RunTime:0.000000s ]
INFO: [ template_filter ] --END-- [ RunTime:0.000000s ]
NOTIC: [8] Undefined variable: Think D:\wamp\www\meng\Application\Runtime\Cache\Admin\1e31b38d8d9702701609b47afd2fec77.php 第 123 行.
NOTIC: [8] Undefined variable: Think D:\wamp\www\meng\Application\Runtime\Cache\Admin\1e31b38d8d9702701609b47afd2fec77.php 第 129 行.
NOTIC: [8] Undefined variable: Think D:\wamp\www\meng\Application\Runtime\Cache\Admin\1e31b38d8d9702701609b47afd2fec77.php 第 123 行.
NOTIC: [8] Undefined variable: Think D:\wamp\www\meng\Application\Runtime\Cache\Admin\1e31b38d8d9702701609b47afd2fec77.php 第 129 行.
NOTIC: [8] Undefined variable: Think D:\wamp\www\meng\Application\Runtime\Cache\Admin\1e31b38d8d9702701609b47afd2fec77.php 第 123 行.
NOTIC: [8] Undefined variable: Think D:\wamp\www\meng\Application\Runtime\Cache\Admin\1e31b38d8d9702701609b47afd2fec77.php 第 129 行.
NOTIC: [8] Undefined variable: Think D:\wamp\www\meng\Application\Runtime\Cache\Admin\1e31b38d8d9702701609b47afd2fec77.php 第 123 行.
NOTIC: [8] Undefined variable: Think D:\wamp\www\meng\Application\Runtime\Cache\Admin\1e31b38d8d9702701609b47afd2fec77.php 第 129 行.
NOTIC: [8] Undefined variable: Think D:\wamp\www\meng\Application\Runtime\Cache\Admin\1e31b38d8d9702701609b47afd2fec77.php 第 123 行.
NOTIC: [8] Undefined variable: Think D:\wamp\www\meng\Application\Runtime\Cache\Admin\1e31b38d8d9702701609b47afd2fec77.php 第 129 行.
NOTIC: [8] Undefined variable: Think D:\wamp\www\meng\Application\Runtime\Cache\Admin\1e31b38d8d9702701609b47afd2fec77.php 第 123 行.
NOTIC: [8] Undefined variable: Think D:\wamp\www\meng\Application\Runtime\Cache\Admin\1e31b38d8d9702701609b47afd2fec77.php 第 129 行.
NOTIC: [8] Undefined variable: Think D:\wamp\www\meng\Application\Runtime\Cache\Admin\1e31b38d8d9702701609b47afd2fec77.php 第 138 行.
NOTIC: [8] Undefined variable: Think D:\wamp\www\meng\Application\Runtime\Cache\Admin\1e31b38d8d9702701609b47afd2fec77.php 第 148 行.
NOTIC: [8] Undefined variable: Think D:\wamp\www\meng\Application\Runtime\Cache\Admin\1e31b38d8d9702701609b47afd2fec77.php 第 154 行.
NOTIC: [8] Undefined variable: Think D:\wamp\www\meng\Application\Runtime\Cache\Admin\1e31b38d8d9702701609b47afd2fec77.php 第 162 行.
NOTIC: [8] Undefined variable: Think D:\wamp\www\meng\Application\Runtime\Cache\Admin\1e31b38d8d9702701609b47afd2fec77.php 第 168 行.
NOTIC: [8] Undefined variable: Think D:\wamp\www\meng\Application\Runtime\Cache\Admin\1e31b38d8d9702701609b47afd2fec77.php 第 173 行.
NOTIC: [8] Undefined variable: Think D:\wamp\www\meng\Application\Runtime\Cache\Admin\1e31b38d8d9702701609b47afd2fec77.php 第 173 行.
NOTIC: [8] Undefined variable: Think D:\wamp\www\meng\Application\Runtime\Cache\Admin\1e31b38d8d9702701609b47afd2fec77.php 第 173 行.
NOTIC: [8] Undefined variable: Think D:\wamp\www\meng\Application\Runtime\Cache\Admin\1e31b38d8d9702701609b47afd2fec77.php 第 179 行.
NOTIC: [8] Undefined variable: Think D:\wamp\www\meng\Application\Runtime\Cache\Admin\1e31b38d8d9702701609b47afd2fec77.php 第 179 行.
NOTIC: [8] Undefined variable: Think D:\wamp\www\meng\Application\Runtime\Cache\Admin\1e31b38d8d9702701609b47afd2fec77.php 第 179 行.
NOTIC: [8] Undefined variable: Think D:\wamp\www\meng\Application\Runtime\Cache\Admin\1e31b38d8d9702701609b47afd2fec77.php 第 186 行.
NOTIC: [8] Undefined variable: Think D:\wamp\www\meng\Application\Runtime\Cache\Admin\1e31b38d8d9702701609b47afd2fec77.php 第 192 行.
NOTIC: [8] Undefined variable: Think D:\wamp\www\meng\Application\Runtime\Cache\Admin\1e31b38d8d9702701609b47afd2fec77.php 第 198 行.
INFO: Run Behavior\ParseTemplateBehavior [ RunTime:0.028000s ]
INFO: [ view_parse ] --END-- [ RunTime:0.028000s ]
INFO: [ view_filter ] --START--
INFO: Run Behavior\WriteHtmlCacheBehavior [ RunTime:0.001000s ]
INFO: [ view_filter ] --END-- [ RunTime:0.001000s ]
INFO: [ app_end ] --START--
INFO: Run Behavior\ShowPageTraceBehavior [ RunTime:0.000000s ]
INFO: [ app_end ] --END-- [ RunTime:0.000000s ]

[ 2017-05-15T09:49:51+08:00 ] 127.0.0.1 /meng/index.php/Admin/Cate/lst.html
INFO: [ app_init ] --START--
INFO: Run Behavior\BuildLiteBehavior [ RunTime:0.000000s ]
INFO: [ app_init ] --END-- [ RunTime:0.001000s ]
INFO: [ app_begin ] --START--
INFO: Run Behavior\ReadHtmlCacheBehavior [ RunTime:0.001000s ]
INFO: [ app_begin ] --END-- [ RunTime:0.001000s ]
SQL: SHOW COLUMNS FROM `cate` [ RunTime:0.0010s ]
SQL: SELECT * FROM `cate` ORDER BY sort asc  [ RunTime:0.0000s ]
INFO: [ view_parse ] --START--
INFO: [ template_filter ] --START--
INFO: Run Behavior\ContentReplaceBehavior [ RunTime:0.000000s ]
INFO: [ template_filter ] --END-- [ RunTime:0.000000s ]
NOTIC: [8] Undefined variable: Think D:\wamp\www\meng\Application\Runtime\Cache\Admin\1e31b38d8d9702701609b47afd2fec77.php 第 123 行.
NOTIC: [8] Undefined variable: Think D:\wamp\www\meng\Application\Runtime\Cache\Admin\1e31b38d8d9702701609b47afd2fec77.php 第 129 行.
NOTIC: [8] Undefined variable: Think D:\wamp\www\meng\Application\Runtime\Cache\Admin\1e31b38d8d9702701609b47afd2fec77.php 第 123 行.
NOTIC: [8] Undefined variable: Think D:\wamp\www\meng\Application\Runtime\Cache\Admin\1e31b38d8d9702701609b47afd2fec77.php 第 129 行.
NOTIC: [8] Undefined variable: Think D:\wamp\www\meng\Application\Runtime\Cache\Admin\1e31b38d8d9702701609b47afd2fec77.php 第 123 行.
NOTIC: [8] Undefined variable: Think D:\wamp\www\meng\Application\Runtime\Cache\Admin\1e31b38d8d9702701609b47afd2fec77.php 第 129 行.
NOTIC: [8] Undefined variable: Think D:\wamp\www\meng\Application\Runtime\Cache\Admin\1e31b38d8d9702701609b47afd2fec77.php 第 123 行.
NOTIC: [8] Undefined variable: Think D:\wamp\www\meng\Application\Runtime\Cache\Admin\1e31b38d8d9702701609b47afd2fec77.php 第 129 行.
NOTIC: [8] Undefined variable: Think D:\wamp\www\meng\Application\Runtime\Cache\Admin\1e31b38d8d9702701609b47afd2fec77.php 第 123 行.
NOTIC: [8] Undefined variable: Think D:\wamp\www\meng\Application\Runtime\Cache\Admin\1e31b38d8d9702701609b47afd2fec77.php 第 129 行.
NOTIC: [8] Undefined variable: Think D:\wamp\www\meng\Application\Runtime\Cache\Admin\1e31b38d8d9702701609b47afd2fec77.php 第 123 行.
NOTIC: [8] Undefined variable: Think D:\wamp\www\meng\Application\Runtime\Cache\Admin\1e31b38d8d9702701609b47afd2fec77.php 第 129 行.
NOTIC: [8] Undefined variable: Think D:\wamp\www\meng\Application\Runtime\Cache\Admin\1e31b38d8d9702701609b47afd2fec77.php 第 138 行.
NOTIC: [8] Undefined variable: Think D:\wamp\www\meng\Application\Runtime\Cache\Admin\1e31b38d8d9702701609b47afd2fec77.php 第 148 行.
NOTIC: [8] Undefined variable: Think D:\wamp\www\meng\Application\Runtime\Cache\Admin\1e31b38d8d9702701609b47afd2fec77.php 第 154 行.
NOTIC: [8] Undefined variable: Think D:\wamp\www\meng\Application\Runtime\Cache\Admin\1e31b38d8d9702701609b47afd2fec77.php 第 162 行.
NOTIC: [8] Undefined variable: Think D:\wamp\www\meng\Application\Runtime\Cache\Admin\1e31b38d8d9702701609b47afd2fec77.php 第 168 行.
NOTIC: [8] Undefined variable: Think D:\wamp\www\meng\Application\Runtime\Cache\Admin\1e31b38d8d9702701609b47afd2fec77.php 第 173 行.
NOTIC: [8] Undefined variable: Think D:\wamp\www\meng\Application\Runtime\Cache\Admin\1e31b38d8d9702701609b47afd2fec77.php 第 173 行.
NOTIC: [8] Undefined variable: Think D:\wamp\www\meng\Application\Runtime\Cache\Admin\1e31b38d8d9702701609b47afd2fec77.php 第 173 行.
NOTIC: [8] Undefined variable: Think D:\wamp\www\meng\Application\Runtime\Cache\Admin\1e31b38d8d9702701609b47afd2fec77.php 第 179 行.
NOTIC: [8] Undefined variable: Think D:\wamp\www\meng\Application\Runtime\Cache\Admin\1e31b38d8d9702701609b47afd2fec77.php 第 179 行.
NOTIC: [8] Undefined variable: Think D:\wamp\www\meng\Application\Runtime\Cache\Admin\1e31b38d8d9702701609b47afd2fec77.php 第 179 行.
NOTIC: [8] Undefined variable: Think D:\wamp\www\meng\Application\Runtime\Cache\Admin\1e31b38d8d9702701609b47afd2fec77.php 第 186 行.
NOTIC: [8] Undefined variable: Think D:\wamp\www\meng\Application\Runtime\Cache\Admin\1e31b38d8d9702701609b47afd2fec77.php 第 192 行.
NOTIC: [8] Undefined variable: Think D:\wamp\www\meng\Application\Runtime\Cache\Admin\1e31b38d8d9702701609b47afd2fec77.php 第 198 行.
INFO: Run Behavior\ParseTemplateBehavior [ RunTime:0.020000s ]
INFO: [ view_parse ] --END-- [ RunTime:0.020000s ]
INFO: [ view_filter ] --START--
INFO: Run Behavior\WriteHtmlCacheBehavior [ RunTime:0.001000s ]
INFO: [ view_filter ] --END-- [ RunTime:0.001000s ]
INFO: [ app_end ] --START--
INFO: Run Behavior\ShowPageTraceBehavior [ RunTime:0.001000s ]
INFO: [ app_end ] --END-- [ RunTime:0.002000s ]

[ 2017-05-15T09:50:13+08:00 ] 127.0.0.1 /meng/index.php/Admin/Cate/lst.html
INFO: [ app_init ] --START--
INFO: Run Behavior\BuildLiteBehavior [ RunTime:0.000000s ]
INFO: [ app_init ] --END-- [ RunTime:0.000000s ]
INFO: [ app_begin ] --START--
INFO: Run Behavior\ReadHtmlCacheBehavior [ RunTime:0.000000s ]
INFO: [ app_begin ] --END-- [ RunTime:0.000000s ]
SQL: SHOW COLUMNS FROM `cate` [ RunTime:0.0010s ]
SQL: SELECT * FROM `cate` ORDER BY sort asc  [ RunTime:0.0000s ]
INFO: [ view_parse ] --START--
INFO: [ template_filter ] --START--
INFO: Run Behavior\ContentReplaceBehavior [ RunTime:0.000000s ]
INFO: [ template_filter ] --END-- [ RunTime:0.000000s ]
NOTIC: [8] Undefined variable: Think D:\wamp\www\meng\Application\Runtime\Cache\Admin\1e31b38d8d9702701609b47afd2fec77.php 第 123 行.
NOTIC: [8] Undefined variable: Think D:\wamp\www\meng\Application\Runtime\Cache\Admin\1e31b38d8d9702701609b47afd2fec77.php 第 129 行.
NOTIC: [8] Undefined variable: Think D:\wamp\www\meng\Application\Runtime\Cache\Admin\1e31b38d8d9702701609b47afd2fec77.php 第 123 行.
NOTIC: [8] Undefined variable: Think D:\wamp\www\meng\Application\Runtime\Cache\Admin\1e31b38d8d9702701609b47afd2fec77.php 第 129 行.
NOTIC: [8] Undefined variable: Think D:\wamp\www\meng\Application\Runtime\Cache\Admin\1e31b38d8d9702701609b47afd2fec77.php 第 123 行.
NOTIC: [8] Undefined variable: Think D:\wamp\www\meng\Application\Runtime\Cache\Admin\1e31b38d8d9702701609b47afd2fec77.php 第 129 行.
NOTIC: [8] Undefined variable: Think D:\wamp\www\meng\Application\Runtime\Cache\Admin\1e31b38d8d9702701609b47afd2fec77.php 第 123 行.
NOTIC: [8] Undefined variable: Think D:\wamp\www\meng\Application\Runtime\Cache\Admin\1e31b38d8d9702701609b47afd2fec77.php 第 129 行.
NOTIC: [8] Undefined variable: Think D:\wamp\www\meng\Application\Runtime\Cache\Admin\1e31b38d8d9702701609b47afd2fec77.php 第 123 行.
NOTIC: [8] Undefined variable: Think D:\wamp\www\meng\Application\Runtime\Cache\Admin\1e31b38d8d9702701609b47afd2fec77.php 第 129 行.
NOTIC: [8] Undefined variable: Think D:\wamp\www\meng\Application\Runtime\Cache\Admin\1e31b38d8d9702701609b47afd2fec77.php 第 123 行.
NOTIC: [8] Undefined variable: Think D:\wamp\www\meng\Application\Runtime\Cache\Admin\1e31b38d8d9702701609b47afd2fec77.php 第 129 行.
NOTIC: [8] Undefined variable: Think D:\wamp\www\meng\Application\Runtime\Cache\Admin\1e31b38d8d9702701609b47afd2fec77.php 第 138 行.
NOTIC: [8] Undefined variable: Think D:\wamp\www\meng\Application\Runtime\Cache\Admin\1e31b38d8d9702701609b47afd2fec77.php 第 148 行.
NOTIC: [8] Undefined variable: Think D:\wamp\www\meng\Application\Runtime\Cache\Admin\1e31b38d8d9702701609b47afd2fec77.php 第 154 行.
NOTIC: [8] Undefined variable: Think D:\wamp\www\meng\Application\Runtime\Cache\Admin\1e31b38d8d9702701609b47afd2fec77.php 第 162 行.
NOTIC: [8] Undefined variable: Think D:\wamp\www\meng\Application\Runtime\Cache\Admin\1e31b38d8d9702701609b47afd2fec77.php 第 168 行.
NOTIC: [8] Undefined variable: Think D:\wamp\www\meng\Application\Runtime\Cache\Admin\1e31b38d8d9702701609b47afd2fec77.php 第 173 行.
NOTIC: [8] Undefined variable: Think D:\wamp\www\meng\Application\Runtime\Cache\Admin\1e31b38d8d9702701609b47afd2fec77.php 第 173 行.
NOTIC: [8] Undefined variable: Think D:\wamp\www\meng\Application\Runtime\Cache\Admin\1e31b38d8d9702701609b47afd2fec77.php 第 173 行.
NOTIC: [8] Undefined variable: Think D:\wamp\www\meng\Application\Runtime\Cache\Admin\1e31b38d8d9702701609b47afd2fec77.php 第 179 行.
NOTIC: [8] Undefined variable: Think D:\wamp\www\meng\Application\Runtime\Cache\Admin\1e31b38d8d9702701609b47afd2fec77.php 第 179 行.
NOTIC: [8] Undefined variable: Think D:\wamp\www\meng\Application\Runtime\Cache\Admin\1e31b38d8d9702701609b47afd2fec77.php 第 179 行.
NOTIC: [8] Undefined variable: Think D:\wamp\www\meng\Application\Runtime\Cache\Admin\1e31b38d8d9702701609b47afd2fec77.php 第 186 行.
NOTIC: [8] Undefined variable: Think D:\wamp\www\meng\Application\Runtime\Cache\Admin\1e31b38d8d9702701609b47afd2fec77.php 第 192 行.
NOTIC: [8] Undefined variable: Think D:\wamp\www\meng\Application\Runtime\Cache\Admin\1e31b38d8d9702701609b47afd2fec77.php 第 198 行.
INFO: Run Behavior\ParseTemplateBehavior [ RunTime:0.020000s ]
INFO: [ view_parse ] --END-- [ RunTime:0.020000s ]
INFO: [ view_filter ] --START--
INFO: Run Behavior\WriteHtmlCacheBehavior [ RunTime:0.001000s ]
INFO: [ view_filter ] --END-- [ RunTime:0.001000s ]
INFO: [ app_end ] --START--
INFO: Run Behavior\ShowPageTraceBehavior [ RunTime:0.001000s ]
INFO: [ app_end ] --END-- [ RunTime:0.001000s ]

[ 2017-05-15T09:50:13+08:00 ] 127.0.0.1 /meng/index.php/Admin/Cate/lst.html
INFO: [ app_init ] --START--
INFO: Run Behavior\BuildLiteBehavior [ RunTime:0.000000s ]
INFO: [ app_init ] --END-- [ RunTime:0.001000s ]
INFO: [ app_begin ] --START--
INFO: Run Behavior\ReadHtmlCacheBehavior [ RunTime:0.001000s ]
INFO: [ app_begin ] --END-- [ RunTime:0.001000s ]
SQL: SHOW COLUMNS FROM `cate` [ RunTime:0.0010s ]
SQL: SELECT * FROM `cate` ORDER BY sort asc  [ RunTime:0.0000s ]
INFO: [ view_parse ] --START--
INFO: [ template_filter ] --START--
INFO: Run Behavior\ContentReplaceBehavior [ RunTime:0.000000s ]
INFO: [ template_filter ] --END-- [ RunTime:0.000000s ]
NOTIC: [8] Undefined variable: Think D:\wamp\www\meng\Application\Runtime\Cache\Admin\1e31b38d8d9702701609b47afd2fec77.php 第 123 行.
NOTIC: [8] Undefined variable: Think D:\wamp\www\meng\Application\Runtime\Cache\Admin\1e31b38d8d9702701609b47afd2fec77.php 第 129 行.
NOTIC: [8] Undefined variable: Think D:\wamp\www\meng\Application\Runtime\Cache\Admin\1e31b38d8d9702701609b47afd2fec77.php 第 123 行.
NOTIC: [8] Undefined variable: Think D:\wamp\www\meng\Application\Runtime\Cache\Admin\1e31b38d8d9702701609b47afd2fec77.php 第 129 行.
NOTIC: [8] Undefined variable: Think D:\wamp\www\meng\Application\Runtime\Cache\Admin\1e31b38d8d9702701609b47afd2fec77.php 第 123 行.
NOTIC: [8] Undefined variable: Think D:\wamp\www\meng\Application\Runtime\Cache\Admin\1e31b38d8d9702701609b47afd2fec77.php 第 129 行.
NOTIC: [8] Undefined variable: Think D:\wamp\www\meng\Application\Runtime\Cache\Admin\1e31b38d8d9702701609b47afd2fec77.php 第 123 行.
NOTIC: [8] Undefined variable: Think D:\wamp\www\meng\Application\Runtime\Cache\Admin\1e31b38d8d9702701609b47afd2fec77.php 第 129 行.
NOTIC: [8] Undefined variable: Think D:\wamp\www\meng\Application\Runtime\Cache\Admin\1e31b38d8d9702701609b47afd2fec77.php 第 123 行.
NOTIC: [8] Undefined variable: Think D:\wamp\www\meng\Application\Runtime\Cache\Admin\1e31b38d8d9702701609b47afd2fec77.php 第 129 行.
NOTIC: [8] Undefined variable: Think D:\wamp\www\meng\Application\Runtime\Cache\Admin\1e31b38d8d9702701609b47afd2fec77.php 第 123 行.
NOTIC: [8] Undefined variable: Think D:\wamp\www\meng\Application\Runtime\Cache\Admin\1e31b38d8d9702701609b47afd2fec77.php 第 129 行.
NOTIC: [8] Undefined variable: Think D:\wamp\www\meng\Application\Runtime\Cache\Admin\1e31b38d8d9702701609b47afd2fec77.php 第 138 行.
NOTIC: [8] Undefined variable: Think D:\wamp\www\meng\Application\Runtime\Cache\Admin\1e31b38d8d9702701609b47afd2fec77.php 第 148 行.
NOTIC: [8] Undefined variable: Think D:\wamp\www\meng\Application\Runtime\Cache\Admin\1e31b38d8d9702701609b47afd2fec77.php 第 154 行.
NOTIC: [8] Undefined variable: Think D:\wamp\www\meng\Application\Runtime\Cache\Admin\1e31b38d8d9702701609b47afd2fec77.php 第 162 行.
NOTIC: [8] Undefined variable: Think D:\wamp\www\meng\Application\Runtime\Cache\Admin\1e31b38d8d9702701609b47afd2fec77.php 第 168 行.
NOTIC: [8] Undefined variable: Think D:\wamp\www\meng\Application\Runtime\Cache\Admin\1e31b38d8d9702701609b47afd2fec77.php 第 173 行.
NOTIC: [8] Undefined variable: Think D:\wamp\www\meng\Application\Runtime\Cache\Admin\1e31b38d8d9702701609b47afd2fec77.php 第 173 行.
NOTIC: [8] Undefined variable: Think D:\wamp\www\meng\Application\Runtime\Cache\Admin\1e31b38d8d9702701609b47afd2fec77.php 第 173 行.
NOTIC: [8] Undefined variable: Think D:\wamp\www\meng\Application\Runtime\Cache\Admin\1e31b38d8d9702701609b47afd2fec77.php 第 179 行.
NOTIC: [8] Undefined variable: Think D:\wamp\www\meng\Application\Runtime\Cache\Admin\1e31b38d8d9702701609b47afd2fec77.php 第 179 行.
NOTIC: [8] Undefined variable: Think D:\wamp\www\meng\Application\Runtime\Cache\Admin\1e31b38d8d9702701609b47afd2fec77.php 第 179 行.
NOTIC: [8] Undefined variable: Think D:\wamp\www\meng\Application\Runtime\Cache\Admin\1e31b38d8d9702701609b47afd2fec77.php 第 186 行.
NOTIC: [8] Undefined variable: Think D:\wamp\www\meng\Application\Runtime\Cache\Admin\1e31b38d8d9702701609b47afd2fec77.php 第 192 行.
NOTIC: [8] Undefined variable: Think D:\wamp\www\meng\Application\Runtime\Cache\Admin\1e31b38d8d9702701609b47afd2fec77.php 第 198 行.
INFO: Run Behavior\ParseTemplateBehavior [ RunTime:0.020000s ]
INFO: [ view_parse ] --END-- [ RunTime:0.021000s ]
INFO: [ view_filter ] --START--
INFO: Run Behavior\WriteHtmlCacheBehavior [ RunTime:0.000000s ]
INFO: [ view_filter ] --END-- [ RunTime:0.000000s ]
INFO: [ app_end ] --START--
INFO: Run Behavior\ShowPageTraceBehavior [ RunTime:0.001000s ]
INFO: [ app_end ] --END-- [ RunTime:0.002000s ]

[ 2017-05-15T15:42:21+08:00 ] 127.0.0.1 /meng/index.php/Admin/Index/index.html
INFO: [ app_init ] --START--
INFO: Run Behavior\BuildLiteBehavior [ RunTime:0.000000s ]
INFO: [ app_init ] --END-- [ RunTime:0.001000s ]
INFO: [ app_begin ] --START--
INFO: Run Behavior\ReadHtmlCacheBehavior [ RunTime:0.001000s ]
INFO: [ app_begin ] --END-- [ RunTime:0.001000s ]
SQL: SHOW COLUMNS FROM `content_logo` [ RunTime:0.0010s ]
SQL: SELECT * FROM `content_logo` LIMIT 1   [ RunTime:0.0000s ]
SQL: SHOW COLUMNS FROM `article` [ RunTime:0.0010s ]
SQL: SELECT COUNT(*) AS tp_count FROM `article` WHERE ( rem=5 ) LIMIT 1   [ RunTime:0.0010s ]
SQL: SELECT a.*,b.catename catename FROM article a LEFT JOIN cate b ON a.cateid=b.id  WHERE ( rem=5 ) ORDER BY a.id desc LIMIT 0,8   [ RunTime:0.0010s ]
SQL: SHOW COLUMNS FROM `cate` [ RunTime:0.0010s ]
SQL: SELECT * FROM `cate` ORDER BY sort asc  [ RunTime:0.0010s ]
INFO: [ view_parse ] --START--
INFO: [ template_filter ] --START--
INFO: Run Behavior\ContentReplaceBehavior [ RunTime:0.000000s ]
INFO: [ template_filter ] --END-- [ RunTime:0.001000s ]
NOTIC: [8] Undefined variable: Think D:\wamp\www\meng\Application\Runtime\Cache\Admin\b595b808c2ebeeeb0478ffc30bb4e87a.php 第 138 行.
NOTIC: [8] Undefined variable: Think D:\wamp\www\meng\Application\Runtime\Cache\Admin\b595b808c2ebeeeb0478ffc30bb4e87a.php 第 144 行.
NOTIC: [8] Undefined variable: Think D:\wamp\www\meng\Application\Runtime\Cache\Admin\b595b808c2ebeeeb0478ffc30bb4e87a.php 第 138 行.
NOTIC: [8] Undefined variable: Think D:\wamp\www\meng\Application\Runtime\Cache\Admin\b595b808c2ebeeeb0478ffc30bb4e87a.php 第 144 行.
NOTIC: [8] Undefined variable: Think D:\wamp\www\meng\Application\Runtime\Cache\Admin\b595b808c2ebeeeb0478ffc30bb4e87a.php 第 138 行.
NOTIC: [8] Undefined variable: Think D:\wamp\www\meng\Application\Runtime\Cache\Admin\b595b808c2ebeeeb0478ffc30bb4e87a.php 第 144 行.
NOTIC: [8] Undefined variable: Think D:\wamp\www\meng\Application\Runtime\Cache\Admin\b595b808c2ebeeeb0478ffc30bb4e87a.php 第 138 行.
NOTIC: [8] Undefined variable: Think D:\wamp\www\meng\Application\Runtime\Cache\Admin\b595b808c2ebeeeb0478ffc30bb4e87a.php 第 144 行.
NOTIC: [8] Undefined variable: Think D:\wamp\www\meng\Application\Runtime\Cache\Admin\b595b808c2ebeeeb0478ffc30bb4e87a.php 第 138 行.
NOTIC: [8] Undefined variable: Think D:\wamp\www\meng\Application\Runtime\Cache\Admin\b595b808c2ebeeeb0478ffc30bb4e87a.php 第 144 行.
NOTIC: [8] Undefined variable: Think D:\wamp\www\meng\Application\Runtime\Cache\Admin\b595b808c2ebeeeb0478ffc30bb4e87a.php 第 138 行.
NOTIC: [8] Undefined variable: Think D:\wamp\www\meng\Application\Runtime\Cache\Admin\b595b808c2ebeeeb0478ffc30bb4e87a.php 第 144 行.
NOTIC: [8] Undefined variable: Think D:\wamp\www\meng\Application\Runtime\Cache\Admin\b595b808c2ebeeeb0478ffc30bb4e87a.php 第 153 行.
NOTIC: [8] Undefined variable: Think D:\wamp\www\meng\Application\Runtime\Cache\Admin\b595b808c2ebeeeb0478ffc30bb4e87a.php 第 163 行.
NOTIC: [8] Undefined variable: Think D:\wamp\www\meng\Application\Runtime\Cache\Admin\b595b808c2ebeeeb0478ffc30bb4e87a.php 第 169 行.
NOTIC: [8] Undefined variable: Think D:\wamp\www\meng\Application\Runtime\Cache\Admin\b595b808c2ebeeeb0478ffc30bb4e87a.php 第 177 行.
NOTIC: [8] Undefined variable: Think D:\wamp\www\meng\Application\Runtime\Cache\Admin\b595b808c2ebeeeb0478ffc30bb4e87a.php 第 183 行.
NOTIC: [8] Undefined variable: Think D:\wamp\www\meng\Application\Runtime\Cache\Admin\b595b808c2ebeeeb0478ffc30bb4e87a.php 第 188 行.
NOTIC: [8] Undefined variable: Think D:\wamp\www\meng\Application\Runtime\Cache\Admin\b595b808c2ebeeeb0478ffc30bb4e87a.php 第 188 行.
NOTIC: [8] Undefined variable: Think D:\wamp\www\meng\Application\Runtime\Cache\Admin\b595b808c2ebeeeb0478ffc30bb4e87a.php 第 188 行.
NOTIC: [8] Undefined variable: Think D:\wamp\www\meng\Application\Runtime\Cache\Admin\b595b808c2ebeeeb0478ffc30bb4e87a.php 第 194 行.
NOTIC: [8] Undefined variable: Think D:\wamp\www\meng\Application\Runtime\Cache\Admin\b595b808c2ebeeeb0478ffc30bb4e87a.php 第 194 行.
NOTIC: [8] Undefined variable: Think D:\wamp\www\meng\Application\Runtime\Cache\Admin\b595b808c2ebeeeb0478ffc30bb4e87a.php 第 194 行.
NOTIC: [8] Undefined variable: Think D:\wamp\www\meng\Application\Runtime\Cache\Admin\b595b808c2ebeeeb0478ffc30bb4e87a.php 第 201 行.
NOTIC: [8] Undefined variable: Think D:\wamp\www\meng\Application\Runtime\Cache\Admin\b595b808c2ebeeeb0478ffc30bb4e87a.php 第 207 行.
NOTIC: [8] Undefined variable: Think D:\wamp\www\meng\Application\Runtime\Cache\Admin\b595b808c2ebeeeb0478ffc30bb4e87a.php 第 213 行.
INFO: Run Behavior\ParseTemplateBehavior [ RunTime:0.025000s ]
INFO: [ view_parse ] --END-- [ RunTime:0.025000s ]
INFO: [ view_filter ] --START--
INFO: Run Behavior\WriteHtmlCacheBehavior [ RunTime:0.000000s ]
INFO: [ view_filter ] --END-- [ RunTime:0.001000s ]
INFO: [ app_end ] --START--
INFO: Run Behavior\ShowPageTraceBehavior [ RunTime:0.001000s ]
INFO: [ app_end ] --END-- [ RunTime:0.001000s ]

