[ 2017-07-31T18:24:12+08:00 ] 127.0.0.1 /myblog/admin
INFO: [ app_init ] --START--
INFO: Run Behavior\BuildLiteBehavior [ RunTime:0.001000s ]
INFO: [ app_init ] --END-- [ RunTime:0.001000s ]
INFO: [ app_begin ] --START--
INFO: Run Behavior\ReadHtmlCacheBehavior [ RunTime:0.001000s ]
INFO: [ app_begin ] --END-- [ RunTime:0.001000s ]
SQL: SHOW COLUMNS FROM `msg` [ RunTime:0.0030s ]
SQL: SELECT * FROM `msg`  [ RunTime:0.0010s ]
INFO: [ view_parse ] --START--
INFO: [ template_filter ] --START--
INFO: Run Behavior\ContentReplaceBehavior [ RunTime:0.000000s ]
INFO: [ template_filter ] --END-- [ RunTime:0.000000s ]
INFO: Run Behavior\ParseTemplateBehavior [ RunTime:0.007000s ]
INFO: [ view_parse ] --END-- [ RunTime:0.008000s ]
INFO: [ view_filter ] --START--
INFO: Run Behavior\WriteHtmlCacheBehavior [ RunTime:0.001000s ]
INFO: [ view_filter ] --END-- [ RunTime:0.001000s ]

[ 2017-07-31T18:24:15+08:00 ] 127.0.0.1 /myblog/Admin/Login/index.html
INFO: [ app_init ] --START--
INFO: Run Behavior\BuildLiteBehavior [ RunTime:0.000000s ]
INFO: [ app_init ] --END-- [ RunTime:0.000000s ]
INFO: [ app_begin ] --START--
INFO: Run Behavior\ReadHtmlCacheBehavior [ RunTime:0.001000s ]
INFO: [ app_begin ] --END-- [ RunTime:0.001000s ]
INFO: [ view_parse ] --START--
INFO: [ template_filter ] --START--
INFO: Run Behavior\ContentReplaceBehavior [ RunTime:0.000000s ]
INFO: [ template_filter ] --END-- [ RunTime:0.000000s ]
INFO: Run Behavior\ParseTemplateBehavior [ RunTime:0.014000s ]
INFO: [ view_parse ] --END-- [ RunTime:0.014000s ]
INFO: [ view_filter ] --START--
INFO: Run Behavior\WriteHtmlCacheBehavior [ RunTime:0.001000s ]
INFO: [ view_filter ] --END-- [ RunTime:0.001000s ]
INFO: [ app_end ] --START--
INFO: Run Behavior\ShowPageTraceBehavior [ RunTime:0.001000s ]
INFO: [ app_end ] --END-- [ RunTime:0.001000s ]

[ 2017-07-31T18:25:40+08:00 ] 127.0.0.1 /myblog/Admin/Login/index.html
INFO: [ app_init ] --START--
INFO: Run Behavior\BuildLiteBehavior [ RunTime:0.000000s ]
INFO: [ app_init ] --END-- [ RunTime:0.001000s ]
INFO: [ app_begin ] --START--
INFO: Run Behavior\ReadHtmlCacheBehavior [ RunTime:0.001000s ]
INFO: [ app_begin ] --END-- [ RunTime:0.002000s ]
SQL: SHOW COLUMNS FROM `user` [ RunTime:0.0010s ]
SQL: SELECT * FROM `user` WHERE `username` = 'admin' LIMIT 1   [ RunTime:0.0010s ]
SQL: SHOW COLUMNS FROM `role` [ RunTime:0.0010s ]
SQL: SHOW COLUMNS FROM `privilege` [ RunTime:0.0010s ]
SQL: SELECT * FROM `privilege`  [ RunTime:0.0010s ]
SQL: SELECT * FROM `role` WHERE `id` = 1 LIMIT 1   [ RunTime:0.0000s ]
SQL: SELECT * FROM `privilege` WHERE ( parentid=0 )  [ RunTime:0.0000s ]
SQL: SELECT * FROM `privilege` WHERE ( parentid=1 )  [ RunTime:0.0000s ]
SQL: SELECT * FROM `privilege` WHERE ( parentid=8 )  [ RunTime:0.0010s ]
SQL: SELECT * FROM `privilege` WHERE ( parentid=12 )  [ RunTime:0.0000s ]
SQL: SELECT * FROM `privilege` WHERE ( parentid=13 )  [ RunTime:0.0000s ]
SQL: SELECT * FROM `privilege` WHERE ( parentid=14 )  [ RunTime:0.0010s ]
SQL: SELECT * FROM `privilege` WHERE ( parentid=18 )  [ RunTime:0.0010s ]
SQL: SHOW COLUMNS FROM `login_log` [ RunTime:0.0020s ]
SQL: INSERT INTO `login_log` (`username`,`realname`,`head_pic`,`ip`,`address`,`time`) VALUES ('admin','小明','/Uploads/2017-05-06/590d7f00c5e92.jpg','127.0.0.1','湖北武汉','1501496740') [ RunTime:0.0010s ]
INFO: [ view_parse ] --START--
INFO: [ template_filter ] --START--
INFO: Run Behavior\ContentReplaceBehavior [ RunTime:0.000000s ]
INFO: [ template_filter ] --END-- [ RunTime:0.000000s ]
INFO: Run Behavior\ParseTemplateBehavior [ RunTime:0.008000s ]
INFO: [ view_parse ] --END-- [ RunTime:0.008000s ]
INFO: [ view_filter ] --START--
INFO: Run Behavior\WriteHtmlCacheBehavior [ RunTime:0.001000s ]
INFO: [ view_filter ] --END-- [ RunTime:0.001000s ]
INFO: [ app_end ] --START--
INFO: Run Behavior\ShowPageTraceBehavior [ RunTime:0.001000s ]
INFO: [ app_end ] --END-- [ RunTime:0.001000s ]

[ 2017-07-31T18:25:41+08:00 ] 127.0.0.1 /myblog/Admin/Index/index.html
INFO: [ app_init ] --START--
INFO: Run Behavior\BuildLiteBehavior [ RunTime:0.000000s ]
INFO: [ app_init ] --END-- [ RunTime:0.000000s ]
INFO: [ app_begin ] --START--
INFO: Run Behavior\ReadHtmlCacheBehavior [ RunTime:0.001000s ]
INFO: [ app_begin ] --END-- [ RunTime:0.001000s ]
SQL: SHOW COLUMNS FROM `msg` [ RunTime:0.0010s ]
SQL: SELECT * FROM `msg`  [ RunTime:0.0000s ]
SQL: SHOW COLUMNS FROM `content_logo` [ RunTime:0.0010s ]
SQL: SELECT * FROM `content_logo` LIMIT 1   [ RunTime:0.0010s ]
SQL: SHOW COLUMNS FROM `article` [ RunTime:0.0020s ]
SQL: SELECT COUNT(*) AS tp_count FROM `article` WHERE ( rem=5 ) LIMIT 1   [ RunTime:0.0010s ]
SQL: SELECT a.*,b.catename catename FROM article a LEFT JOIN cate b ON a.cateid=b.id  WHERE ( rem=5 ) ORDER BY a.id desc LIMIT 0,8   [ RunTime:0.0010s ]
SQL: SHOW COLUMNS FROM `cate` [ RunTime:0.0010s ]
SQL: SELECT * FROM `cate` ORDER BY sort asc  [ RunTime:0.0000s ]
INFO: [ view_parse ] --START--
INFO: [ template_filter ] --START--
INFO: Run Behavior\ContentReplaceBehavior [ RunTime:0.000000s ]
INFO: [ template_filter ] --END-- [ RunTime:0.000000s ]
NOTIC: [8] Undefined variable: Think D:\wamp\www\myblog\Application\Runtime\Cache\Admin\b595b808c2ebeeeb0478ffc30bb4e87a.php 第 129 行.
NOTIC: [8] Undefined variable: Think D:\wamp\www\myblog\Application\Runtime\Cache\Admin\b595b808c2ebeeeb0478ffc30bb4e87a.php 第 135 行.
NOTIC: [8] Undefined variable: Think D:\wamp\www\myblog\Application\Runtime\Cache\Admin\b595b808c2ebeeeb0478ffc30bb4e87a.php 第 129 行.
NOTIC: [8] Undefined variable: Think D:\wamp\www\myblog\Application\Runtime\Cache\Admin\b595b808c2ebeeeb0478ffc30bb4e87a.php 第 135 行.
NOTIC: [8] Undefined variable: Think D:\wamp\www\myblog\Application\Runtime\Cache\Admin\b595b808c2ebeeeb0478ffc30bb4e87a.php 第 129 行.
NOTIC: [8] Undefined variable: Think D:\wamp\www\myblog\Application\Runtime\Cache\Admin\b595b808c2ebeeeb0478ffc30bb4e87a.php 第 135 行.
NOTIC: [8] Undefined variable: Think D:\wamp\www\myblog\Application\Runtime\Cache\Admin\b595b808c2ebeeeb0478ffc30bb4e87a.php 第 129 行.
NOTIC: [8] Undefined variable: Think D:\wamp\www\myblog\Application\Runtime\Cache\Admin\b595b808c2ebeeeb0478ffc30bb4e87a.php 第 135 行.
NOTIC: [8] Undefined variable: Think D:\wamp\www\myblog\Application\Runtime\Cache\Admin\b595b808c2ebeeeb0478ffc30bb4e87a.php 第 129 行.
NOTIC: [8] Undefined variable: Think D:\wamp\www\myblog\Application\Runtime\Cache\Admin\b595b808c2ebeeeb0478ffc30bb4e87a.php 第 135 行.
NOTIC: [8] Undefined variable: Think D:\wamp\www\myblog\Application\Runtime\Cache\Admin\b595b808c2ebeeeb0478ffc30bb4e87a.php 第 129 行.
NOTIC: [8] Undefined variable: Think D:\wamp\www\myblog\Application\Runtime\Cache\Admin\b595b808c2ebeeeb0478ffc30bb4e87a.php 第 135 行.
NOTIC: [8] Undefined variable: Think D:\wamp\www\myblog\Application\Runtime\Cache\Admin\b595b808c2ebeeeb0478ffc30bb4e87a.php 第 144 行.
NOTIC: [8] Undefined variable: Think D:\wamp\www\myblog\Application\Runtime\Cache\Admin\b595b808c2ebeeeb0478ffc30bb4e87a.php 第 154 行.
NOTIC: [8] Undefined variable: Think D:\wamp\www\myblog\Application\Runtime\Cache\Admin\b595b808c2ebeeeb0478ffc30bb4e87a.php 第 160 行.
NOTIC: [8] Undefined variable: Think D:\wamp\www\myblog\Application\Runtime\Cache\Admin\b595b808c2ebeeeb0478ffc30bb4e87a.php 第 168 行.
NOTIC: [8] Undefined variable: Think D:\wamp\www\myblog\Application\Runtime\Cache\Admin\b595b808c2ebeeeb0478ffc30bb4e87a.php 第 174 行.
NOTIC: [8] Undefined variable: Think D:\wamp\www\myblog\Application\Runtime\Cache\Admin\b595b808c2ebeeeb0478ffc30bb4e87a.php 第 179 行.
NOTIC: [8] Undefined variable: Think D:\wamp\www\myblog\Application\Runtime\Cache\Admin\b595b808c2ebeeeb0478ffc30bb4e87a.php 第 179 行.
NOTIC: [8] Undefined variable: Think D:\wamp\www\myblog\Application\Runtime\Cache\Admin\b595b808c2ebeeeb0478ffc30bb4e87a.php 第 179 行.
NOTIC: [8] Undefined variable: Think D:\wamp\www\myblog\Application\Runtime\Cache\Admin\b595b808c2ebeeeb0478ffc30bb4e87a.php 第 185 行.
NOTIC: [8] Undefined variable: Think D:\wamp\www\myblog\Application\Runtime\Cache\Admin\b595b808c2ebeeeb0478ffc30bb4e87a.php 第 185 行.
NOTIC: [8] Undefined variable: Think D:\wamp\www\myblog\Application\Runtime\Cache\Admin\b595b808c2ebeeeb0478ffc30bb4e87a.php 第 185 行.
NOTIC: [8] Undefined variable: Think D:\wamp\www\myblog\Application\Runtime\Cache\Admin\b595b808c2ebeeeb0478ffc30bb4e87a.php 第 192 行.
NOTIC: [8] Undefined variable: Think D:\wamp\www\myblog\Application\Runtime\Cache\Admin\b595b808c2ebeeeb0478ffc30bb4e87a.php 第 198 行.
NOTIC: [8] Undefined variable: Think D:\wamp\www\myblog\Application\Runtime\Cache\Admin\b595b808c2ebeeeb0478ffc30bb4e87a.php 第 204 行.
INFO: Run Behavior\ParseTemplateBehavior [ RunTime:0.029000s ]
INFO: [ view_parse ] --END-- [ RunTime:0.029000s ]
INFO: [ view_filter ] --START--
INFO: Run Behavior\WriteHtmlCacheBehavior [ RunTime:0.000000s ]
INFO: [ view_filter ] --END-- [ RunTime:0.000000s ]
INFO: [ app_end ] --START--
INFO: Run Behavior\ShowPageTraceBehavior [ RunTime:0.002000s ]
INFO: [ app_end ] --END-- [ RunTime:0.002000s ]

[ 2017-07-31T18:25:46+08:00 ] 127.0.0.1 /myblog/Admin/Role/lst.html
INFO: [ app_init ] --START--
INFO: Run Behavior\BuildLiteBehavior [ RunTime:0.000000s ]
INFO: [ app_init ] --END-- [ RunTime:0.000000s ]
INFO: [ app_begin ] --START--
INFO: Run Behavior\ReadHtmlCacheBehavior [ RunTime:0.001000s ]
INFO: [ app_begin ] --END-- [ RunTime:0.001000s ]
SQL: SHOW COLUMNS FROM `msg` [ RunTime:0.0000s ]
SQL: SELECT * FROM `msg`  [ RunTime:0.0000s ]
SQL: SHOW COLUMNS FROM `role` [ RunTime:0.0020s ]
SQL: SELECT COUNT(*) AS tp_count FROM `role` LIMIT 1   [ RunTime:0.0010s ]
SQL: SELECT a.*,GROUP_CONCAT(b.pri_name) pri_name FROM role a LEFT JOIN privilege b ON FIND_IN_SET(b.id,a.pri_id_list)  GROUP BY a.id LIMIT 0,8   [ RunTime:0.0010s ]
INFO: [ view_parse ] --START--
INFO: [ template_filter ] --START--
INFO: Run Behavior\ContentReplaceBehavior [ RunTime:0.000000s ]
INFO: [ template_filter ] --END-- [ RunTime:0.003000s ]
NOTIC: [8] Undefined variable: Think D:\wamp\www\myblog\Application\Runtime\Cache\Admin\64431effeb3c8b31c1cd32ecd958c163.php 第 114 行.
NOTIC: [8] Undefined variable: Think D:\wamp\www\myblog\Application\Runtime\Cache\Admin\64431effeb3c8b31c1cd32ecd958c163.php 第 120 行.
NOTIC: [8] Undefined variable: Think D:\wamp\www\myblog\Application\Runtime\Cache\Admin\64431effeb3c8b31c1cd32ecd958c163.php 第 114 行.
NOTIC: [8] Undefined variable: Think D:\wamp\www\myblog\Application\Runtime\Cache\Admin\64431effeb3c8b31c1cd32ecd958c163.php 第 120 行.
NOTIC: [8] Undefined variable: Think D:\wamp\www\myblog\Application\Runtime\Cache\Admin\64431effeb3c8b31c1cd32ecd958c163.php 第 114 行.
NOTIC: [8] Undefined variable: Think D:\wamp\www\myblog\Application\Runtime\Cache\Admin\64431effeb3c8b31c1cd32ecd958c163.php 第 120 行.
NOTIC: [8] Undefined variable: Think D:\wamp\www\myblog\Application\Runtime\Cache\Admin\64431effeb3c8b31c1cd32ecd958c163.php 第 114 行.
NOTIC: [8] Undefined variable: Think D:\wamp\www\myblog\Application\Runtime\Cache\Admin\64431effeb3c8b31c1cd32ecd958c163.php 第 120 行.
NOTIC: [8] Undefined variable: Think D:\wamp\www\myblog\Application\Runtime\Cache\Admin\64431effeb3c8b31c1cd32ecd958c163.php 第 114 行.
NOTIC: [8] Undefined variable: Think D:\wamp\www\myblog\Application\Runtime\Cache\Admin\64431effeb3c8b31c1cd32ecd958c163.php 第 120 行.
NOTIC: [8] Undefined variable: Think D:\wamp\www\myblog\Application\Runtime\Cache\Admin\64431effeb3c8b31c1cd32ecd958c163.php 第 114 行.
NOTIC: [8] Undefined variable: Think D:\wamp\www\myblog\Application\Runtime\Cache\Admin\64431effeb3c8b31c1cd32ecd958c163.php 第 120 行.
NOTIC: [8] Undefined variable: Think D:\wamp\www\myblog\Application\Runtime\Cache\Admin\64431effeb3c8b31c1cd32ecd958c163.php 第 129 行.
NOTIC: [8] Undefined variable: Think D:\wamp\www\myblog\Application\Runtime\Cache\Admin\64431effeb3c8b31c1cd32ecd958c163.php 第 139 行.
NOTIC: [8] Undefined variable: Think D:\wamp\www\myblog\Application\Runtime\Cache\Admin\64431effeb3c8b31c1cd32ecd958c163.php 第 145 行.
NOTIC: [8] Undefined variable: Think D:\wamp\www\myblog\Application\Runtime\Cache\Admin\64431effeb3c8b31c1cd32ecd958c163.php 第 153 行.
NOTIC: [8] Undefined variable: Think D:\wamp\www\myblog\Application\Runtime\Cache\Admin\64431effeb3c8b31c1cd32ecd958c163.php 第 159 行.
NOTIC: [8] Undefined variable: Think D:\wamp\www\myblog\Application\Runtime\Cache\Admin\64431effeb3c8b31c1cd32ecd958c163.php 第 164 行.
NOTIC: [8] Undefined variable: Think D:\wamp\www\myblog\Application\Runtime\Cache\Admin\64431effeb3c8b31c1cd32ecd958c163.php 第 164 行.
NOTIC: [8] Undefined variable: Think D:\wamp\www\myblog\Application\Runtime\Cache\Admin\64431effeb3c8b31c1cd32ecd958c163.php 第 170 行.
NOTIC: [8] Undefined variable: Think D:\wamp\www\myblog\Application\Runtime\Cache\Admin\64431effeb3c8b31c1cd32ecd958c163.php 第 170 行.
NOTIC: [8] Undefined variable: Think D:\wamp\www\myblog\Application\Runtime\Cache\Admin\64431effeb3c8b31c1cd32ecd958c163.php 第 177 行.
NOTIC: [8] Undefined variable: Think D:\wamp\www\myblog\Application\Runtime\Cache\Admin\64431effeb3c8b31c1cd32ecd958c163.php 第 183 行.
NOTIC: [8] Undefined variable: Think D:\wamp\www\myblog\Application\Runtime\Cache\Admin\64431effeb3c8b31c1cd32ecd958c163.php 第 189 行.
INFO: Run Behavior\ParseTemplateBehavior [ RunTime:0.027000s ]
INFO: [ view_parse ] --END-- [ RunTime:0.027000s ]
INFO: [ view_filter ] --START--
INFO: Run Behavior\WriteHtmlCacheBehavior [ RunTime:0.001000s ]
INFO: [ view_filter ] --END-- [ RunTime:0.001000s ]
INFO: [ app_end ] --START--
INFO: Run Behavior\ShowPageTraceBehavior [ RunTime:0.002000s ]
INFO: [ app_end ] --END-- [ RunTime:0.002000s ]

[ 2017-07-31T18:25:47+08:00 ] 127.0.0.1 /myblog/Admin/Privilege/lst.html
INFO: [ app_init ] --START--
INFO: Run Behavior\BuildLiteBehavior [ RunTime:0.000000s ]
INFO: [ app_init ] --END-- [ RunTime:0.001000s ]
INFO: [ app_begin ] --START--
INFO: Run Behavior\ReadHtmlCacheBehavior [ RunTime:0.001000s ]
INFO: [ app_begin ] --END-- [ RunTime:0.001000s ]
SQL: SHOW COLUMNS FROM `msg` [ RunTime:0.0010s ]
SQL: SELECT * FROM `msg`  [ RunTime:0.0000s ]
SQL: SHOW COLUMNS FROM `privilege` [ RunTime:0.0010s ]
SQL: SELECT * FROM `privilege`  [ RunTime:0.0000s ]
INFO: [ view_parse ] --START--
INFO: [ template_filter ] --START--
INFO: Run Behavior\ContentReplaceBehavior [ RunTime:0.000000s ]
INFO: [ template_filter ] --END-- [ RunTime:0.000000s ]
NOTIC: [8] Undefined variable: Think D:\wamp\www\myblog\Application\Runtime\Cache\Admin\1c990affb7d51d2df56dce018d5c78a2.php 第 113 行.
NOTIC: [8] Undefined variable: Think D:\wamp\www\myblog\Application\Runtime\Cache\Admin\1c990affb7d51d2df56dce018d5c78a2.php 第 119 行.
NOTIC: [8] Undefined variable: Think D:\wamp\www\myblog\Application\Runtime\Cache\Admin\1c990affb7d51d2df56dce018d5c78a2.php 第 113 行.
NOTIC: [8] Undefined variable: Think D:\wamp\www\myblog\Application\Runtime\Cache\Admin\1c990affb7d51d2df56dce018d5c78a2.php 第 119 行.
NOTIC: [8] Undefined variable: Think D:\wamp\www\myblog\Application\Runtime\Cache\Admin\1c990affb7d51d2df56dce018d5c78a2.php 第 113 行.
NOTIC: [8] Undefined variable: Think D:\wamp\www\myblog\Application\Runtime\Cache\Admin\1c990affb7d51d2df56dce018d5c78a2.php 第 119 行.
NOTIC: [8] Undefined variable: Think D:\wamp\www\myblog\Application\Runtime\Cache\Admin\1c990affb7d51d2df56dce018d5c78a2.php 第 113 行.
NOTIC: [8] Undefined variable: Think D:\wamp\www\myblog\Application\Runtime\Cache\Admin\1c990affb7d51d2df56dce018d5c78a2.php 第 119 行.
NOTIC: [8] Undefined variable: Think D:\wamp\www\myblog\Application\Runtime\Cache\Admin\1c990affb7d51d2df56dce018d5c78a2.php 第 113 行.
NOTIC: [8] Undefined variable: Think D:\wamp\www\myblog\Application\Runtime\Cache\Admin\1c990affb7d51d2df56dce018d5c78a2.php 第 119 行.
NOTIC: [8] Undefined variable: Think D:\wamp\www\myblog\Application\Runtime\Cache\Admin\1c990affb7d51d2df56dce018d5c78a2.php 第 113 行.
NOTIC: [8] Undefined variable: Think D:\wamp\www\myblog\Application\Runtime\Cache\Admin\1c990affb7d51d2df56dce018d5c78a2.php 第 119 行.
NOTIC: [8] Undefined variable: Think D:\wamp\www\myblog\Application\Runtime\Cache\Admin\1c990affb7d51d2df56dce018d5c78a2.php 第 128 行.
NOTIC: [8] Undefined variable: Think D:\wamp\www\myblog\Application\Runtime\Cache\Admin\1c990affb7d51d2df56dce018d5c78a2.php 第 138 行.
NOTIC: [8] Undefined variable: Think D:\wamp\www\myblog\Application\Runtime\Cache\Admin\1c990affb7d51d2df56dce018d5c78a2.php 第 144 行.
NOTIC: [8] Undefined variable: Think D:\wamp\www\myblog\Application\Runtime\Cache\Admin\1c990affb7d51d2df56dce018d5c78a2.php 第 152 行.
NOTIC: [8] Undefined variable: Think D:\wamp\www\myblog\Application\Runtime\Cache\Admin\1c990affb7d51d2df56dce018d5c78a2.php 第 158 行.
NOTIC: [8] Undefined variable: Think D:\wamp\www\myblog\Application\Runtime\Cache\Admin\1c990affb7d51d2df56dce018d5c78a2.php 第 163 行.
NOTIC: [8] Undefined variable: Think D:\wamp\www\myblog\Application\Runtime\Cache\Admin\1c990affb7d51d2df56dce018d5c78a2.php 第 163 行.
NOTIC: [8] Undefined variable: Think D:\wamp\www\myblog\Application\Runtime\Cache\Admin\1c990affb7d51d2df56dce018d5c78a2.php 第 163 行.
NOTIC: [8] Undefined variable: Think D:\wamp\www\myblog\Application\Runtime\Cache\Admin\1c990affb7d51d2df56dce018d5c78a2.php 第 169 行.
NOTIC: [8] Undefined variable: Think D:\wamp\www\myblog\Application\Runtime\Cache\Admin\1c990affb7d51d2df56dce018d5c78a2.php 第 169 行.
NOTIC: [8] Undefined variable: Think D:\wamp\www\myblog\Application\Runtime\Cache\Admin\1c990affb7d51d2df56dce018d5c78a2.php 第 169 行.
NOTIC: [8] Undefined variable: Think D:\wamp\www\myblog\Application\Runtime\Cache\Admin\1c990affb7d51d2df56dce018d5c78a2.php 第 176 行.
NOTIC: [8] Undefined variable: Think D:\wamp\www\myblog\Application\Runtime\Cache\Admin\1c990affb7d51d2df56dce018d5c78a2.php 第 182 行.
NOTIC: [8] Undefined variable: Think D:\wamp\www\myblog\Application\Runtime\Cache\Admin\1c990affb7d51d2df56dce018d5c78a2.php 第 188 行.
INFO: Run Behavior\ParseTemplateBehavior [ RunTime:0.027000s ]
INFO: [ view_parse ] --END-- [ RunTime:0.027000s ]
INFO: [ view_filter ] --START--
INFO: Run Behavior\WriteHtmlCacheBehavior [ RunTime:0.001000s ]
INFO: [ view_filter ] --END-- [ RunTime:0.001000s ]
INFO: [ app_end ] --START--
INFO: Run Behavior\ShowPageTraceBehavior [ RunTime:0.001000s ]
INFO: [ app_end ] --END-- [ RunTime:0.001000s ]

[ 2017-07-31T18:25:50+08:00 ] 127.0.0.1 /myblog/Admin/Role/lst.html
INFO: [ app_init ] --START--
INFO: Run Behavior\BuildLiteBehavior [ RunTime:0.000000s ]
INFO: [ app_init ] --END-- [ RunTime:0.001000s ]
INFO: [ app_begin ] --START--
INFO: Run Behavior\ReadHtmlCacheBehavior [ RunTime:0.001000s ]
INFO: [ app_begin ] --END-- [ RunTime:0.001000s ]
SQL: SHOW COLUMNS FROM `msg` [ RunTime:0.0020s ]
SQL: SELECT * FROM `msg`  [ RunTime:0.0000s ]
SQL: SHOW COLUMNS FROM `role` [ RunTime:0.0010s ]
SQL: SELECT COUNT(*) AS tp_count FROM `role` LIMIT 1   [ RunTime:0.0000s ]
SQL: SELECT a.*,GROUP_CONCAT(b.pri_name) pri_name FROM role a LEFT JOIN privilege b ON FIND_IN_SET(b.id,a.pri_id_list)  GROUP BY a.id LIMIT 0,8   [ RunTime:0.0010s ]
INFO: [ view_parse ] --START--
INFO: [ template_filter ] --START--
INFO: Run Behavior\ContentReplaceBehavior [ RunTime:0.000000s ]
INFO: [ template_filter ] --END-- [ RunTime:0.000000s ]
NOTIC: [8] Undefined variable: Think D:\wamp\www\myblog\Application\Runtime\Cache\Admin\64431effeb3c8b31c1cd32ecd958c163.php 第 114 行.
NOTIC: [8] Undefined variable: Think D:\wamp\www\myblog\Application\Runtime\Cache\Admin\64431effeb3c8b31c1cd32ecd958c163.php 第 120 行.
NOTIC: [8] Undefined variable: Think D:\wamp\www\myblog\Application\Runtime\Cache\Admin\64431effeb3c8b31c1cd32ecd958c163.php 第 114 行.
NOTIC: [8] Undefined variable: Think D:\wamp\www\myblog\Application\Runtime\Cache\Admin\64431effeb3c8b31c1cd32ecd958c163.php 第 120 行.
NOTIC: [8] Undefined variable: Think D:\wamp\www\myblog\Application\Runtime\Cache\Admin\64431effeb3c8b31c1cd32ecd958c163.php 第 114 行.
NOTIC: [8] Undefined variable: Think D:\wamp\www\myblog\Application\Runtime\Cache\Admin\64431effeb3c8b31c1cd32ecd958c163.php 第 120 行.
NOTIC: [8] Undefined variable: Think D:\wamp\www\myblog\Application\Runtime\Cache\Admin\64431effeb3c8b31c1cd32ecd958c163.php 第 114 行.
NOTIC: [8] Undefined variable: Think D:\wamp\www\myblog\Application\Runtime\Cache\Admin\64431effeb3c8b31c1cd32ecd958c163.php 第 120 行.
NOTIC: [8] Undefined variable: Think D:\wamp\www\myblog\Application\Runtime\Cache\Admin\64431effeb3c8b31c1cd32ecd958c163.php 第 114 行.
NOTIC: [8] Undefined variable: Think D:\wamp\www\myblog\Application\Runtime\Cache\Admin\64431effeb3c8b31c1cd32ecd958c163.php 第 120 行.
NOTIC: [8] Undefined variable: Think D:\wamp\www\myblog\Application\Runtime\Cache\Admin\64431effeb3c8b31c1cd32ecd958c163.php 第 114 行.
NOTIC: [8] Undefined variable: Think D:\wamp\www\myblog\Application\Runtime\Cache\Admin\64431effeb3c8b31c1cd32ecd958c163.php 第 120 行.
NOTIC: [8] Undefined variable: Think D:\wamp\www\myblog\Application\Runtime\Cache\Admin\64431effeb3c8b31c1cd32ecd958c163.php 第 129 行.
NOTIC: [8] Undefined variable: Think D:\wamp\www\myblog\Application\Runtime\Cache\Admin\64431effeb3c8b31c1cd32ecd958c163.php 第 139 行.
NOTIC: [8] Undefined variable: Think D:\wamp\www\myblog\Application\Runtime\Cache\Admin\64431effeb3c8b31c1cd32ecd958c163.php 第 145 行.
NOTIC: [8] Undefined variable: Think D:\wamp\www\myblog\Application\Runtime\Cache\Admin\64431effeb3c8b31c1cd32ecd958c163.php 第 153 行.
NOTIC: [8] Undefined variable: Think D:\wamp\www\myblog\Application\Runtime\Cache\Admin\64431effeb3c8b31c1cd32ecd958c163.php 第 159 行.
NOTIC: [8] Undefined variable: Think D:\wamp\www\myblog\Application\Runtime\Cache\Admin\64431effeb3c8b31c1cd32ecd958c163.php 第 164 行.
NOTIC: [8] Undefined variable: Think D:\wamp\www\myblog\Application\Runtime\Cache\Admin\64431effeb3c8b31c1cd32ecd958c163.php 第 164 行.
NOTIC: [8] Undefined variable: Think D:\wamp\www\myblog\Application\Runtime\Cache\Admin\64431effeb3c8b31c1cd32ecd958c163.php 第 170 行.
NOTIC: [8] Undefined variable: Think D:\wamp\www\myblog\Application\Runtime\Cache\Admin\64431effeb3c8b31c1cd32ecd958c163.php 第 170 行.
NOTIC: [8] Undefined variable: Think D:\wamp\www\myblog\Application\Runtime\Cache\Admin\64431effeb3c8b31c1cd32ecd958c163.php 第 177 行.
NOTIC: [8] Undefined variable: Think D:\wamp\www\myblog\Application\Runtime\Cache\Admin\64431effeb3c8b31c1cd32ecd958c163.php 第 183 行.
NOTIC: [8] Undefined variable: Think D:\wamp\www\myblog\Application\Runtime\Cache\Admin\64431effeb3c8b31c1cd32ecd958c163.php 第 189 行.
INFO: Run Behavior\ParseTemplateBehavior [ RunTime:0.024000s ]
INFO: [ view_parse ] --END-- [ RunTime:0.024000s ]
INFO: [ view_filter ] --START--
INFO: Run Behavior\WriteHtmlCacheBehavior [ RunTime:0.001000s ]
INFO: [ view_filter ] --END-- [ RunTime:0.001000s ]
INFO: [ app_end ] --START--
INFO: Run Behavior\ShowPageTraceBehavior [ RunTime:0.003000s ]
INFO: [ app_end ] --END-- [ RunTime:0.003000s ]

[ 2017-07-31T18:25:53+08:00 ] 127.0.0.1 /myblog/Admin/User/user_list.html
INFO: [ app_init ] --START--
INFO: Run Behavior\BuildLiteBehavior [ RunTime:0.000000s ]
INFO: [ app_init ] --END-- [ RunTime:0.000000s ]
INFO: [ app_begin ] --START--
INFO: Run Behavior\ReadHtmlCacheBehavior [ RunTime:0.001000s ]
INFO: [ app_begin ] --END-- [ RunTime:0.001000s ]
SQL: SHOW COLUMNS FROM `msg` [ RunTime:0.0010s ]
SQL: SELECT * FROM `msg`  [ RunTime:0.0000s ]
SQL: SHOW COLUMNS FROM `user` [ RunTime:0.0010s ]
SQL: SELECT * FROM `user`  [ RunTime:0.0000s ]
SQL: SHOW COLUMNS FROM `role` [ RunTime:0.0020s ]
SQL: SELECT * FROM `role`  [ RunTime:0.0010s ]
INFO: [ view_parse ] --START--
INFO: [ template_filter ] --START--
INFO: Run Behavior\ContentReplaceBehavior [ RunTime:0.000000s ]
INFO: [ template_filter ] --END-- [ RunTime:0.000000s ]
NOTIC: [8] Undefined variable: Think D:\wamp\www\myblog\Application\Runtime\Cache\Admin\efa67221bbcab2db2e4125c81f354bba.php 第 113 行.
NOTIC: [8] Undefined variable: Think D:\wamp\www\myblog\Application\Runtime\Cache\Admin\efa67221bbcab2db2e4125c81f354bba.php 第 119 行.
NOTIC: [8] Undefined variable: Think D:\wamp\www\myblog\Application\Runtime\Cache\Admin\efa67221bbcab2db2e4125c81f354bba.php 第 113 行.
NOTIC: [8] Undefined variable: Think D:\wamp\www\myblog\Application\Runtime\Cache\Admin\efa67221bbcab2db2e4125c81f354bba.php 第 119 行.
NOTIC: [8] Undefined variable: Think D:\wamp\www\myblog\Application\Runtime\Cache\Admin\efa67221bbcab2db2e4125c81f354bba.php 第 113 行.
NOTIC: [8] Undefined variable: Think D:\wamp\www\myblog\Application\Runtime\Cache\Admin\efa67221bbcab2db2e4125c81f354bba.php 第 119 行.
NOTIC: [8] Undefined variable: Think D:\wamp\www\myblog\Application\Runtime\Cache\Admin\efa67221bbcab2db2e4125c81f354bba.php 第 113 行.
NOTIC: [8] Undefined variable: Think D:\wamp\www\myblog\Application\Runtime\Cache\Admin\efa67221bbcab2db2e4125c81f354bba.php 第 119 行.
NOTIC: [8] Undefined variable: Think D:\wamp\www\myblog\Application\Runtime\Cache\Admin\efa67221bbcab2db2e4125c81f354bba.php 第 113 行.
NOTIC: [8] Undefined variable: Think D:\wamp\www\myblog\Application\Runtime\Cache\Admin\efa67221bbcab2db2e4125c81f354bba.php 第 119 行.
NOTIC: [8] Undefined variable: Think D:\wamp\www\myblog\Application\Runtime\Cache\Admin\efa67221bbcab2db2e4125c81f354bba.php 第 113 行.
NOTIC: [8] Undefined variable: Think D:\wamp\www\myblog\Application\Runtime\Cache\Admin\efa67221bbcab2db2e4125c81f354bba.php 第 119 行.
NOTIC: [8] Undefined variable: Think D:\wamp\www\myblog\Application\Runtime\Cache\Admin\efa67221bbcab2db2e4125c81f354bba.php 第 128 行.
NOTIC: [8] Undefined variable: Think D:\wamp\www\myblog\Application\Runtime\Cache\Admin\efa67221bbcab2db2e4125c81f354bba.php 第 138 行.
NOTIC: [8] Undefined variable: Think D:\wamp\www\myblog\Application\Runtime\Cache\Admin\efa67221bbcab2db2e4125c81f354bba.php 第 144 行.
NOTIC: [8] Undefined variable: Think D:\wamp\www\myblog\Application\Runtime\Cache\Admin\efa67221bbcab2db2e4125c81f354bba.php 第 152 行.
NOTIC: [8] Undefined variable: Think D:\wamp\www\myblog\Application\Runtime\Cache\Admin\efa67221bbcab2db2e4125c81f354bba.php 第 158 行.
NOTIC: [8] Undefined variable: Think D:\wamp\www\myblog\Application\Runtime\Cache\Admin\efa67221bbcab2db2e4125c81f354bba.php 第 163 行.
NOTIC: [8] Undefined variable: Think D:\wamp\www\myblog\Application\Runtime\Cache\Admin\efa67221bbcab2db2e4125c81f354bba.php 第 169 行.
NOTIC: [8] Undefined variable: Think D:\wamp\www\myblog\Application\Runtime\Cache\Admin\efa67221bbcab2db2e4125c81f354bba.php 第 176 行.
NOTIC: [8] Undefined variable: Think D:\wamp\www\myblog\Application\Runtime\Cache\Admin\efa67221bbcab2db2e4125c81f354bba.php 第 182 行.
NOTIC: [8] Undefined variable: Think D:\wamp\www\myblog\Application\Runtime\Cache\Admin\efa67221bbcab2db2e4125c81f354bba.php 第 188 行.
INFO: Run Behavior\ParseTemplateBehavior [ RunTime:0.023000s ]
INFO: [ view_parse ] --END-- [ RunTime:0.023000s ]
INFO: [ view_filter ] --START--
INFO: Run Behavior\WriteHtmlCacheBehavior [ RunTime:0.000000s ]
INFO: [ view_filter ] --END-- [ RunTime:0.000000s ]
INFO: [ app_end ] --START--
INFO: Run Behavior\ShowPageTraceBehavior [ RunTime:0.001000s ]
INFO: [ app_end ] --END-- [ RunTime:0.001000s ]

[ 2017-07-31T18:25:55+08:00 ] 127.0.0.1 /myblog/Admin/User/user_add.html
INFO: [ app_init ] --START--
INFO: Run Behavior\BuildLiteBehavior [ RunTime:0.000000s ]
INFO: [ app_init ] --END-- [ RunTime:0.001000s ]
INFO: [ app_begin ] --START--
INFO: Run Behavior\ReadHtmlCacheBehavior [ RunTime:0.000000s ]
INFO: [ app_begin ] --END-- [ RunTime:0.001000s ]
SQL: SHOW COLUMNS FROM `msg` [ RunTime:0.0010s ]
SQL: SELECT * FROM `msg`  [ RunTime:0.0010s ]
SQL: SHOW COLUMNS FROM `user` [ RunTime:0.0010s ]
SQL: SHOW COLUMNS FROM `role` [ RunTime:0.0010s ]
SQL: SELECT * FROM `role`  [ RunTime:0.0000s ]
INFO: [ view_parse ] --START--
INFO: [ template_filter ] --START--
INFO: Run Behavior\ContentReplaceBehavior [ RunTime:0.001000s ]
INFO: [ template_filter ] --END-- [ RunTime:0.001000s ]
NOTIC: [8] Undefined variable: Think D:\wamp\www\myblog\Application\Runtime\Cache\Admin\18106bcf3c0e3652fed3105d8ade616d.php 第 128 行.
NOTIC: [8] Undefined variable: Think D:\wamp\www\myblog\Application\Runtime\Cache\Admin\18106bcf3c0e3652fed3105d8ade616d.php 第 134 行.
NOTIC: [8] Undefined variable: Think D:\wamp\www\myblog\Application\Runtime\Cache\Admin\18106bcf3c0e3652fed3105d8ade616d.php 第 128 行.
NOTIC: [8] Undefined variable: Think D:\wamp\www\myblog\Application\Runtime\Cache\Admin\18106bcf3c0e3652fed3105d8ade616d.php 第 134 行.
NOTIC: [8] Undefined variable: Think D:\wamp\www\myblog\Application\Runtime\Cache\Admin\18106bcf3c0e3652fed3105d8ade616d.php 第 128 行.
NOTIC: [8] Undefined variable: Think D:\wamp\www\myblog\Application\Runtime\Cache\Admin\18106bcf3c0e3652fed3105d8ade616d.php 第 134 行.
NOTIC: [8] Undefined variable: Think D:\wamp\www\myblog\Application\Runtime\Cache\Admin\18106bcf3c0e3652fed3105d8ade616d.php 第 128 行.
NOTIC: [8] Undefined variable: Think D:\wamp\www\myblog\Application\Runtime\Cache\Admin\18106bcf3c0e3652fed3105d8ade616d.php 第 134 行.
NOTIC: [8] Undefined variable: Think D:\wamp\www\myblog\Application\Runtime\Cache\Admin\18106bcf3c0e3652fed3105d8ade616d.php 第 128 行.
NOTIC: [8] Undefined variable: Think D:\wamp\www\myblog\Application\Runtime\Cache\Admin\18106bcf3c0e3652fed3105d8ade616d.php 第 134 行.
NOTIC: [8] Undefined variable: Think D:\wamp\www\myblog\Application\Runtime\Cache\Admin\18106bcf3c0e3652fed3105d8ade616d.php 第 128 行.
NOTIC: [8] Undefined variable: Think D:\wamp\www\myblog\Application\Runtime\Cache\Admin\18106bcf3c0e3652fed3105d8ade616d.php 第 134 行.
NOTIC: [8] Undefined variable: Think D:\wamp\www\myblog\Application\Runtime\Cache\Admin\18106bcf3c0e3652fed3105d8ade616d.php 第 143 行.
NOTIC: [8] Undefined variable: Think D:\wamp\www\myblog\Application\Runtime\Cache\Admin\18106bcf3c0e3652fed3105d8ade616d.php 第 153 行.
NOTIC: [8] Undefined variable: Think D:\wamp\www\myblog\Application\Runtime\Cache\Admin\18106bcf3c0e3652fed3105d8ade616d.php 第 159 行.
NOTIC: [8] Undefined variable: Think D:\wamp\www\myblog\Application\Runtime\Cache\Admin\18106bcf3c0e3652fed3105d8ade616d.php 第 167 行.
NOTIC: [8] Undefined variable: Think D:\wamp\www\myblog\Application\Runtime\Cache\Admin\18106bcf3c0e3652fed3105d8ade616d.php 第 173 行.
NOTIC: [8] Undefined variable: Think D:\wamp\www\myblog\Application\Runtime\Cache\Admin\18106bcf3c0e3652fed3105d8ade616d.php 第 178 行.
NOTIC: [8] Undefined variable: Think D:\wamp\www\myblog\Application\Runtime\Cache\Admin\18106bcf3c0e3652fed3105d8ade616d.php 第 184 行.
NOTIC: [8] Undefined variable: Think D:\wamp\www\myblog\Application\Runtime\Cache\Admin\18106bcf3c0e3652fed3105d8ade616d.php 第 191 行.
NOTIC: [8] Undefined variable: Think D:\wamp\www\myblog\Application\Runtime\Cache\Admin\18106bcf3c0e3652fed3105d8ade616d.php 第 197 行.
NOTIC: [8] Undefined variable: Think D:\wamp\www\myblog\Application\Runtime\Cache\Admin\18106bcf3c0e3652fed3105d8ade616d.php 第 203 行.
INFO: Run Behavior\ParseTemplateBehavior [ RunTime:0.024000s ]
INFO: [ view_parse ] --END-- [ RunTime:0.024000s ]
INFO: [ view_filter ] --START--
INFO: Run Behavior\WriteHtmlCacheBehavior [ RunTime:0.001000s ]
INFO: [ view_filter ] --END-- [ RunTime:0.001000s ]
INFO: [ app_end ] --START--
INFO: Run Behavior\ShowPageTraceBehavior [ RunTime:0.001000s ]
INFO: [ app_end ] --END-- [ RunTime:0.001000s ]

[ 2017-07-31T18:26:08+08:00 ] 127.0.0.1 /myblog/Admin/User/user_add.html
INFO: [ app_init ] --START--
INFO: Run Behavior\BuildLiteBehavior [ RunTime:0.000000s ]
INFO: [ app_init ] --END-- [ RunTime:0.001000s ]
INFO: [ app_begin ] --START--
INFO: Run Behavior\ReadHtmlCacheBehavior [ RunTime:0.001000s ]
INFO: [ app_begin ] --END-- [ RunTime:0.001000s ]
SQL: SHOW COLUMNS FROM `msg` [ RunTime:0.0010s ]
SQL: SELECT * FROM `msg`  [ RunTime:0.0000s ]
SQL: SHOW COLUMNS FROM `user` [ RunTime:0.0010s ]
NOTIC: [8] Undefined index: validate D:\wamp\www\myblog\ThinkPHP\Library\Think\Model.class.php 第 1185 行.
SQL: SELECT * FROM `user` WHERE `username` = 'ceshi' LIMIT 1   [ RunTime:0.0000s ]
NOTIC: [8] Undefined index: auto D:\wamp\www\myblog\ThinkPHP\Library\Think\Model.class.php 第 1128 行.
SQL: INSERT INTO `user` (`username`,`realname`,`email`,`phone`,`roleid`,`reg_time`,`password`) VALUES ('ceshi','123456','123456@qq.com','13511112222','3','1501496768','e10adc3949ba59abbe56e057f20f883e') [ RunTime:0.0000s ]
INFO: [ view_parse ] --START--
INFO: [ template_filter ] --START--
INFO: Run Behavior\ContentReplaceBehavior [ RunTime:0.000000s ]
INFO: [ template_filter ] --END-- [ RunTime:0.000000s ]
INFO: Run Behavior\ParseTemplateBehavior [ RunTime:0.007000s ]
INFO: [ view_parse ] --END-- [ RunTime:0.007000s ]
INFO: [ view_filter ] --START--
INFO: Run Behavior\WriteHtmlCacheBehavior [ RunTime:0.000000s ]
INFO: [ view_filter ] --END-- [ RunTime:0.000000s ]
INFO: [ app_end ] --START--
INFO: Run Behavior\ShowPageTraceBehavior [ RunTime:0.001000s ]
INFO: [ app_end ] --END-- [ RunTime:0.001000s ]

[ 2017-07-31T18:26:09+08:00 ] 127.0.0.1 /myblog/Admin/User/user_list.html
INFO: [ app_init ] --START--
INFO: Run Behavior\BuildLiteBehavior [ RunTime:0.000000s ]
INFO: [ app_init ] --END-- [ RunTime:0.001000s ]
INFO: [ app_begin ] --START--
INFO: Run Behavior\ReadHtmlCacheBehavior [ RunTime:0.001000s ]
INFO: [ app_begin ] --END-- [ RunTime:0.001000s ]
SQL: SHOW COLUMNS FROM `msg` [ RunTime:0.0010s ]
SQL: SELECT * FROM `msg`  [ RunTime:0.0010s ]
SQL: SHOW COLUMNS FROM `user` [ RunTime:0.0010s ]
SQL: SELECT * FROM `user`  [ RunTime:0.0010s ]
SQL: SHOW COLUMNS FROM `role` [ RunTime:0.0010s ]
SQL: SELECT * FROM `role`  [ RunTime:0.0000s ]
INFO: [ view_parse ] --START--
INFO: [ template_filter ] --START--
INFO: Run Behavior\ContentReplaceBehavior [ RunTime:0.000000s ]
INFO: [ template_filter ] --END-- [ RunTime:0.001000s ]
NOTIC: [8] Undefined variable: Think D:\wamp\www\myblog\Application\Runtime\Cache\Admin\efa67221bbcab2db2e4125c81f354bba.php 第 113 行.
NOTIC: [8] Undefined variable: Think D:\wamp\www\myblog\Application\Runtime\Cache\Admin\efa67221bbcab2db2e4125c81f354bba.php 第 119 行.
NOTIC: [8] Undefined variable: Think D:\wamp\www\myblog\Application\Runtime\Cache\Admin\efa67221bbcab2db2e4125c81f354bba.php 第 113 行.
NOTIC: [8] Undefined variable: Think D:\wamp\www\myblog\Application\Runtime\Cache\Admin\efa67221bbcab2db2e4125c81f354bba.php 第 119 行.
NOTIC: [8] Undefined variable: Think D:\wamp\www\myblog\Application\Runtime\Cache\Admin\efa67221bbcab2db2e4125c81f354bba.php 第 113 行.
NOTIC: [8] Undefined variable: Think D:\wamp\www\myblog\Application\Runtime\Cache\Admin\efa67221bbcab2db2e4125c81f354bba.php 第 119 行.
NOTIC: [8] Undefined variable: Think D:\wamp\www\myblog\Application\Runtime\Cache\Admin\efa67221bbcab2db2e4125c81f354bba.php 第 113 行.
NOTIC: [8] Undefined variable: Think D:\wamp\www\myblog\Application\Runtime\Cache\Admin\efa67221bbcab2db2e4125c81f354bba.php 第 119 行.
NOTIC: [8] Undefined variable: Think D:\wamp\www\myblog\Application\Runtime\Cache\Admin\efa67221bbcab2db2e4125c81f354bba.php 第 113 行.
NOTIC: [8] Undefined variable: Think D:\wamp\www\myblog\Application\Runtime\Cache\Admin\efa67221bbcab2db2e4125c81f354bba.php 第 119 行.
NOTIC: [8] Undefined variable: Think D:\wamp\www\myblog\Application\Runtime\Cache\Admin\efa67221bbcab2db2e4125c81f354bba.php 第 113 行.
NOTIC: [8] Undefined variable: Think D:\wamp\www\myblog\Application\Runtime\Cache\Admin\efa67221bbcab2db2e4125c81f354bba.php 第 119 行.
NOTIC: [8] Undefined variable: Think D:\wamp\www\myblog\Application\Runtime\Cache\Admin\efa67221bbcab2db2e4125c81f354bba.php 第 128 行.
NOTIC: [8] Undefined variable: Think D:\wamp\www\myblog\Application\Runtime\Cache\Admin\efa67221bbcab2db2e4125c81f354bba.php 第 138 行.
NOTIC: [8] Undefined variable: Think D:\wamp\www\myblog\Application\Runtime\Cache\Admin\efa67221bbcab2db2e4125c81f354bba.php 第 144 行.
NOTIC: [8] Undefined variable: Think D:\wamp\www\myblog\Application\Runtime\Cache\Admin\efa67221bbcab2db2e4125c81f354bba.php 第 152 行.
NOTIC: [8] Undefined variable: Think D:\wamp\www\myblog\Application\Runtime\Cache\Admin\efa67221bbcab2db2e4125c81f354bba.php 第 158 行.
NOTIC: [8] Undefined variable: Think D:\wamp\www\myblog\Application\Runtime\Cache\Admin\efa67221bbcab2db2e4125c81f354bba.php 第 163 行.
NOTIC: [8] Undefined variable: Think D:\wamp\www\myblog\Application\Runtime\Cache\Admin\efa67221bbcab2db2e4125c81f354bba.php 第 169 行.
NOTIC: [8] Undefined variable: Think D:\wamp\www\myblog\Application\Runtime\Cache\Admin\efa67221bbcab2db2e4125c81f354bba.php 第 176 行.
NOTIC: [8] Undefined variable: Think D:\wamp\www\myblog\Application\Runtime\Cache\Admin\efa67221bbcab2db2e4125c81f354bba.php 第 182 行.
NOTIC: [8] Undefined variable: Think D:\wamp\www\myblog\Application\Runtime\Cache\Admin\efa67221bbcab2db2e4125c81f354bba.php 第 188 行.
INFO: Run Behavior\ParseTemplateBehavior [ RunTime:0.026000s ]
INFO: [ view_parse ] --END-- [ RunTime:0.026000s ]
INFO: [ view_filter ] --START--
INFO: Run Behavior\WriteHtmlCacheBehavior [ RunTime:0.001000s ]
INFO: [ view_filter ] --END-- [ RunTime:0.001000s ]
INFO: [ app_end ] --START--
INFO: Run Behavior\ShowPageTraceBehavior [ RunTime:0.001000s ]
INFO: [ app_end ] --END-- [ RunTime:0.001000s ]

[ 2017-07-31T18:26:15+08:00 ] 127.0.0.1 /myblog/Admin/User/logout.html
INFO: [ app_init ] --START--
INFO: Run Behavior\BuildLiteBehavior [ RunTime:0.000000s ]
INFO: [ app_init ] --END-- [ RunTime:0.001000s ]
INFO: [ app_begin ] --START--
INFO: Run Behavior\ReadHtmlCacheBehavior [ RunTime:0.001000s ]
INFO: [ app_begin ] --END-- [ RunTime:0.001000s ]
SQL: SHOW COLUMNS FROM `msg` [ RunTime:0.0010s ]
SQL: SELECT * FROM `msg`  [ RunTime:0.0000s ]
INFO: [ view_parse ] --START--
INFO: [ template_filter ] --START--
INFO: Run Behavior\ContentReplaceBehavior [ RunTime:0.000000s ]
INFO: [ template_filter ] --END-- [ RunTime:0.000000s ]
INFO: Run Behavior\ParseTemplateBehavior [ RunTime:0.007000s ]
INFO: [ view_parse ] --END-- [ RunTime:0.008000s ]
INFO: [ view_filter ] --START--
INFO: Run Behavior\WriteHtmlCacheBehavior [ RunTime:0.000000s ]
INFO: [ view_filter ] --END-- [ RunTime:0.001000s ]
INFO: [ app_end ] --START--
INFO: Run Behavior\ShowPageTraceBehavior [ RunTime:0.000000s ]
INFO: [ app_end ] --END-- [ RunTime:0.000000s ]

[ 2017-07-31T18:26:16+08:00 ] 127.0.0.1 /myblog/Admin/Login/index.html
INFO: [ app_init ] --START--
INFO: Run Behavior\BuildLiteBehavior [ RunTime:0.000000s ]
INFO: [ app_init ] --END-- [ RunTime:0.000000s ]
INFO: [ app_begin ] --START--
INFO: Run Behavior\ReadHtmlCacheBehavior [ RunTime:0.001000s ]
INFO: [ app_begin ] --END-- [ RunTime:0.001000s ]
INFO: [ view_parse ] --START--
INFO: [ template_filter ] --START--
INFO: Run Behavior\ContentReplaceBehavior [ RunTime:0.000000s ]
INFO: [ template_filter ] --END-- [ RunTime:0.000000s ]
INFO: Run Behavior\ParseTemplateBehavior [ RunTime:0.007000s ]
INFO: [ view_parse ] --END-- [ RunTime:0.007000s ]
INFO: [ view_filter ] --START--
INFO: Run Behavior\WriteHtmlCacheBehavior [ RunTime:0.001000s ]
INFO: [ view_filter ] --END-- [ RunTime:0.001000s ]
INFO: [ app_end ] --START--
INFO: Run Behavior\ShowPageTraceBehavior [ RunTime:0.001000s ]
INFO: [ app_end ] --END-- [ RunTime:0.001000s ]

[ 2017-07-31T18:26:27+08:00 ] 127.0.0.1 /myblog/Admin/Login/index.html
INFO: [ app_init ] --START--
INFO: Run Behavior\BuildLiteBehavior [ RunTime:0.000000s ]
INFO: [ app_init ] --END-- [ RunTime:0.001000s ]
INFO: [ app_begin ] --START--
INFO: Run Behavior\ReadHtmlCacheBehavior [ RunTime:0.001000s ]
INFO: [ app_begin ] --END-- [ RunTime:0.001000s ]
SQL: SHOW COLUMNS FROM `user` [ RunTime:0.0020s ]
SQL: SELECT * FROM `user` WHERE `username` = 'ceshi' LIMIT 1   [ RunTime:0.0000s ]
SQL: SHOW COLUMNS FROM `role` [ RunTime:0.0000s ]
SQL: SHOW COLUMNS FROM `privilege` [ RunTime:0.0010s ]
SQL: SELECT * FROM `privilege`  [ RunTime:0.0000s ]
SQL: SELECT * FROM `role` WHERE `id` = 3 LIMIT 1   [ RunTime:0.0010s ]
SQL: SELECT `id`,`parentid`,`pri_name`,`mname`,`cname`,`aname`,CONCAT(mname,"/",`cname`,"/",aname) url FROM `privilege` WHERE ( id IN(8,9,10,11) )  [ RunTime:0.0010s ]

