[ 2017-05-22T11:27:19+08:00 ] 127.0.0.1 /xingxiu/index.php/admin
INFO: [ app_init ] --START--
INFO: Run Behavior\BuildLiteBehavior [ RunTime:0.000000s ]
INFO: [ app_init ] --END-- [ RunTime:0.000000s ]
INFO: [ app_begin ] --START--
INFO: Run Behavior\ReadHtmlCacheBehavior [ RunTime:0.001000s ]
INFO: [ app_begin ] --END-- [ RunTime:0.001000s ]
INFO: [ view_parse ] --START--
INFO: [ template_filter ] --START--
INFO: Run Behavior\ContentReplaceBehavior [ RunTime:0.000000s ]
INFO: [ template_filter ] --END-- [ RunTime:0.000000s ]
INFO: Run Behavior\ParseTemplateBehavior [ RunTime:0.005000s ]
INFO: [ view_parse ] --END-- [ RunTime:0.005000s ]
INFO: [ view_filter ] --START--
INFO: Run Behavior\WriteHtmlCacheBehavior [ RunTime:0.000000s ]
INFO: [ view_filter ] --END-- [ RunTime:0.001000s ]

[ 2017-05-22T11:27:21+08:00 ] 127.0.0.1 /xingxiu/index.php/Admin/Login/index.html
INFO: [ app_init ] --START--
INFO: Run Behavior\BuildLiteBehavior [ RunTime:0.000000s ]
INFO: [ app_init ] --END-- [ RunTime:0.001000s ]
INFO: [ app_begin ] --START--
INFO: Run Behavior\ReadHtmlCacheBehavior [ RunTime:0.000000s ]
INFO: [ app_begin ] --END-- [ RunTime:0.000000s ]
INFO: [ view_parse ] --START--
INFO: [ template_filter ] --START--
INFO: Run Behavior\ContentReplaceBehavior [ RunTime:0.000000s ]
INFO: [ template_filter ] --END-- [ RunTime:0.000000s ]
INFO: Run Behavior\ParseTemplateBehavior [ RunTime:0.005000s ]
INFO: [ view_parse ] --END-- [ RunTime:0.005000s ]
INFO: [ view_filter ] --START--
INFO: Run Behavior\WriteHtmlCacheBehavior [ RunTime:0.000000s ]
INFO: [ view_filter ] --END-- [ RunTime:0.001000s ]
INFO: [ app_end ] --START--
INFO: Run Behavior\ShowPageTraceBehavior [ RunTime:0.000000s ]
INFO: [ app_end ] --END-- [ RunTime:0.000000s ]

[ 2017-05-22T11:27:27+08:00 ] 127.0.0.1 /xingxiu/index.php/Admin/Login/index.html
INFO: [ app_init ] --START--
INFO: Run Behavior\BuildLiteBehavior [ RunTime:0.000000s ]
INFO: [ app_init ] --END-- [ RunTime:0.002000s ]
INFO: [ app_begin ] --START--
INFO: Run Behavior\ReadHtmlCacheBehavior [ RunTime:0.001000s ]
INFO: [ app_begin ] --END-- [ RunTime:0.002000s ]
SQL: SHOW COLUMNS FROM `user` [ RunTime:0.0030s ]
SQL: SELECT * FROM `user` WHERE `username` = 'admin' LIMIT 1   [ RunTime:0.0000s ]
SQL: SHOW COLUMNS FROM `role` [ RunTime:0.0040s ]
SQL: SHOW COLUMNS FROM `privilege` [ RunTime:0.0030s ]
SQL: SELECT * FROM `privilege`  [ RunTime:0.0010s ]
SQL: SELECT * FROM `role` WHERE `id` = 1 LIMIT 1   [ RunTime:0.0000s ]
SQL: SELECT * FROM `privilege` WHERE ( parentid=0 )  [ RunTime:0.0000s ]
SQL: SELECT * FROM `privilege` WHERE ( parentid=1 )  [ RunTime:0.0000s ]
SQL: SELECT * FROM `privilege` WHERE ( parentid=8 )  [ RunTime:0.0000s ]
SQL: SELECT * FROM `privilege` WHERE ( parentid=12 )  [ RunTime:0.0000s ]
SQL: SELECT * FROM `privilege` WHERE ( parentid=13 )  [ RunTime:0.0010s ]
SQL: SELECT * FROM `privilege` WHERE ( parentid=14 )  [ RunTime:0.0000s ]
SQL: SELECT * FROM `privilege` WHERE ( parentid=18 )  [ RunTime:0.0000s ]
SQL: SHOW COLUMNS FROM `login_log` [ RunTime:0.0040s ]
SQL: INSERT INTO `login_log` (`username`,`realname`,`head_pic`,`ip`,`address`,`time`) VALUES ('admin','小明','/Uploads/2017-05-06/590d7f00c5e92.jpg','127.0.0.1','湖北武汉','1495423647') [ RunTime:0.0020s ]
INFO: [ view_parse ] --START--
INFO: [ template_filter ] --START--
INFO: Run Behavior\ContentReplaceBehavior [ RunTime:0.000000s ]
INFO: [ template_filter ] --END-- [ RunTime:0.000000s ]
INFO: Run Behavior\ParseTemplateBehavior [ RunTime:0.006000s ]
INFO: [ view_parse ] --END-- [ RunTime:0.006000s ]
INFO: [ view_filter ] --START--
INFO: Run Behavior\WriteHtmlCacheBehavior [ RunTime:0.001000s ]
INFO: [ view_filter ] --END-- [ RunTime:0.001000s ]
INFO: [ app_end ] --START--
INFO: Run Behavior\ShowPageTraceBehavior [ RunTime:0.000000s ]
INFO: [ app_end ] --END-- [ RunTime:0.001000s ]

[ 2017-05-22T11:27:28+08:00 ] 127.0.0.1 /xingxiu/index.php/Admin/Index/index.html
INFO: [ app_init ] --START--
INFO: Run Behavior\BuildLiteBehavior [ RunTime:0.000000s ]
INFO: [ app_init ] --END-- [ RunTime:0.001000s ]
INFO: [ app_begin ] --START--
INFO: Run Behavior\ReadHtmlCacheBehavior [ RunTime:0.001000s ]
INFO: [ app_begin ] --END-- [ RunTime:0.002000s ]
SQL: SHOW COLUMNS FROM `content_logo` [ RunTime:0.0030s ]
SQL: SELECT * FROM `content_logo` LIMIT 1   [ RunTime:0.0010s ]
SQL: SHOW COLUMNS FROM `article` [ RunTime:0.0010s ]
SQL: SELECT COUNT(*) AS tp_count FROM `article` WHERE ( rem=5 ) LIMIT 1   [ RunTime:0.0000s ]
SQL: SELECT a.*,b.catename catename FROM article a LEFT JOIN cate b ON a.cateid=b.id  WHERE ( rem=5 ) ORDER BY a.id desc LIMIT 0,8   [ RunTime:0.0010s ]
SQL: SHOW COLUMNS FROM `cate` [ RunTime:0.0000s ]
SQL: SELECT * FROM `cate` ORDER BY sort asc  [ RunTime:0.0000s ]
INFO: [ view_parse ] --START--
INFO: [ template_filter ] --START--
INFO: Run Behavior\ContentReplaceBehavior [ RunTime:0.001000s ]
INFO: [ template_filter ] --END-- [ RunTime:0.001000s ]
NOTIC: [8] Undefined variable: Think D:\wamp\www\xingxiu\Application\Runtime\Cache\Admin\b595b808c2ebeeeb0478ffc30bb4e87a.php 第 139 行.
NOTIC: [8] Undefined variable: Think D:\wamp\www\xingxiu\Application\Runtime\Cache\Admin\b595b808c2ebeeeb0478ffc30bb4e87a.php 第 145 行.
NOTIC: [8] Undefined variable: Think D:\wamp\www\xingxiu\Application\Runtime\Cache\Admin\b595b808c2ebeeeb0478ffc30bb4e87a.php 第 139 行.
NOTIC: [8] Undefined variable: Think D:\wamp\www\xingxiu\Application\Runtime\Cache\Admin\b595b808c2ebeeeb0478ffc30bb4e87a.php 第 145 行.
NOTIC: [8] Undefined variable: Think D:\wamp\www\xingxiu\Application\Runtime\Cache\Admin\b595b808c2ebeeeb0478ffc30bb4e87a.php 第 139 行.
NOTIC: [8] Undefined variable: Think D:\wamp\www\xingxiu\Application\Runtime\Cache\Admin\b595b808c2ebeeeb0478ffc30bb4e87a.php 第 145 行.
NOTIC: [8] Undefined variable: Think D:\wamp\www\xingxiu\Application\Runtime\Cache\Admin\b595b808c2ebeeeb0478ffc30bb4e87a.php 第 139 行.
NOTIC: [8] Undefined variable: Think D:\wamp\www\xingxiu\Application\Runtime\Cache\Admin\b595b808c2ebeeeb0478ffc30bb4e87a.php 第 145 行.
NOTIC: [8] Undefined variable: Think D:\wamp\www\xingxiu\Application\Runtime\Cache\Admin\b595b808c2ebeeeb0478ffc30bb4e87a.php 第 139 行.
NOTIC: [8] Undefined variable: Think D:\wamp\www\xingxiu\Application\Runtime\Cache\Admin\b595b808c2ebeeeb0478ffc30bb4e87a.php 第 145 行.
NOTIC: [8] Undefined variable: Think D:\wamp\www\xingxiu\Application\Runtime\Cache\Admin\b595b808c2ebeeeb0478ffc30bb4e87a.php 第 139 行.
NOTIC: [8] Undefined variable: Think D:\wamp\www\xingxiu\Application\Runtime\Cache\Admin\b595b808c2ebeeeb0478ffc30bb4e87a.php 第 145 行.
NOTIC: [8] Undefined variable: Think D:\wamp\www\xingxiu\Application\Runtime\Cache\Admin\b595b808c2ebeeeb0478ffc30bb4e87a.php 第 154 行.
NOTIC: [8] Undefined variable: Think D:\wamp\www\xingxiu\Application\Runtime\Cache\Admin\b595b808c2ebeeeb0478ffc30bb4e87a.php 第 164 行.
NOTIC: [8] Undefined variable: Think D:\wamp\www\xingxiu\Application\Runtime\Cache\Admin\b595b808c2ebeeeb0478ffc30bb4e87a.php 第 170 行.
NOTIC: [8] Undefined variable: Think D:\wamp\www\xingxiu\Application\Runtime\Cache\Admin\b595b808c2ebeeeb0478ffc30bb4e87a.php 第 178 行.
NOTIC: [8] Undefined variable: Think D:\wamp\www\xingxiu\Application\Runtime\Cache\Admin\b595b808c2ebeeeb0478ffc30bb4e87a.php 第 184 行.
NOTIC: [8] Undefined variable: Think D:\wamp\www\xingxiu\Application\Runtime\Cache\Admin\b595b808c2ebeeeb0478ffc30bb4e87a.php 第 189 行.
NOTIC: [8] Undefined variable: Think D:\wamp\www\xingxiu\Application\Runtime\Cache\Admin\b595b808c2ebeeeb0478ffc30bb4e87a.php 第 189 行.
NOTIC: [8] Undefined variable: Think D:\wamp\www\xingxiu\Application\Runtime\Cache\Admin\b595b808c2ebeeeb0478ffc30bb4e87a.php 第 189 行.
NOTIC: [8] Undefined variable: Think D:\wamp\www\xingxiu\Application\Runtime\Cache\Admin\b595b808c2ebeeeb0478ffc30bb4e87a.php 第 195 行.
NOTIC: [8] Undefined variable: Think D:\wamp\www\xingxiu\Application\Runtime\Cache\Admin\b595b808c2ebeeeb0478ffc30bb4e87a.php 第 195 行.
NOTIC: [8] Undefined variable: Think D:\wamp\www\xingxiu\Application\Runtime\Cache\Admin\b595b808c2ebeeeb0478ffc30bb4e87a.php 第 195 行.
NOTIC: [8] Undefined variable: Think D:\wamp\www\xingxiu\Application\Runtime\Cache\Admin\b595b808c2ebeeeb0478ffc30bb4e87a.php 第 202 行.
NOTIC: [8] Undefined variable: Think D:\wamp\www\xingxiu\Application\Runtime\Cache\Admin\b595b808c2ebeeeb0478ffc30bb4e87a.php 第 208 行.
NOTIC: [8] Undefined variable: Think D:\wamp\www\xingxiu\Application\Runtime\Cache\Admin\b595b808c2ebeeeb0478ffc30bb4e87a.php 第 214 行.
INFO: Run Behavior\ParseTemplateBehavior [ RunTime:0.021000s ]
INFO: [ view_parse ] --END-- [ RunTime:0.021000s ]
INFO: [ view_filter ] --START--
INFO: Run Behavior\WriteHtmlCacheBehavior [ RunTime:0.000000s ]
INFO: [ view_filter ] --END-- [ RunTime:0.000000s ]
INFO: [ app_end ] --START--
INFO: Run Behavior\ShowPageTraceBehavior [ RunTime:0.000000s ]
INFO: [ app_end ] --END-- [ RunTime:0.000000s ]

[ 2017-05-22T11:27:30+08:00 ] 127.0.0.1 /xingxiu/index.php/Admin/Cate/lst.html
INFO: [ app_init ] --START--
INFO: Run Behavior\BuildLiteBehavior [ RunTime:0.000000s ]
INFO: [ app_init ] --END-- [ RunTime:0.000000s ]
INFO: [ app_begin ] --START--
INFO: Run Behavior\ReadHtmlCacheBehavior [ RunTime:0.001000s ]
INFO: [ app_begin ] --END-- [ RunTime:0.001000s ]
SQL: SHOW COLUMNS FROM `cate` [ RunTime:0.0010s ]
SQL: SELECT * FROM `cate` ORDER BY sort asc  [ RunTime:0.0000s ]
INFO: [ view_parse ] --START--
INFO: [ template_filter ] --START--
INFO: Run Behavior\ContentReplaceBehavior [ RunTime:0.000000s ]
INFO: [ template_filter ] --END-- [ RunTime:0.000000s ]
NOTIC: [8] Undefined variable: Think D:\wamp\www\xingxiu\Application\Runtime\Cache\Admin\1e31b38d8d9702701609b47afd2fec77.php 第 123 行.
NOTIC: [8] Undefined variable: Think D:\wamp\www\xingxiu\Application\Runtime\Cache\Admin\1e31b38d8d9702701609b47afd2fec77.php 第 129 行.
NOTIC: [8] Undefined variable: Think D:\wamp\www\xingxiu\Application\Runtime\Cache\Admin\1e31b38d8d9702701609b47afd2fec77.php 第 123 行.
NOTIC: [8] Undefined variable: Think D:\wamp\www\xingxiu\Application\Runtime\Cache\Admin\1e31b38d8d9702701609b47afd2fec77.php 第 129 行.
NOTIC: [8] Undefined variable: Think D:\wamp\www\xingxiu\Application\Runtime\Cache\Admin\1e31b38d8d9702701609b47afd2fec77.php 第 123 行.
NOTIC: [8] Undefined variable: Think D:\wamp\www\xingxiu\Application\Runtime\Cache\Admin\1e31b38d8d9702701609b47afd2fec77.php 第 129 行.
NOTIC: [8] Undefined variable: Think D:\wamp\www\xingxiu\Application\Runtime\Cache\Admin\1e31b38d8d9702701609b47afd2fec77.php 第 123 行.
NOTIC: [8] Undefined variable: Think D:\wamp\www\xingxiu\Application\Runtime\Cache\Admin\1e31b38d8d9702701609b47afd2fec77.php 第 129 行.
NOTIC: [8] Undefined variable: Think D:\wamp\www\xingxiu\Application\Runtime\Cache\Admin\1e31b38d8d9702701609b47afd2fec77.php 第 123 行.
NOTIC: [8] Undefined variable: Think D:\wamp\www\xingxiu\Application\Runtime\Cache\Admin\1e31b38d8d9702701609b47afd2fec77.php 第 129 行.
NOTIC: [8] Undefined variable: Think D:\wamp\www\xingxiu\Application\Runtime\Cache\Admin\1e31b38d8d9702701609b47afd2fec77.php 第 123 行.
NOTIC: [8] Undefined variable: Think D:\wamp\www\xingxiu\Application\Runtime\Cache\Admin\1e31b38d8d9702701609b47afd2fec77.php 第 129 行.
NOTIC: [8] Undefined variable: Think D:\wamp\www\xingxiu\Application\Runtime\Cache\Admin\1e31b38d8d9702701609b47afd2fec77.php 第 138 行.
NOTIC: [8] Undefined variable: Think D:\wamp\www\xingxiu\Application\Runtime\Cache\Admin\1e31b38d8d9702701609b47afd2fec77.php 第 148 行.
NOTIC: [8] Undefined variable: Think D:\wamp\www\xingxiu\Application\Runtime\Cache\Admin\1e31b38d8d9702701609b47afd2fec77.php 第 154 行.
NOTIC: [8] Undefined variable: Think D:\wamp\www\xingxiu\Application\Runtime\Cache\Admin\1e31b38d8d9702701609b47afd2fec77.php 第 162 行.
NOTIC: [8] Undefined variable: Think D:\wamp\www\xingxiu\Application\Runtime\Cache\Admin\1e31b38d8d9702701609b47afd2fec77.php 第 168 行.
NOTIC: [8] Undefined variable: Think D:\wamp\www\xingxiu\Application\Runtime\Cache\Admin\1e31b38d8d9702701609b47afd2fec77.php 第 173 行.
NOTIC: [8] Undefined variable: Think D:\wamp\www\xingxiu\Application\Runtime\Cache\Admin\1e31b38d8d9702701609b47afd2fec77.php 第 173 行.
NOTIC: [8] Undefined variable: Think D:\wamp\www\xingxiu\Application\Runtime\Cache\Admin\1e31b38d8d9702701609b47afd2fec77.php 第 173 行.
NOTIC: [8] Undefined variable: Think D:\wamp\www\xingxiu\Application\Runtime\Cache\Admin\1e31b38d8d9702701609b47afd2fec77.php 第 179 行.
NOTIC: [8] Undefined variable: Think D:\wamp\www\xingxiu\Application\Runtime\Cache\Admin\1e31b38d8d9702701609b47afd2fec77.php 第 179 行.
NOTIC: [8] Undefined variable: Think D:\wamp\www\xingxiu\Application\Runtime\Cache\Admin\1e31b38d8d9702701609b47afd2fec77.php 第 179 行.
NOTIC: [8] Undefined variable: Think D:\wamp\www\xingxiu\Application\Runtime\Cache\Admin\1e31b38d8d9702701609b47afd2fec77.php 第 186 行.
NOTIC: [8] Undefined variable: Think D:\wamp\www\xingxiu\Application\Runtime\Cache\Admin\1e31b38d8d9702701609b47afd2fec77.php 第 192 行.
NOTIC: [8] Undefined variable: Think D:\wamp\www\xingxiu\Application\Runtime\Cache\Admin\1e31b38d8d9702701609b47afd2fec77.php 第 198 行.
INFO: Run Behavior\ParseTemplateBehavior [ RunTime:0.023000s ]
INFO: [ view_parse ] --END-- [ RunTime:0.023000s ]
INFO: [ view_filter ] --START--
INFO: Run Behavior\WriteHtmlCacheBehavior [ RunTime:0.000000s ]
INFO: [ view_filter ] --END-- [ RunTime:0.000000s ]
INFO: [ app_end ] --START--
INFO: Run Behavior\ShowPageTraceBehavior [ RunTime:0.000000s ]
INFO: [ app_end ] --END-- [ RunTime:0.000000s ]

[ 2017-05-22T11:27:33+08:00 ] 127.0.0.1 /xingxiu/index.php/Admin/Cate/add.html
INFO: [ app_init ] --START--
INFO: Run Behavior\BuildLiteBehavior [ RunTime:0.000000s ]
INFO: [ app_init ] --END-- [ RunTime:0.001000s ]
INFO: [ app_begin ] --START--
INFO: Run Behavior\ReadHtmlCacheBehavior [ RunTime:0.000000s ]
INFO: [ app_begin ] --END-- [ RunTime:0.000000s ]
SQL: SHOW COLUMNS FROM `cate` [ RunTime:0.0010s ]
SQL: SELECT * FROM `cate` ORDER BY sort asc  [ RunTime:0.0010s ]
INFO: [ view_parse ] --START--
INFO: [ template_filter ] --START--
INFO: Run Behavior\ContentReplaceBehavior [ RunTime:0.000000s ]
INFO: [ template_filter ] --END-- [ RunTime:0.000000s ]
NOTIC: [8] Undefined variable: Think D:\wamp\www\xingxiu\Application\Runtime\Cache\Admin\1e63603cb0c0765e0de965aee951a747.php 第 127 行.
NOTIC: [8] Undefined variable: Think D:\wamp\www\xingxiu\Application\Runtime\Cache\Admin\1e63603cb0c0765e0de965aee951a747.php 第 133 行.
NOTIC: [8] Undefined variable: Think D:\wamp\www\xingxiu\Application\Runtime\Cache\Admin\1e63603cb0c0765e0de965aee951a747.php 第 127 行.
NOTIC: [8] Undefined variable: Think D:\wamp\www\xingxiu\Application\Runtime\Cache\Admin\1e63603cb0c0765e0de965aee951a747.php 第 133 行.
NOTIC: [8] Undefined variable: Think D:\wamp\www\xingxiu\Application\Runtime\Cache\Admin\1e63603cb0c0765e0de965aee951a747.php 第 127 行.
NOTIC: [8] Undefined variable: Think D:\wamp\www\xingxiu\Application\Runtime\Cache\Admin\1e63603cb0c0765e0de965aee951a747.php 第 133 行.
NOTIC: [8] Undefined variable: Think D:\wamp\www\xingxiu\Application\Runtime\Cache\Admin\1e63603cb0c0765e0de965aee951a747.php 第 127 行.
NOTIC: [8] Undefined variable: Think D:\wamp\www\xingxiu\Application\Runtime\Cache\Admin\1e63603cb0c0765e0de965aee951a747.php 第 133 行.
NOTIC: [8] Undefined variable: Think D:\wamp\www\xingxiu\Application\Runtime\Cache\Admin\1e63603cb0c0765e0de965aee951a747.php 第 127 行.
NOTIC: [8] Undefined variable: Think D:\wamp\www\xingxiu\Application\Runtime\Cache\Admin\1e63603cb0c0765e0de965aee951a747.php 第 133 行.
NOTIC: [8] Undefined variable: Think D:\wamp\www\xingxiu\Application\Runtime\Cache\Admin\1e63603cb0c0765e0de965aee951a747.php 第 127 行.
NOTIC: [8] Undefined variable: Think D:\wamp\www\xingxiu\Application\Runtime\Cache\Admin\1e63603cb0c0765e0de965aee951a747.php 第 133 行.
NOTIC: [8] Undefined variable: Think D:\wamp\www\xingxiu\Application\Runtime\Cache\Admin\1e63603cb0c0765e0de965aee951a747.php 第 142 行.
NOTIC: [8] Undefined variable: Think D:\wamp\www\xingxiu\Application\Runtime\Cache\Admin\1e63603cb0c0765e0de965aee951a747.php 第 152 行.
NOTIC: [8] Undefined variable: Think D:\wamp\www\xingxiu\Application\Runtime\Cache\Admin\1e63603cb0c0765e0de965aee951a747.php 第 158 行.
NOTIC: [8] Undefined variable: Think D:\wamp\www\xingxiu\Application\Runtime\Cache\Admin\1e63603cb0c0765e0de965aee951a747.php 第 166 行.
NOTIC: [8] Undefined variable: Think D:\wamp\www\xingxiu\Application\Runtime\Cache\Admin\1e63603cb0c0765e0de965aee951a747.php 第 172 行.
NOTIC: [8] Undefined variable: Think D:\wamp\www\xingxiu\Application\Runtime\Cache\Admin\1e63603cb0c0765e0de965aee951a747.php 第 177 行.
NOTIC: [8] Undefined variable: Think D:\wamp\www\xingxiu\Application\Runtime\Cache\Admin\1e63603cb0c0765e0de965aee951a747.php 第 177 行.
NOTIC: [8] Undefined variable: Think D:\wamp\www\xingxiu\Application\Runtime\Cache\Admin\1e63603cb0c0765e0de965aee951a747.php 第 177 行.
NOTIC: [8] Undefined variable: Think D:\wamp\www\xingxiu\Application\Runtime\Cache\Admin\1e63603cb0c0765e0de965aee951a747.php 第 183 行.
NOTIC: [8] Undefined variable: Think D:\wamp\www\xingxiu\Application\Runtime\Cache\Admin\1e63603cb0c0765e0de965aee951a747.php 第 183 行.
NOTIC: [8] Undefined variable: Think D:\wamp\www\xingxiu\Application\Runtime\Cache\Admin\1e63603cb0c0765e0de965aee951a747.php 第 183 行.
NOTIC: [8] Undefined variable: Think D:\wamp\www\xingxiu\Application\Runtime\Cache\Admin\1e63603cb0c0765e0de965aee951a747.php 第 190 行.
NOTIC: [8] Undefined variable: Think D:\wamp\www\xingxiu\Application\Runtime\Cache\Admin\1e63603cb0c0765e0de965aee951a747.php 第 196 行.
NOTIC: [8] Undefined variable: Think D:\wamp\www\xingxiu\Application\Runtime\Cache\Admin\1e63603cb0c0765e0de965aee951a747.php 第 202 行.
INFO: Run Behavior\ParseTemplateBehavior [ RunTime:0.021000s ]
INFO: [ view_parse ] --END-- [ RunTime:0.021000s ]
INFO: [ view_filter ] --START--
INFO: Run Behavior\WriteHtmlCacheBehavior [ RunTime:0.001000s ]
INFO: [ view_filter ] --END-- [ RunTime:0.001000s ]
INFO: [ app_end ] --START--
INFO: Run Behavior\ShowPageTraceBehavior [ RunTime:0.001000s ]
INFO: [ app_end ] --END-- [ RunTime:0.001000s ]

[ 2017-05-22T11:27:52+08:00 ] 127.0.0.1 /xingxiu/index.php/Admin/Cate/add.html
INFO: [ app_init ] --START--
INFO: Run Behavior\BuildLiteBehavior [ RunTime:0.000000s ]
INFO: [ app_init ] --END-- [ RunTime:0.000000s ]
INFO: [ app_begin ] --START--
INFO: Run Behavior\ReadHtmlCacheBehavior [ RunTime:0.001000s ]
INFO: [ app_begin ] --END-- [ RunTime:0.001000s ]
SQL: SHOW COLUMNS FROM `cate` [ RunTime:0.0010s ]
SQL: SELECT * FROM `cate` ORDER BY sort asc  [ RunTime:0.0010s ]
SQL: INSERT INTO `cate` (`catename`,`keywords`,`des`,`type`,`nav_show`,`parentid`) VALUES ('二级栏目1','11','111','1','0','73') [ RunTime:0.0000s ]
INFO: [ view_parse ] --START--
INFO: [ template_filter ] --START--
INFO: Run Behavior\ContentReplaceBehavior [ RunTime:0.000000s ]
INFO: [ template_filter ] --END-- [ RunTime:0.000000s ]
INFO: Run Behavior\ParseTemplateBehavior [ RunTime:0.005000s ]
INFO: [ view_parse ] --END-- [ RunTime:0.007000s ]
INFO: [ view_filter ] --START--
INFO: Run Behavior\WriteHtmlCacheBehavior [ RunTime:0.000000s ]
INFO: [ view_filter ] --END-- [ RunTime:0.000000s ]
INFO: [ app_end ] --START--
INFO: Run Behavior\ShowPageTraceBehavior [ RunTime:0.001000s ]
INFO: [ app_end ] --END-- [ RunTime:0.001000s ]

[ 2017-05-22T11:27:54+08:00 ] 127.0.0.1 /xingxiu/index.php/Admin/Cate/lst.html
INFO: [ app_init ] --START--
INFO: Run Behavior\BuildLiteBehavior [ RunTime:0.000000s ]
INFO: [ app_init ] --END-- [ RunTime:0.001000s ]
INFO: [ app_begin ] --START--
INFO: Run Behavior\ReadHtmlCacheBehavior [ RunTime:0.001000s ]
INFO: [ app_begin ] --END-- [ RunTime:0.001000s ]
SQL: SHOW COLUMNS FROM `cate` [ RunTime:0.0000s ]
SQL: SELECT * FROM `cate` ORDER BY sort asc  [ RunTime:0.0000s ]
INFO: [ view_parse ] --START--
INFO: [ template_filter ] --START--
INFO: Run Behavior\ContentReplaceBehavior [ RunTime:0.000000s ]
INFO: [ template_filter ] --END-- [ RunTime:0.000000s ]
NOTIC: [8] Undefined variable: Think D:\wamp\www\xingxiu\Application\Runtime\Cache\Admin\1e31b38d8d9702701609b47afd2fec77.php 第 123 行.
NOTIC: [8] Undefined variable: Think D:\wamp\www\xingxiu\Application\Runtime\Cache\Admin\1e31b38d8d9702701609b47afd2fec77.php 第 129 行.
NOTIC: [8] Undefined variable: Think D:\wamp\www\xingxiu\Application\Runtime\Cache\Admin\1e31b38d8d9702701609b47afd2fec77.php 第 123 行.
NOTIC: [8] Undefined variable: Think D:\wamp\www\xingxiu\Application\Runtime\Cache\Admin\1e31b38d8d9702701609b47afd2fec77.php 第 129 行.
NOTIC: [8] Undefined variable: Think D:\wamp\www\xingxiu\Application\Runtime\Cache\Admin\1e31b38d8d9702701609b47afd2fec77.php 第 123 行.
NOTIC: [8] Undefined variable: Think D:\wamp\www\xingxiu\Application\Runtime\Cache\Admin\1e31b38d8d9702701609b47afd2fec77.php 第 129 行.
NOTIC: [8] Undefined variable: Think D:\wamp\www\xingxiu\Application\Runtime\Cache\Admin\1e31b38d8d9702701609b47afd2fec77.php 第 123 行.
NOTIC: [8] Undefined variable: Think D:\wamp\www\xingxiu\Application\Runtime\Cache\Admin\1e31b38d8d9702701609b47afd2fec77.php 第 129 行.
NOTIC: [8] Undefined variable: Think D:\wamp\www\xingxiu\Application\Runtime\Cache\Admin\1e31b38d8d9702701609b47afd2fec77.php 第 123 行.
NOTIC: [8] Undefined variable: Think D:\wamp\www\xingxiu\Application\Runtime\Cache\Admin\1e31b38d8d9702701609b47afd2fec77.php 第 129 行.
NOTIC: [8] Undefined variable: Think D:\wamp\www\xingxiu\Application\Runtime\Cache\Admin\1e31b38d8d9702701609b47afd2fec77.php 第 123 行.
NOTIC: [8] Undefined variable: Think D:\wamp\www\xingxiu\Application\Runtime\Cache\Admin\1e31b38d8d9702701609b47afd2fec77.php 第 129 行.
NOTIC: [8] Undefined variable: Think D:\wamp\www\xingxiu\Application\Runtime\Cache\Admin\1e31b38d8d9702701609b47afd2fec77.php 第 138 行.
NOTIC: [8] Undefined variable: Think D:\wamp\www\xingxiu\Application\Runtime\Cache\Admin\1e31b38d8d9702701609b47afd2fec77.php 第 148 行.
NOTIC: [8] Undefined variable: Think D:\wamp\www\xingxiu\Application\Runtime\Cache\Admin\1e31b38d8d9702701609b47afd2fec77.php 第 154 行.
NOTIC: [8] Undefined variable: Think D:\wamp\www\xingxiu\Application\Runtime\Cache\Admin\1e31b38d8d9702701609b47afd2fec77.php 第 162 行.
NOTIC: [8] Undefined variable: Think D:\wamp\www\xingxiu\Application\Runtime\Cache\Admin\1e31b38d8d9702701609b47afd2fec77.php 第 168 行.
NOTIC: [8] Undefined variable: Think D:\wamp\www\xingxiu\Application\Runtime\Cache\Admin\1e31b38d8d9702701609b47afd2fec77.php 第 173 行.
NOTIC: [8] Undefined variable: Think D:\wamp\www\xingxiu\Application\Runtime\Cache\Admin\1e31b38d8d9702701609b47afd2fec77.php 第 173 行.
NOTIC: [8] Undefined variable: Think D:\wamp\www\xingxiu\Application\Runtime\Cache\Admin\1e31b38d8d9702701609b47afd2fec77.php 第 173 行.
NOTIC: [8] Undefined variable: Think D:\wamp\www\xingxiu\Application\Runtime\Cache\Admin\1e31b38d8d9702701609b47afd2fec77.php 第 179 行.
NOTIC: [8] Undefined variable: Think D:\wamp\www\xingxiu\Application\Runtime\Cache\Admin\1e31b38d8d9702701609b47afd2fec77.php 第 179 行.
NOTIC: [8] Undefined variable: Think D:\wamp\www\xingxiu\Application\Runtime\Cache\Admin\1e31b38d8d9702701609b47afd2fec77.php 第 179 行.
NOTIC: [8] Undefined variable: Think D:\wamp\www\xingxiu\Application\Runtime\Cache\Admin\1e31b38d8d9702701609b47afd2fec77.php 第 186 行.
NOTIC: [8] Undefined variable: Think D:\wamp\www\xingxiu\Application\Runtime\Cache\Admin\1e31b38d8d9702701609b47afd2fec77.php 第 192 行.
NOTIC: [8] Undefined variable: Think D:\wamp\www\xingxiu\Application\Runtime\Cache\Admin\1e31b38d8d9702701609b47afd2fec77.php 第 198 行.
INFO: Run Behavior\ParseTemplateBehavior [ RunTime:0.018000s ]
INFO: [ view_parse ] --END-- [ RunTime:0.019000s ]
INFO: [ view_filter ] --START--
INFO: Run Behavior\WriteHtmlCacheBehavior [ RunTime:0.000000s ]
INFO: [ view_filter ] --END-- [ RunTime:0.000000s ]
INFO: [ app_end ] --START--
INFO: Run Behavior\ShowPageTraceBehavior [ RunTime:0.000000s ]
INFO: [ app_end ] --END-- [ RunTime:0.000000s ]

[ 2017-05-22T11:29:36+08:00 ] 127.0.0.1 /xingxiu/index.php/Admin/Cate/lst.html
INFO: [ app_init ] --START--
INFO: Run Behavior\BuildLiteBehavior [ RunTime:0.000000s ]
INFO: [ app_init ] --END-- [ RunTime:0.001000s ]
INFO: [ app_begin ] --START--
INFO: Run Behavior\ReadHtmlCacheBehavior [ RunTime:0.001000s ]
INFO: [ app_begin ] --END-- [ RunTime:0.001000s ]
SQL: SHOW COLUMNS FROM `cate` [ RunTime:0.0010s ]
SQL: SELECT * FROM `cate` ORDER BY sort asc  [ RunTime:0.0010s ]
INFO: [ view_parse ] --START--
INFO: [ template_filter ] --START--
INFO: Run Behavior\ContentReplaceBehavior [ RunTime:0.000000s ]
INFO: [ template_filter ] --END-- [ RunTime:0.000000s ]
NOTIC: [8] Undefined variable: Think D:\wamp\www\xingxiu\Application\Runtime\Cache\Admin\1e31b38d8d9702701609b47afd2fec77.php 第 123 行.
NOTIC: [8] Undefined variable: Think D:\wamp\www\xingxiu\Application\Runtime\Cache\Admin\1e31b38d8d9702701609b47afd2fec77.php 第 129 行.
NOTIC: [8] Undefined variable: Think D:\wamp\www\xingxiu\Application\Runtime\Cache\Admin\1e31b38d8d9702701609b47afd2fec77.php 第 123 行.
NOTIC: [8] Undefined variable: Think D:\wamp\www\xingxiu\Application\Runtime\Cache\Admin\1e31b38d8d9702701609b47afd2fec77.php 第 129 行.
NOTIC: [8] Undefined variable: Think D:\wamp\www\xingxiu\Application\Runtime\Cache\Admin\1e31b38d8d9702701609b47afd2fec77.php 第 123 行.
NOTIC: [8] Undefined variable: Think D:\wamp\www\xingxiu\Application\Runtime\Cache\Admin\1e31b38d8d9702701609b47afd2fec77.php 第 129 行.
NOTIC: [8] Undefined variable: Think D:\wamp\www\xingxiu\Application\Runtime\Cache\Admin\1e31b38d8d9702701609b47afd2fec77.php 第 123 行.
NOTIC: [8] Undefined variable: Think D:\wamp\www\xingxiu\Application\Runtime\Cache\Admin\1e31b38d8d9702701609b47afd2fec77.php 第 129 行.
NOTIC: [8] Undefined variable: Think D:\wamp\www\xingxiu\Application\Runtime\Cache\Admin\1e31b38d8d9702701609b47afd2fec77.php 第 123 行.
NOTIC: [8] Undefined variable: Think D:\wamp\www\xingxiu\Application\Runtime\Cache\Admin\1e31b38d8d9702701609b47afd2fec77.php 第 129 行.
NOTIC: [8] Undefined variable: Think D:\wamp\www\xingxiu\Application\Runtime\Cache\Admin\1e31b38d8d9702701609b47afd2fec77.php 第 123 行.
NOTIC: [8] Undefined variable: Think D:\wamp\www\xingxiu\Application\Runtime\Cache\Admin\1e31b38d8d9702701609b47afd2fec77.php 第 129 行.
NOTIC: [8] Undefined variable: Think D:\wamp\www\xingxiu\Application\Runtime\Cache\Admin\1e31b38d8d9702701609b47afd2fec77.php 第 138 行.
NOTIC: [8] Undefined variable: Think D:\wamp\www\xingxiu\Application\Runtime\Cache\Admin\1e31b38d8d9702701609b47afd2fec77.php 第 148 行.
NOTIC: [8] Undefined variable: Think D:\wamp\www\xingxiu\Application\Runtime\Cache\Admin\1e31b38d8d9702701609b47afd2fec77.php 第 154 行.
NOTIC: [8] Undefined variable: Think D:\wamp\www\xingxiu\Application\Runtime\Cache\Admin\1e31b38d8d9702701609b47afd2fec77.php 第 162 行.
NOTIC: [8] Undefined variable: Think D:\wamp\www\xingxiu\Application\Runtime\Cache\Admin\1e31b38d8d9702701609b47afd2fec77.php 第 168 行.
NOTIC: [8] Undefined variable: Think D:\wamp\www\xingxiu\Application\Runtime\Cache\Admin\1e31b38d8d9702701609b47afd2fec77.php 第 173 行.
NOTIC: [8] Undefined variable: Think D:\wamp\www\xingxiu\Application\Runtime\Cache\Admin\1e31b38d8d9702701609b47afd2fec77.php 第 173 行.
NOTIC: [8] Undefined variable: Think D:\wamp\www\xingxiu\Application\Runtime\Cache\Admin\1e31b38d8d9702701609b47afd2fec77.php 第 173 行.
NOTIC: [8] Undefined variable: Think D:\wamp\www\xingxiu\Application\Runtime\Cache\Admin\1e31b38d8d9702701609b47afd2fec77.php 第 179 行.
NOTIC: [8] Undefined variable: Think D:\wamp\www\xingxiu\Application\Runtime\Cache\Admin\1e31b38d8d9702701609b47afd2fec77.php 第 179 行.
NOTIC: [8] Undefined variable: Think D:\wamp\www\xingxiu\Application\Runtime\Cache\Admin\1e31b38d8d9702701609b47afd2fec77.php 第 179 行.
NOTIC: [8] Undefined variable: Think D:\wamp\www\xingxiu\Application\Runtime\Cache\Admin\1e31b38d8d9702701609b47afd2fec77.php 第 186 行.
NOTIC: [8] Undefined variable: Think D:\wamp\www\xingxiu\Application\Runtime\Cache\Admin\1e31b38d8d9702701609b47afd2fec77.php 第 192 行.
NOTIC: [8] Undefined variable: Think D:\wamp\www\xingxiu\Application\Runtime\Cache\Admin\1e31b38d8d9702701609b47afd2fec77.php 第 198 行.
INFO: Run Behavior\ParseTemplateBehavior [ RunTime:0.022000s ]
INFO: [ view_parse ] --END-- [ RunTime:0.022000s ]
INFO: [ view_filter ] --START--
INFO: Run Behavior\WriteHtmlCacheBehavior [ RunTime:0.000000s ]
INFO: [ view_filter ] --END-- [ RunTime:0.000000s ]
INFO: [ app_end ] --START--
INFO: Run Behavior\ShowPageTraceBehavior [ RunTime:0.001000s ]
INFO: [ app_end ] --END-- [ RunTime:0.001000s ]

[ 2017-05-22T11:30:53+08:00 ] 127.0.0.1 /xingxiu/index.php/Admin/Cate/lst.html
INFO: [ app_init ] --START--
INFO: Run Behavior\BuildLiteBehavior [ RunTime:0.001000s ]
INFO: [ app_init ] --END-- [ RunTime:0.001000s ]
INFO: [ app_begin ] --START--
INFO: Run Behavior\ReadHtmlCacheBehavior [ RunTime:0.001000s ]
INFO: [ app_begin ] --END-- [ RunTime:0.001000s ]
INFO: [ view_parse ] --START--
INFO: [ template_filter ] --START--
INFO: Run Behavior\ContentReplaceBehavior [ RunTime:0.000000s ]
INFO: [ template_filter ] --END-- [ RunTime:0.000000s ]
INFO: Run Behavior\ParseTemplateBehavior [ RunTime:0.007000s ]
INFO: [ view_parse ] --END-- [ RunTime:0.008000s ]
INFO: [ view_filter ] --START--
INFO: Run Behavior\WriteHtmlCacheBehavior [ RunTime:0.001000s ]
INFO: [ view_filter ] --END-- [ RunTime:0.001000s ]

[ 2017-05-22T11:30:55+08:00 ] 127.0.0.1 /xingxiu/index.php/Admin/Login/index.html
INFO: [ app_init ] --START--
INFO: Run Behavior\BuildLiteBehavior [ RunTime:0.000000s ]
INFO: [ app_init ] --END-- [ RunTime:0.001000s ]
INFO: [ app_begin ] --START--
INFO: Run Behavior\ReadHtmlCacheBehavior [ RunTime:0.001000s ]
INFO: [ app_begin ] --END-- [ RunTime:0.001000s ]
INFO: [ view_parse ] --START--
INFO: [ template_filter ] --START--
INFO: Run Behavior\ContentReplaceBehavior [ RunTime:0.000000s ]
INFO: [ template_filter ] --END-- [ RunTime:0.000000s ]
INFO: Run Behavior\ParseTemplateBehavior [ RunTime:0.010000s ]
INFO: [ view_parse ] --END-- [ RunTime:0.010000s ]
INFO: [ view_filter ] --START--
INFO: Run Behavior\WriteHtmlCacheBehavior [ RunTime:0.001000s ]
INFO: [ view_filter ] --END-- [ RunTime:0.001000s ]
INFO: [ app_end ] --START--
INFO: Run Behavior\ShowPageTraceBehavior [ RunTime:0.000000s ]
INFO: [ app_end ] --END-- [ RunTime:0.001000s ]

[ 2017-05-22T11:31:00+08:00 ] 127.0.0.1 /xingxiu/index.php/Admin/Login/index.html
INFO: [ app_init ] --START--
INFO: Run Behavior\BuildLiteBehavior [ RunTime:0.000000s ]
INFO: [ app_init ] --END-- [ RunTime:0.001000s ]
INFO: [ app_begin ] --START--
INFO: Run Behavior\ReadHtmlCacheBehavior [ RunTime:0.000000s ]
INFO: [ app_begin ] --END-- [ RunTime:0.002000s ]
SQL: SHOW COLUMNS FROM `user` [ RunTime:0.0020s ]
SQL: SELECT * FROM `user` WHERE `username` = 'admin' LIMIT 1   [ RunTime:0.0000s ]
SQL: SHOW COLUMNS FROM `role` [ RunTime:0.0000s ]
SQL: SHOW COLUMNS FROM `privilege` [ RunTime:0.0010s ]
SQL: SELECT * FROM `privilege`  [ RunTime:0.0000s ]
SQL: SELECT * FROM `role` WHERE `id` = 1 LIMIT 1   [ RunTime:0.0000s ]
SQL: SELECT * FROM `privilege` WHERE ( parentid=0 )  [ RunTime:0.0000s ]
SQL: SELECT * FROM `privilege` WHERE ( parentid=1 )  [ RunTime:0.0000s ]
SQL: SELECT * FROM `privilege` WHERE ( parentid=8 )  [ RunTime:0.0000s ]
SQL: SELECT * FROM `privilege` WHERE ( parentid=12 )  [ RunTime:0.0000s ]
SQL: SELECT * FROM `privilege` WHERE ( parentid=13 )  [ RunTime:0.0010s ]
SQL: SELECT * FROM `privilege` WHERE ( parentid=14 )  [ RunTime:0.0000s ]
SQL: SELECT * FROM `privilege` WHERE ( parentid=18 )  [ RunTime:0.0000s ]
SQL: SHOW COLUMNS FROM `login_log` [ RunTime:0.0010s ]
SQL: INSERT INTO `login_log` (`username`,`realname`,`head_pic`,`ip`,`address`,`time`) VALUES ('admin','小明','/Uploads/2017-05-06/590d7f00c5e92.jpg','127.0.0.1','湖北武汉','1495423860') [ RunTime:0.0000s ]
INFO: [ view_parse ] --START--
INFO: [ template_filter ] --START--
INFO: Run Behavior\ContentReplaceBehavior [ RunTime:0.000000s ]
INFO: [ template_filter ] --END-- [ RunTime:0.000000s ]
INFO: Run Behavior\ParseTemplateBehavior [ RunTime:0.006000s ]
INFO: [ view_parse ] --END-- [ RunTime:0.006000s ]
INFO: [ view_filter ] --START--
INFO: Run Behavior\WriteHtmlCacheBehavior [ RunTime:0.000000s ]
INFO: [ view_filter ] --END-- [ RunTime:0.000000s ]
INFO: [ app_end ] --START--
INFO: Run Behavior\ShowPageTraceBehavior [ RunTime:0.000000s ]
INFO: [ app_end ] --END-- [ RunTime:0.000000s ]

[ 2017-05-22T11:31:01+08:00 ] 127.0.0.1 /xingxiu/index.php/Admin/Index/index.html
INFO: [ app_init ] --START--
INFO: Run Behavior\BuildLiteBehavior [ RunTime:0.000000s ]
INFO: [ app_init ] --END-- [ RunTime:0.001000s ]
INFO: [ app_begin ] --START--
INFO: Run Behavior\ReadHtmlCacheBehavior [ RunTime:0.001000s ]
INFO: [ app_begin ] --END-- [ RunTime:0.001000s ]
SQL: SHOW COLUMNS FROM `content_logo` [ RunTime:0.0010s ]
SQL: SELECT * FROM `content_logo` LIMIT 1   [ RunTime:0.0000s ]
SQL: SHOW COLUMNS FROM `article` [ RunTime:0.0000s ]
SQL: SELECT COUNT(*) AS tp_count FROM `article` WHERE ( rem=5 ) LIMIT 1   [ RunTime:0.0000s ]
SQL: SELECT a.*,b.catename catename FROM article a LEFT JOIN cate b ON a.cateid=b.id  WHERE ( rem=5 ) ORDER BY a.id desc LIMIT 0,8   [ RunTime:0.0010s ]
SQL: SHOW COLUMNS FROM `cate` [ RunTime:0.0000s ]
SQL: SELECT * FROM `cate` ORDER BY sort asc  [ RunTime:0.0010s ]
INFO: [ view_parse ] --START--
INFO: [ template_filter ] --START--
INFO: Run Behavior\ContentReplaceBehavior [ RunTime:0.000000s ]
INFO: [ template_filter ] --END-- [ RunTime:0.000000s ]
NOTIC: [8] Undefined variable: Think D:\wamp\www\xingxiu\Application\Runtime\Cache\Admin\b595b808c2ebeeeb0478ffc30bb4e87a.php 第 139 行.
NOTIC: [8] Undefined variable: Think D:\wamp\www\xingxiu\Application\Runtime\Cache\Admin\b595b808c2ebeeeb0478ffc30bb4e87a.php 第 145 行.
NOTIC: [8] Undefined variable: Think D:\wamp\www\xingxiu\Application\Runtime\Cache\Admin\b595b808c2ebeeeb0478ffc30bb4e87a.php 第 139 行.
NOTIC: [8] Undefined variable: Think D:\wamp\www\xingxiu\Application\Runtime\Cache\Admin\b595b808c2ebeeeb0478ffc30bb4e87a.php 第 145 行.
NOTIC: [8] Undefined variable: Think D:\wamp\www\xingxiu\Application\Runtime\Cache\Admin\b595b808c2ebeeeb0478ffc30bb4e87a.php 第 139 行.
NOTIC: [8] Undefined variable: Think D:\wamp\www\xingxiu\Application\Runtime\Cache\Admin\b595b808c2ebeeeb0478ffc30bb4e87a.php 第 145 行.
NOTIC: [8] Undefined variable: Think D:\wamp\www\xingxiu\Application\Runtime\Cache\Admin\b595b808c2ebeeeb0478ffc30bb4e87a.php 第 139 行.
NOTIC: [8] Undefined variable: Think D:\wamp\www\xingxiu\Application\Runtime\Cache\Admin\b595b808c2ebeeeb0478ffc30bb4e87a.php 第 145 行.
NOTIC: [8] Undefined variable: Think D:\wamp\www\xingxiu\Application\Runtime\Cache\Admin\b595b808c2ebeeeb0478ffc30bb4e87a.php 第 139 行.
NOTIC: [8] Undefined variable: Think D:\wamp\www\xingxiu\Application\Runtime\Cache\Admin\b595b808c2ebeeeb0478ffc30bb4e87a.php 第 145 行.
NOTIC: [8] Undefined variable: Think D:\wamp\www\xingxiu\Application\Runtime\Cache\Admin\b595b808c2ebeeeb0478ffc30bb4e87a.php 第 139 行.
NOTIC: [8] Undefined variable: Think D:\wamp\www\xingxiu\Application\Runtime\Cache\Admin\b595b808c2ebeeeb0478ffc30bb4e87a.php 第 145 行.
NOTIC: [8] Undefined variable: Think D:\wamp\www\xingxiu\Application\Runtime\Cache\Admin\b595b808c2ebeeeb0478ffc30bb4e87a.php 第 154 行.
NOTIC: [8] Undefined variable: Think D:\wamp\www\xingxiu\Application\Runtime\Cache\Admin\b595b808c2ebeeeb0478ffc30bb4e87a.php 第 164 行.
NOTIC: [8] Undefined variable: Think D:\wamp\www\xingxiu\Application\Runtime\Cache\Admin\b595b808c2ebeeeb0478ffc30bb4e87a.php 第 170 行.
NOTIC: [8] Undefined variable: Think D:\wamp\www\xingxiu\Application\Runtime\Cache\Admin\b595b808c2ebeeeb0478ffc30bb4e87a.php 第 178 行.
NOTIC: [8] Undefined variable: Think D:\wamp\www\xingxiu\Application\Runtime\Cache\Admin\b595b808c2ebeeeb0478ffc30bb4e87a.php 第 184 行.
NOTIC: [8] Undefined variable: Think D:\wamp\www\xingxiu\Application\Runtime\Cache\Admin\b595b808c2ebeeeb0478ffc30bb4e87a.php 第 189 行.
NOTIC: [8] Undefined variable: Think D:\wamp\www\xingxiu\Application\Runtime\Cache\Admin\b595b808c2ebeeeb0478ffc30bb4e87a.php 第 189 行.
NOTIC: [8] Undefined variable: Think D:\wamp\www\xingxiu\Application\Runtime\Cache\Admin\b595b808c2ebeeeb0478ffc30bb4e87a.php 第 189 行.
NOTIC: [8] Undefined variable: Think D:\wamp\www\xingxiu\Application\Runtime\Cache\Admin\b595b808c2ebeeeb0478ffc30bb4e87a.php 第 195 行.
NOTIC: [8] Undefined variable: Think D:\wamp\www\xingxiu\Application\Runtime\Cache\Admin\b595b808c2ebeeeb0478ffc30bb4e87a.php 第 195 行.
NOTIC: [8] Undefined variable: Think D:\wamp\www\xingxiu\Application\Runtime\Cache\Admin\b595b808c2ebeeeb0478ffc30bb4e87a.php 第 195 行.
NOTIC: [8] Undefined variable: Think D:\wamp\www\xingxiu\Application\Runtime\Cache\Admin\b595b808c2ebeeeb0478ffc30bb4e87a.php 第 202 行.
NOTIC: [8] Undefined variable: Think D:\wamp\www\xingxiu\Application\Runtime\Cache\Admin\b595b808c2ebeeeb0478ffc30bb4e87a.php 第 208 行.
NOTIC: [8] Undefined variable: Think D:\wamp\www\xingxiu\Application\Runtime\Cache\Admin\b595b808c2ebeeeb0478ffc30bb4e87a.php 第 214 行.
INFO: Run Behavior\ParseTemplateBehavior [ RunTime:0.022000s ]
INFO: [ view_parse ] --END-- [ RunTime:0.022000s ]
INFO: [ view_filter ] --START--
INFO: Run Behavior\WriteHtmlCacheBehavior [ RunTime:0.001000s ]
INFO: [ view_filter ] --END-- [ RunTime:0.001000s ]
INFO: [ app_end ] --START--
INFO: Run Behavior\ShowPageTraceBehavior [ RunTime:0.001000s ]
INFO: [ app_end ] --END-- [ RunTime:0.001000s ]

[ 2017-05-22T11:40:06+08:00 ] 127.0.0.1 /xingxiu/index.php/Admin/Article/lst.html
INFO: [ app_init ] --START--
INFO: Run Behavior\BuildLiteBehavior [ RunTime:0.000000s ]
INFO: [ app_init ] --END-- [ RunTime:0.001000s ]
INFO: [ app_begin ] --START--
INFO: Run Behavior\ReadHtmlCacheBehavior [ RunTime:0.001000s ]
INFO: [ app_begin ] --END-- [ RunTime:0.001000s ]
SQL: SHOW COLUMNS FROM `article` [ RunTime:0.0010s ]
NOTIC: [2] Invalid argument supplied for foreach() D:\wamp\www\xingxiu\ThinkPHP\Library\Think\Db\Driver.class.php 第 504 行.
SQL: SELECT COUNT(*) AS tp_count FROM `article` LIMIT 1   [ RunTime:0.0010s ]
NOTIC: [2] Invalid argument supplied for foreach() D:\wamp\www\xingxiu\ThinkPHP\Library\Think\Db\Driver.class.php 第 504 行.
SQL: SELECT a.*,b.catename catename FROM article a LEFT JOIN cate b ON a.cateid=b.id  ORDER BY a.id desc LIMIT 0,8   [ RunTime:0.0000s ]
SQL: SHOW COLUMNS FROM `cate` [ RunTime:0.0000s ]
SQL: SELECT * FROM `cate` ORDER BY sort asc  [ RunTime:0.0000s ]
INFO: [ view_parse ] --START--
INFO: [ template_filter ] --START--
INFO: Run Behavior\ContentReplaceBehavior [ RunTime:0.000000s ]
INFO: [ template_filter ] --END-- [ RunTime:0.001000s ]
NOTIC: [8] Undefined variable: Think D:\wamp\www\xingxiu\Application\Runtime\Cache\Admin\3233ce5cce332a117b52d9b8831cbcfa.php 第 124 行.
NOTIC: [8] Undefined variable: Think D:\wamp\www\xingxiu\Application\Runtime\Cache\Admin\3233ce5cce332a117b52d9b8831cbcfa.php 第 130 行.
NOTIC: [8] Undefined variable: Think D:\wamp\www\xingxiu\Application\Runtime\Cache\Admin\3233ce5cce332a117b52d9b8831cbcfa.php 第 124 行.
NOTIC: [8] Undefined variable: Think D:\wamp\www\xingxiu\Application\Runtime\Cache\Admin\3233ce5cce332a117b52d9b8831cbcfa.php 第 130 行.
NOTIC: [8] Undefined variable: Think D:\wamp\www\xingxiu\Application\Runtime\Cache\Admin\3233ce5cce332a117b52d9b8831cbcfa.php 第 124 行.
NOTIC: [8] Undefined variable: Think D:\wamp\www\xingxiu\Application\Runtime\Cache\Admin\3233ce5cce332a117b52d9b8831cbcfa.php 第 130 行.
NOTIC: [8] Undefined variable: Think D:\wamp\www\xingxiu\Application\Runtime\Cache\Admin\3233ce5cce332a117b52d9b8831cbcfa.php 第 124 行.
NOTIC: [8] Undefined variable: Think D:\wamp\www\xingxiu\Application\Runtime\Cache\Admin\3233ce5cce332a117b52d9b8831cbcfa.php 第 130 行.
NOTIC: [8] Undefined variable: Think D:\wamp\www\xingxiu\Application\Runtime\Cache\Admin\3233ce5cce332a117b52d9b8831cbcfa.php 第 124 行.
NOTIC: [8] Undefined variable: Think D:\wamp\www\xingxiu\Application\Runtime\Cache\Admin\3233ce5cce332a117b52d9b8831cbcfa.php 第 130 行.
NOTIC: [8] Undefined variable: Think D:\wamp\www\xingxiu\Application\Runtime\Cache\Admin\3233ce5cce332a117b52d9b8831cbcfa.php 第 124 行.
NOTIC: [8] Undefined variable: Think D:\wamp\www\xingxiu\Application\Runtime\Cache\Admin\3233ce5cce332a117b52d9b8831cbcfa.php 第 130 行.
NOTIC: [8] Undefined variable: Think D:\wamp\www\xingxiu\Application\Runtime\Cache\Admin\3233ce5cce332a117b52d9b8831cbcfa.php 第 139 行.
NOTIC: [8] Undefined variable: Think D:\wamp\www\xingxiu\Application\Runtime\Cache\Admin\3233ce5cce332a117b52d9b8831cbcfa.php 第 149 行.
NOTIC: [8] Undefined variable: Think D:\wamp\www\xingxiu\Application\Runtime\Cache\Admin\3233ce5cce332a117b52d9b8831cbcfa.php 第 155 行.
NOTIC: [8] Undefined variable: Think D:\wamp\www\xingxiu\Application\Runtime\Cache\Admin\3233ce5cce332a117b52d9b8831cbcfa.php 第 163 行.
NOTIC: [8] Undefined variable: Think D:\wamp\www\xingxiu\Application\Runtime\Cache\Admin\3233ce5cce332a117b52d9b8831cbcfa.php 第 169 行.
NOTIC: [8] Undefined variable: Think D:\wamp\www\xingxiu\Application\Runtime\Cache\Admin\3233ce5cce332a117b52d9b8831cbcfa.php 第 174 行.
NOTIC: [8] Undefined variable: Think D:\wamp\www\xingxiu\Application\Runtime\Cache\Admin\3233ce5cce332a117b52d9b8831cbcfa.php 第 174 行.
NOTIC: [8] Undefined variable: Think D:\wamp\www\xingxiu\Application\Runtime\Cache\Admin\3233ce5cce332a117b52d9b8831cbcfa.php 第 174 行.
NOTIC: [8] Undefined variable: Think D:\wamp\www\xingxiu\Application\Runtime\Cache\Admin\3233ce5cce332a117b52d9b8831cbcfa.php 第 180 行.
NOTIC: [8] Undefined variable: Think D:\wamp\www\xingxiu\Application\Runtime\Cache\Admin\3233ce5cce332a117b52d9b8831cbcfa.php 第 180 行.
NOTIC: [8] Undefined variable: Think D:\wamp\www\xingxiu\Application\Runtime\Cache\Admin\3233ce5cce332a117b52d9b8831cbcfa.php 第 180 行.
NOTIC: [8] Undefined variable: Think D:\wamp\www\xingxiu\Application\Runtime\Cache\Admin\3233ce5cce332a117b52d9b8831cbcfa.php 第 187 行.
NOTIC: [8] Undefined variable: Think D:\wamp\www\xingxiu\Application\Runtime\Cache\Admin\3233ce5cce332a117b52d9b8831cbcfa.php 第 193 行.
NOTIC: [8] Undefined variable: Think D:\wamp\www\xingxiu\Application\Runtime\Cache\Admin\3233ce5cce332a117b52d9b8831cbcfa.php 第 199 行.
INFO: Run Behavior\ParseTemplateBehavior [ RunTime:0.029000s ]
INFO: [ view_parse ] --END-- [ RunTime:0.029000s ]
INFO: [ view_filter ] --START--
INFO: Run Behavior\WriteHtmlCacheBehavior [ RunTime:0.001000s ]
INFO: [ view_filter ] --END-- [ RunTime:0.001000s ]
INFO: [ app_end ] --START--
INFO: Run Behavior\ShowPageTraceBehavior [ RunTime:0.001000s ]
INFO: [ app_end ] --END-- [ RunTime:0.001000s ]

[ 2017-05-22T11:40:09+08:00 ] 127.0.0.1 /xingxiu/index.php/Admin/Article/add.html
INFO: [ app_init ] --START--
INFO: Run Behavior\BuildLiteBehavior [ RunTime:0.000000s ]
INFO: [ app_init ] --END-- [ RunTime:0.000000s ]
INFO: [ app_begin ] --START--
INFO: Run Behavior\ReadHtmlCacheBehavior [ RunTime:0.001000s ]
INFO: [ app_begin ] --END-- [ RunTime:0.001000s ]
SQL: SHOW COLUMNS FROM `article` [ RunTime:0.0000s ]
SQL: SHOW COLUMNS FROM `cate` [ RunTime:0.0010s ]
SQL: SELECT * FROM `cate` ORDER BY sort asc  [ RunTime:0.0010s ]
INFO: [ view_parse ] --START--
INFO: [ template_filter ] --START--
INFO: Run Behavior\ContentReplaceBehavior [ RunTime:0.000000s ]
INFO: [ template_filter ] --END-- [ RunTime:0.000000s ]
NOTIC: [8] Undefined variable: Think D:\wamp\www\xingxiu\Application\Runtime\Cache\Admin\e16cf278f1c326e72baf6415dbd5ab87.php 第 130 行.
NOTIC: [8] Undefined variable: Think D:\wamp\www\xingxiu\Application\Runtime\Cache\Admin\e16cf278f1c326e72baf6415dbd5ab87.php 第 136 行.
NOTIC: [8] Undefined variable: Think D:\wamp\www\xingxiu\Application\Runtime\Cache\Admin\e16cf278f1c326e72baf6415dbd5ab87.php 第 130 行.
NOTIC: [8] Undefined variable: Think D:\wamp\www\xingxiu\Application\Runtime\Cache\Admin\e16cf278f1c326e72baf6415dbd5ab87.php 第 136 行.
NOTIC: [8] Undefined variable: Think D:\wamp\www\xingxiu\Application\Runtime\Cache\Admin\e16cf278f1c326e72baf6415dbd5ab87.php 第 130 行.
NOTIC: [8] Undefined variable: Think D:\wamp\www\xingxiu\Application\Runtime\Cache\Admin\e16cf278f1c326e72baf6415dbd5ab87.php 第 136 行.
NOTIC: [8] Undefined variable: Think D:\wamp\www\xingxiu\Application\Runtime\Cache\Admin\e16cf278f1c326e72baf6415dbd5ab87.php 第 130 行.
NOTIC: [8] Undefined variable: Think D:\wamp\www\xingxiu\Application\Runtime\Cache\Admin\e16cf278f1c326e72baf6415dbd5ab87.php 第 136 行.
NOTIC: [8] Undefined variable: Think D:\wamp\www\xingxiu\Application\Runtime\Cache\Admin\e16cf278f1c326e72baf6415dbd5ab87.php 第 130 行.
NOTIC: [8] Undefined variable: Think D:\wamp\www\xingxiu\Application\Runtime\Cache\Admin\e16cf278f1c326e72baf6415dbd5ab87.php 第 136 行.
NOTIC: [8] Undefined variable: Think D:\wamp\www\xingxiu\Application\Runtime\Cache\Admin\e16cf278f1c326e72baf6415dbd5ab87.php 第 130 行.
NOTIC: [8] Undefined variable: Think D:\wamp\www\xingxiu\Application\Runtime\Cache\Admin\e16cf278f1c326e72baf6415dbd5ab87.php 第 136 行.
NOTIC: [8] Undefined variable: Think D:\wamp\www\xingxiu\Application\Runtime\Cache\Admin\e16cf278f1c326e72baf6415dbd5ab87.php 第 145 行.
NOTIC: [8] Undefined variable: Think D:\wamp\www\xingxiu\Application\Runtime\Cache\Admin\e16cf278f1c326e72baf6415dbd5ab87.php 第 155 行.
NOTIC: [8] Undefined variable: Think D:\wamp\www\xingxiu\Application\Runtime\Cache\Admin\e16cf278f1c326e72baf6415dbd5ab87.php 第 161 行.
NOTIC: [8] Undefined variable: Think D:\wamp\www\xingxiu\Application\Runtime\Cache\Admin\e16cf278f1c326e72baf6415dbd5ab87.php 第 169 行.
NOTIC: [8] Undefined variable: Think D:\wamp\www\xingxiu\Application\Runtime\Cache\Admin\e16cf278f1c326e72baf6415dbd5ab87.php 第 175 行.
NOTIC: [8] Undefined variable: Think D:\wamp\www\xingxiu\Application\Runtime\Cache\Admin\e16cf278f1c326e72baf6415dbd5ab87.php 第 180 行.
NOTIC: [8] Undefined variable: Think D:\wamp\www\xingxiu\Application\Runtime\Cache\Admin\e16cf278f1c326e72baf6415dbd5ab87.php 第 180 行.
NOTIC: [8] Undefined variable: Think D:\wamp\www\xingxiu\Application\Runtime\Cache\Admin\e16cf278f1c326e72baf6415dbd5ab87.php 第 180 行.
NOTIC: [8] Undefined variable: Think D:\wamp\www\xingxiu\Application\Runtime\Cache\Admin\e16cf278f1c326e72baf6415dbd5ab87.php 第 186 行.
NOTIC: [8] Undefined variable: Think D:\wamp\www\xingxiu\Application\Runtime\Cache\Admin\e16cf278f1c326e72baf6415dbd5ab87.php 第 186 行.
NOTIC: [8] Undefined variable: Think D:\wamp\www\xingxiu\Application\Runtime\Cache\Admin\e16cf278f1c326e72baf6415dbd5ab87.php 第 186 行.
NOTIC: [8] Undefined variable: Think D:\wamp\www\xingxiu\Application\Runtime\Cache\Admin\e16cf278f1c326e72baf6415dbd5ab87.php 第 193 行.
NOTIC: [8] Undefined variable: Think D:\wamp\www\xingxiu\Application\Runtime\Cache\Admin\e16cf278f1c326e72baf6415dbd5ab87.php 第 199 行.
NOTIC: [8] Undefined variable: Think D:\wamp\www\xingxiu\Application\Runtime\Cache\Admin\e16cf278f1c326e72baf6415dbd5ab87.php 第 205 行.
INFO: Run Behavior\ParseTemplateBehavior [ RunTime:0.020000s ]
INFO: [ view_parse ] --END-- [ RunTime:0.020000s ]
INFO: [ view_filter ] --START--
INFO: Run Behavior\WriteHtmlCacheBehavior [ RunTime:0.001000s ]
INFO: [ view_filter ] --END-- [ RunTime:0.001000s ]
INFO: [ app_end ] --START--
INFO: Run Behavior\ShowPageTraceBehavior [ RunTime:0.001000s ]
INFO: [ app_end ] --END-- [ RunTime:0.001000s ]

[ 2017-05-22T11:40:26+08:00 ] 127.0.0.1 /xingxiu/index.php/Admin/Article/add.html
INFO: [ app_init ] --START--
INFO: Run Behavior\BuildLiteBehavior [ RunTime:0.000000s ]
INFO: [ app_init ] --END-- [ RunTime:0.001000s ]
INFO: [ app_begin ] --START--
INFO: Run Behavior\ReadHtmlCacheBehavior [ RunTime:0.001000s ]
INFO: [ app_begin ] --END-- [ RunTime:0.001000s ]
SQL: SHOW COLUMNS FROM `article` [ RunTime:0.0010s ]
NOTIC: [2] call_user_func() expects parameter 1 to be a valid callback, no array or string given D:\wamp\www\xingxiu\ThinkPHP\Library\Think\Upload.class.php 第 170 行.
SQL: INSERT INTO `article` (`title`,`keywords`,`author`,`des`,`content`,`url`,`num`,`rem`,`cateid`,`subtime`,`pic`) VALUES ('53452','52345','5423','542354','&lt;p&gt;542354&lt;/p&gt;','54254235','54','1','75','1495424426','/Uploads/2017-05-22/59225daa3d79c.jpg') [ RunTime:0.0010s ]
INFO: [ view_parse ] --START--
INFO: [ template_filter ] --START--
INFO: Run Behavior\ContentReplaceBehavior [ RunTime:0.001000s ]
INFO: [ template_filter ] --END-- [ RunTime:0.001000s ]
INFO: Run Behavior\ParseTemplateBehavior [ RunTime:0.007000s ]
INFO: [ view_parse ] --END-- [ RunTime:0.008000s ]
INFO: [ view_filter ] --START--
INFO: Run Behavior\WriteHtmlCacheBehavior [ RunTime:0.000000s ]
INFO: [ view_filter ] --END-- [ RunTime:0.000000s ]
INFO: [ app_end ] --START--
INFO: Run Behavior\ShowPageTraceBehavior [ RunTime:0.000000s ]
INFO: [ app_end ] --END-- [ RunTime:0.001000s ]

[ 2017-05-22T11:40:27+08:00 ] 127.0.0.1 /xingxiu/index.php/Admin/Article/lst.html
INFO: [ app_init ] --START--
INFO: Run Behavior\BuildLiteBehavior [ RunTime:0.000000s ]
INFO: [ app_init ] --END-- [ RunTime:0.000000s ]
INFO: [ app_begin ] --START--
INFO: Run Behavior\ReadHtmlCacheBehavior [ RunTime:0.001000s ]
INFO: [ app_begin ] --END-- [ RunTime:0.001000s ]
SQL: SHOW COLUMNS FROM `article` [ RunTime:0.0010s ]
NOTIC: [2] Invalid argument supplied for foreach() D:\wamp\www\xingxiu\ThinkPHP\Library\Think\Db\Driver.class.php 第 504 行.
SQL: SELECT COUNT(*) AS tp_count FROM `article` LIMIT 1   [ RunTime:0.0010s ]
NOTIC: [2] Invalid argument supplied for foreach() D:\wamp\www\xingxiu\ThinkPHP\Library\Think\Db\Driver.class.php 第 504 行.
SQL: SELECT a.*,b.catename catename FROM article a LEFT JOIN cate b ON a.cateid=b.id  ORDER BY a.id desc LIMIT 0,8   [ RunTime:0.0010s ]
SQL: SHOW COLUMNS FROM `cate` [ RunTime:0.0010s ]
SQL: SELECT * FROM `cate` ORDER BY sort asc  [ RunTime:0.0000s ]
INFO: [ view_parse ] --START--
INFO: [ template_filter ] --START--
INFO: Run Behavior\ContentReplaceBehavior [ RunTime:0.000000s ]
INFO: [ template_filter ] --END-- [ RunTime:0.000000s ]
NOTIC: [8] Undefined variable: Think D:\wamp\www\xingxiu\Application\Runtime\Cache\Admin\3233ce5cce332a117b52d9b8831cbcfa.php 第 124 行.
NOTIC: [8] Undefined variable: Think D:\wamp\www\xingxiu\Application\Runtime\Cache\Admin\3233ce5cce332a117b52d9b8831cbcfa.php 第 130 行.
NOTIC: [8] Undefined variable: Think D:\wamp\www\xingxiu\Application\Runtime\Cache\Admin\3233ce5cce332a117b52d9b8831cbcfa.php 第 124 行.
NOTIC: [8] Undefined variable: Think D:\wamp\www\xingxiu\Application\Runtime\Cache\Admin\3233ce5cce332a117b52d9b8831cbcfa.php 第 130 行.
NOTIC: [8] Undefined variable: Think D:\wamp\www\xingxiu\Application\Runtime\Cache\Admin\3233ce5cce332a117b52d9b8831cbcfa.php 第 124 行.
NOTIC: [8] Undefined variable: Think D:\wamp\www\xingxiu\Application\Runtime\Cache\Admin\3233ce5cce332a117b52d9b8831cbcfa.php 第 130 行.
NOTIC: [8] Undefined variable: Think D:\wamp\www\xingxiu\Application\Runtime\Cache\Admin\3233ce5cce332a117b52d9b8831cbcfa.php 第 124 行.
NOTIC: [8] Undefined variable: Think D:\wamp\www\xingxiu\Application\Runtime\Cache\Admin\3233ce5cce332a117b52d9b8831cbcfa.php 第 130 行.
NOTIC: [8] Undefined variable: Think D:\wamp\www\xingxiu\Application\Runtime\Cache\Admin\3233ce5cce332a117b52d9b8831cbcfa.php 第 124 行.
NOTIC: [8] Undefined variable: Think D:\wamp\www\xingxiu\Application\Runtime\Cache\Admin\3233ce5cce332a117b52d9b8831cbcfa.php 第 130 行.
NOTIC: [8] Undefined variable: Think D:\wamp\www\xingxiu\Application\Runtime\Cache\Admin\3233ce5cce332a117b52d9b8831cbcfa.php 第 124 行.
NOTIC: [8] Undefined variable: Think D:\wamp\www\xingxiu\Application\Runtime\Cache\Admin\3233ce5cce332a117b52d9b8831cbcfa.php 第 130 行.
NOTIC: [8] Undefined variable: Think D:\wamp\www\xingxiu\Application\Runtime\Cache\Admin\3233ce5cce332a117b52d9b8831cbcfa.php 第 139 行.
NOTIC: [8] Undefined variable: Think D:\wamp\www\xingxiu\Application\Runtime\Cache\Admin\3233ce5cce332a117b52d9b8831cbcfa.php 第 149 行.
NOTIC: [8] Undefined variable: Think D:\wamp\www\xingxiu\Application\Runtime\Cache\Admin\3233ce5cce332a117b52d9b8831cbcfa.php 第 155 行.
NOTIC: [8] Undefined variable: Think D:\wamp\www\xingxiu\Application\Runtime\Cache\Admin\3233ce5cce332a117b52d9b8831cbcfa.php 第 163 行.
NOTIC: [8] Undefined variable: Think D:\wamp\www\xingxiu\Application\Runtime\Cache\Admin\3233ce5cce332a117b52d9b8831cbcfa.php 第 169 行.
NOTIC: [8] Undefined variable: Think D:\wamp\www\xingxiu\Application\Runtime\Cache\Admin\3233ce5cce332a117b52d9b8831cbcfa.php 第 174 行.
NOTIC: [8] Undefined variable: Think D:\wamp\www\xingxiu\Application\Runtime\Cache\Admin\3233ce5cce332a117b52d9b8831cbcfa.php 第 174 行.
NOTIC: [8] Undefined variable: Think D:\wamp\www\xingxiu\Application\Runtime\Cache\Admin\3233ce5cce332a117b52d9b8831cbcfa.php 第 174 行.
NOTIC: [8] Undefined variable: Think D:\wamp\www\xingxiu\Application\Runtime\Cache\Admin\3233ce5cce332a117b52d9b8831cbcfa.php 第 180 行.
NOTIC: [8] Undefined variable: Think D:\wamp\www\xingxiu\Application\Runtime\Cache\Admin\3233ce5cce332a117b52d9b8831cbcfa.php 第 180 行.
NOTIC: [8] Undefined variable: Think D:\wamp\www\xingxiu\Application\Runtime\Cache\Admin\3233ce5cce332a117b52d9b8831cbcfa.php 第 180 行.
NOTIC: [8] Undefined variable: Think D:\wamp\www\xingxiu\Application\Runtime\Cache\Admin\3233ce5cce332a117b52d9b8831cbcfa.php 第 187 行.
NOTIC: [8] Undefined variable: Think D:\wamp\www\xingxiu\Application\Runtime\Cache\Admin\3233ce5cce332a117b52d9b8831cbcfa.php 第 193 行.
NOTIC: [8] Undefined variable: Think D:\wamp\www\xingxiu\Application\Runtime\Cache\Admin\3233ce5cce332a117b52d9b8831cbcfa.php 第 199 行.
INFO: Run Behavior\ParseTemplateBehavior [ RunTime:0.024000s ]
INFO: [ view_parse ] --END-- [ RunTime:0.024000s ]
INFO: [ view_filter ] --START--
INFO: Run Behavior\WriteHtmlCacheBehavior [ RunTime:0.001000s ]
INFO: [ view_filter ] --END-- [ RunTime:0.001000s ]
INFO: [ app_end ] --START--
INFO: Run Behavior\ShowPageTraceBehavior [ RunTime:0.001000s ]
INFO: [ app_end ] --END-- [ RunTime:0.001000s ]

[ 2017-05-22T12:04:25+08:00 ] 127.0.0.1 /xingxiu/index.php/Admin/Cate/lst.html
INFO: [ app_init ] --START--
INFO: Run Behavior\BuildLiteBehavior [ RunTime:0.000000s ]
INFO: [ app_init ] --END-- [ RunTime:0.001000s ]
INFO: [ app_begin ] --START--
INFO: Run Behavior\ReadHtmlCacheBehavior [ RunTime:0.001000s ]
INFO: [ app_begin ] --END-- [ RunTime:0.001000s ]
SQL: SHOW COLUMNS FROM `cate` [ RunTime:0.0010s ]
SQL: SELECT * FROM `cate` ORDER BY sort asc  [ RunTime:0.0010s ]
INFO: [ view_parse ] --START--
INFO: [ template_filter ] --START--
INFO: Run Behavior\ContentReplaceBehavior [ RunTime:0.000000s ]
INFO: [ template_filter ] --END-- [ RunTime:0.000000s ]
NOTIC: [8] Undefined variable: Think D:\wamp\www\xingxiu\Application\Runtime\Cache\Admin\1e31b38d8d9702701609b47afd2fec77.php 第 123 行.
NOTIC: [8] Undefined variable: Think D:\wamp\www\xingxiu\Application\Runtime\Cache\Admin\1e31b38d8d9702701609b47afd2fec77.php 第 129 行.
NOTIC: [8] Undefined variable: Think D:\wamp\www\xingxiu\Application\Runtime\Cache\Admin\1e31b38d8d9702701609b47afd2fec77.php 第 123 行.
NOTIC: [8] Undefined variable: Think D:\wamp\www\xingxiu\Application\Runtime\Cache\Admin\1e31b38d8d9702701609b47afd2fec77.php 第 129 行.
NOTIC: [8] Undefined variable: Think D:\wamp\www\xingxiu\Application\Runtime\Cache\Admin\1e31b38d8d9702701609b47afd2fec77.php 第 123 行.
NOTIC: [8] Undefined variable: Think D:\wamp\www\xingxiu\Application\Runtime\Cache\Admin\1e31b38d8d9702701609b47afd2fec77.php 第 129 行.
NOTIC: [8] Undefined variable: Think D:\wamp\www\xingxiu\Application\Runtime\Cache\Admin\1e31b38d8d9702701609b47afd2fec77.php 第 123 行.
NOTIC: [8] Undefined variable: Think D:\wamp\www\xingxiu\Application\Runtime\Cache\Admin\1e31b38d8d9702701609b47afd2fec77.php 第 129 行.
NOTIC: [8] Undefined variable: Think D:\wamp\www\xingxiu\Application\Runtime\Cache\Admin\1e31b38d8d9702701609b47afd2fec77.php 第 123 行.
NOTIC: [8] Undefined variable: Think D:\wamp\www\xingxiu\Application\Runtime\Cache\Admin\1e31b38d8d9702701609b47afd2fec77.php 第 129 行.
NOTIC: [8] Undefined variable: Think D:\wamp\www\xingxiu\Application\Runtime\Cache\Admin\1e31b38d8d9702701609b47afd2fec77.php 第 123 行.
NOTIC: [8] Undefined variable: Think D:\wamp\www\xingxiu\Application\Runtime\Cache\Admin\1e31b38d8d9702701609b47afd2fec77.php 第 129 行.
NOTIC: [8] Undefined variable: Think D:\wamp\www\xingxiu\Application\Runtime\Cache\Admin\1e31b38d8d9702701609b47afd2fec77.php 第 138 行.
NOTIC: [8] Undefined variable: Think D:\wamp\www\xingxiu\Application\Runtime\Cache\Admin\1e31b38d8d9702701609b47afd2fec77.php 第 148 行.
NOTIC: [8] Undefined variable: Think D:\wamp\www\xingxiu\Application\Runtime\Cache\Admin\1e31b38d8d9702701609b47afd2fec77.php 第 154 行.
NOTIC: [8] Undefined variable: Think D:\wamp\www\xingxiu\Application\Runtime\Cache\Admin\1e31b38d8d9702701609b47afd2fec77.php 第 162 行.
NOTIC: [8] Undefined variable: Think D:\wamp\www\xingxiu\Application\Runtime\Cache\Admin\1e31b38d8d9702701609b47afd2fec77.php 第 168 行.
NOTIC: [8] Undefined variable: Think D:\wamp\www\xingxiu\Application\Runtime\Cache\Admin\1e31b38d8d9702701609b47afd2fec77.php 第 173 行.
NOTIC: [8] Undefined variable: Think D:\wamp\www\xingxiu\Application\Runtime\Cache\Admin\1e31b38d8d9702701609b47afd2fec77.php 第 173 行.
NOTIC: [8] Undefined variable: Think D:\wamp\www\xingxiu\Application\Runtime\Cache\Admin\1e31b38d8d9702701609b47afd2fec77.php 第 173 行.
NOTIC: [8] Undefined variable: Think D:\wamp\www\xingxiu\Application\Runtime\Cache\Admin\1e31b38d8d9702701609b47afd2fec77.php 第 179 行.
NOTIC: [8] Undefined variable: Think D:\wamp\www\xingxiu\Application\Runtime\Cache\Admin\1e31b38d8d9702701609b47afd2fec77.php 第 179 行.
NOTIC: [8] Undefined variable: Think D:\wamp\www\xingxiu\Application\Runtime\Cache\Admin\1e31b38d8d9702701609b47afd2fec77.php 第 179 行.
NOTIC: [8] Undefined variable: Think D:\wamp\www\xingxiu\Application\Runtime\Cache\Admin\1e31b38d8d9702701609b47afd2fec77.php 第 186 行.
NOTIC: [8] Undefined variable: Think D:\wamp\www\xingxiu\Application\Runtime\Cache\Admin\1e31b38d8d9702701609b47afd2fec77.php 第 192 行.
NOTIC: [8] Undefined variable: Think D:\wamp\www\xingxiu\Application\Runtime\Cache\Admin\1e31b38d8d9702701609b47afd2fec77.php 第 198 行.
INFO: Run Behavior\ParseTemplateBehavior [ RunTime:0.023000s ]
INFO: [ view_parse ] --END-- [ RunTime:0.023000s ]
INFO: [ view_filter ] --START--
INFO: Run Behavior\WriteHtmlCacheBehavior [ RunTime:0.001000s ]
INFO: [ view_filter ] --END-- [ RunTime:0.001000s ]
INFO: [ app_end ] --START--
INFO: Run Behavior\ShowPageTraceBehavior [ RunTime:0.001000s ]
INFO: [ app_end ] --END-- [ RunTime:0.001000s ]

[ 2017-05-22T12:04:27+08:00 ] 127.0.0.1 /xingxiu/index.php/Admin/Cate/edit/id/73.html
INFO: [ app_init ] --START--
INFO: Run Behavior\BuildLiteBehavior [ RunTime:0.000000s ]
INFO: [ app_init ] --END-- [ RunTime:0.000000s ]
INFO: [ app_begin ] --START--
INFO: Run Behavior\ReadHtmlCacheBehavior [ RunTime:0.000000s ]
INFO: [ app_begin ] --END-- [ RunTime:0.000000s ]
SQL: SHOW COLUMNS FROM `cate` [ RunTime:0.0010s ]
SQL: SELECT * FROM `cate` ORDER BY sort asc  [ RunTime:0.0010s ]
SQL: SELECT * FROM `cate` WHERE `id` = 73 LIMIT 1   [ RunTime:0.0000s ]
INFO: [ view_parse ] --START--
INFO: [ template_filter ] --START--
INFO: Run Behavior\ContentReplaceBehavior [ RunTime:0.000000s ]
INFO: [ template_filter ] --END-- [ RunTime:0.000000s ]
NOTIC: [8] Undefined variable: Think D:\wamp\www\xingxiu\Application\Runtime\Cache\Admin\a0bd7cc8f9bbe9aeb24188ff7ada7de1.php 第 127 行.
NOTIC: [8] Undefined variable: Think D:\wamp\www\xingxiu\Application\Runtime\Cache\Admin\a0bd7cc8f9bbe9aeb24188ff7ada7de1.php 第 133 行.
NOTIC: [8] Undefined variable: Think D:\wamp\www\xingxiu\Application\Runtime\Cache\Admin\a0bd7cc8f9bbe9aeb24188ff7ada7de1.php 第 127 行.
NOTIC: [8] Undefined variable: Think D:\wamp\www\xingxiu\Application\Runtime\Cache\Admin\a0bd7cc8f9bbe9aeb24188ff7ada7de1.php 第 133 行.
NOTIC: [8] Undefined variable: Think D:\wamp\www\xingxiu\Application\Runtime\Cache\Admin\a0bd7cc8f9bbe9aeb24188ff7ada7de1.php 第 127 行.
NOTIC: [8] Undefined variable: Think D:\wamp\www\xingxiu\Application\Runtime\Cache\Admin\a0bd7cc8f9bbe9aeb24188ff7ada7de1.php 第 133 行.
NOTIC: [8] Undefined variable: Think D:\wamp\www\xingxiu\Application\Runtime\Cache\Admin\a0bd7cc8f9bbe9aeb24188ff7ada7de1.php 第 127 行.
NOTIC: [8] Undefined variable: Think D:\wamp\www\xingxiu\Application\Runtime\Cache\Admin\a0bd7cc8f9bbe9aeb24188ff7ada7de1.php 第 133 行.
NOTIC: [8] Undefined variable: Think D:\wamp\www\xingxiu\Application\Runtime\Cache\Admin\a0bd7cc8f9bbe9aeb24188ff7ada7de1.php 第 127 行.
NOTIC: [8] Undefined variable: Think D:\wamp\www\xingxiu\Application\Runtime\Cache\Admin\a0bd7cc8f9bbe9aeb24188ff7ada7de1.php 第 133 行.
NOTIC: [8] Undefined variable: Think D:\wamp\www\xingxiu\Application\Runtime\Cache\Admin\a0bd7cc8f9bbe9aeb24188ff7ada7de1.php 第 127 行.
NOTIC: [8] Undefined variable: Think D:\wamp\www\xingxiu\Application\Runtime\Cache\Admin\a0bd7cc8f9bbe9aeb24188ff7ada7de1.php 第 133 行.
NOTIC: [8] Undefined variable: Think D:\wamp\www\xingxiu\Application\Runtime\Cache\Admin\a0bd7cc8f9bbe9aeb24188ff7ada7de1.php 第 142 行.
NOTIC: [8] Undefined variable: Think D:\wamp\www\xingxiu\Application\Runtime\Cache\Admin\a0bd7cc8f9bbe9aeb24188ff7ada7de1.php 第 152 行.
NOTIC: [8] Undefined variable: Think D:\wamp\www\xingxiu\Application\Runtime\Cache\Admin\a0bd7cc8f9bbe9aeb24188ff7ada7de1.php 第 158 行.
NOTIC: [8] Undefined variable: Think D:\wamp\www\xingxiu\Application\Runtime\Cache\Admin\a0bd7cc8f9bbe9aeb24188ff7ada7de1.php 第 166 行.
NOTIC: [8] Undefined variable: Think D:\wamp\www\xingxiu\Application\Runtime\Cache\Admin\a0bd7cc8f9bbe9aeb24188ff7ada7de1.php 第 172 行.
NOTIC: [8] Undefined variable: Think D:\wamp\www\xingxiu\Application\Runtime\Cache\Admin\a0bd7cc8f9bbe9aeb24188ff7ada7de1.php 第 177 行.
NOTIC: [8] Undefined variable: Think D:\wamp\www\xingxiu\Application\Runtime\Cache\Admin\a0bd7cc8f9bbe9aeb24188ff7ada7de1.php 第 177 行.
NOTIC: [8] Undefined variable: Think D:\wamp\www\xingxiu\Application\Runtime\Cache\Admin\a0bd7cc8f9bbe9aeb24188ff7ada7de1.php 第 177 行.
NOTIC: [8] Undefined variable: Think D:\wamp\www\xingxiu\Application\Runtime\Cache\Admin\a0bd7cc8f9bbe9aeb24188ff7ada7de1.php 第 183 行.
NOTIC: [8] Undefined variable: Think D:\wamp\www\xingxiu\Application\Runtime\Cache\Admin\a0bd7cc8f9bbe9aeb24188ff7ada7de1.php 第 183 行.
NOTIC: [8] Undefined variable: Think D:\wamp\www\xingxiu\Application\Runtime\Cache\Admin\a0bd7cc8f9bbe9aeb24188ff7ada7de1.php 第 183 行.
NOTIC: [8] Undefined variable: Think D:\wamp\www\xingxiu\Application\Runtime\Cache\Admin\a0bd7cc8f9bbe9aeb24188ff7ada7de1.php 第 190 行.
NOTIC: [8] Undefined variable: Think D:\wamp\www\xingxiu\Application\Runtime\Cache\Admin\a0bd7cc8f9bbe9aeb24188ff7ada7de1.php 第 196 行.
NOTIC: [8] Undefined variable: Think D:\wamp\www\xingxiu\Application\Runtime\Cache\Admin\a0bd7cc8f9bbe9aeb24188ff7ada7de1.php 第 202 行.
INFO: Run Behavior\ParseTemplateBehavior [ RunTime:0.020000s ]
INFO: [ view_parse ] --END-- [ RunTime:0.020000s ]
INFO: [ view_filter ] --START--
INFO: Run Behavior\WriteHtmlCacheBehavior [ RunTime:0.001000s ]
INFO: [ view_filter ] --END-- [ RunTime:0.001000s ]
INFO: [ app_end ] --START--
INFO: Run Behavior\ShowPageTraceBehavior [ RunTime:0.001000s ]
INFO: [ app_end ] --END-- [ RunTime:0.001000s ]

[ 2017-05-22T12:04:45+08:00 ] 127.0.0.1 /xingxiu/index.php/Admin/Cate/add.html
INFO: [ app_init ] --START--
INFO: Run Behavior\BuildLiteBehavior [ RunTime:0.000000s ]
INFO: [ app_init ] --END-- [ RunTime:0.001000s ]
INFO: [ app_begin ] --START--
INFO: Run Behavior\ReadHtmlCacheBehavior [ RunTime:0.001000s ]
INFO: [ app_begin ] --END-- [ RunTime:0.001000s ]
SQL: SHOW COLUMNS FROM `cate` [ RunTime:0.0010s ]
SQL: SELECT * FROM `cate` ORDER BY sort asc  [ RunTime:0.0010s ]
INFO: [ view_parse ] --START--
INFO: [ template_filter ] --START--
INFO: Run Behavior\ContentReplaceBehavior [ RunTime:0.000000s ]
INFO: [ template_filter ] --END-- [ RunTime:0.000000s ]
NOTIC: [8] Undefined variable: Think D:\wamp\www\xingxiu\Application\Runtime\Cache\Admin\1e63603cb0c0765e0de965aee951a747.php 第 127 行.
NOTIC: [8] Undefined variable: Think D:\wamp\www\xingxiu\Application\Runtime\Cache\Admin\1e63603cb0c0765e0de965aee951a747.php 第 133 行.
NOTIC: [8] Undefined variable: Think D:\wamp\www\xingxiu\Application\Runtime\Cache\Admin\1e63603cb0c0765e0de965aee951a747.php 第 127 行.
NOTIC: [8] Undefined variable: Think D:\wamp\www\xingxiu\Application\Runtime\Cache\Admin\1e63603cb0c0765e0de965aee951a747.php 第 133 行.
NOTIC: [8] Undefined variable: Think D:\wamp\www\xingxiu\Application\Runtime\Cache\Admin\1e63603cb0c0765e0de965aee951a747.php 第 127 行.
NOTIC: [8] Undefined variable: Think D:\wamp\www\xingxiu\Application\Runtime\Cache\Admin\1e63603cb0c0765e0de965aee951a747.php 第 133 行.
NOTIC: [8] Undefined variable: Think D:\wamp\www\xingxiu\Application\Runtime\Cache\Admin\1e63603cb0c0765e0de965aee951a747.php 第 127 行.
NOTIC: [8] Undefined variable: Think D:\wamp\www\xingxiu\Application\Runtime\Cache\Admin\1e63603cb0c0765e0de965aee951a747.php 第 133 行.
NOTIC: [8] Undefined variable: Think D:\wamp\www\xingxiu\Application\Runtime\Cache\Admin\1e63603cb0c0765e0de965aee951a747.php 第 127 行.
NOTIC: [8] Undefined variable: Think D:\wamp\www\xingxiu\Application\Runtime\Cache\Admin\1e63603cb0c0765e0de965aee951a747.php 第 133 行.
NOTIC: [8] Undefined variable: Think D:\wamp\www\xingxiu\Application\Runtime\Cache\Admin\1e63603cb0c0765e0de965aee951a747.php 第 127 行.
NOTIC: [8] Undefined variable: Think D:\wamp\www\xingxiu\Application\Runtime\Cache\Admin\1e63603cb0c0765e0de965aee951a747.php 第 133 行.
NOTIC: [8] Undefined variable: Think D:\wamp\www\xingxiu\Application\Runtime\Cache\Admin\1e63603cb0c0765e0de965aee951a747.php 第 142 行.
NOTIC: [8] Undefined variable: Think D:\wamp\www\xingxiu\Application\Runtime\Cache\Admin\1e63603cb0c0765e0de965aee951a747.php 第 152 行.
NOTIC: [8] Undefined variable: Think D:\wamp\www\xingxiu\Application\Runtime\Cache\Admin\1e63603cb0c0765e0de965aee951a747.php 第 158 行.
NOTIC: [8] Undefined variable: Think D:\wamp\www\xingxiu\Application\Runtime\Cache\Admin\1e63603cb0c0765e0de965aee951a747.php 第 166 行.
NOTIC: [8] Undefined variable: Think D:\wamp\www\xingxiu\Application\Runtime\Cache\Admin\1e63603cb0c0765e0de965aee951a747.php 第 172 行.
NOTIC: [8] Undefined variable: Think D:\wamp\www\xingxiu\Application\Runtime\Cache\Admin\1e63603cb0c0765e0de965aee951a747.php 第 177 行.
NOTIC: [8] Undefined variable: Think D:\wamp\www\xingxiu\Application\Runtime\Cache\Admin\1e63603cb0c0765e0de965aee951a747.php 第 177 行.
NOTIC: [8] Undefined variable: Think D:\wamp\www\xingxiu\Application\Runtime\Cache\Admin\1e63603cb0c0765e0de965aee951a747.php 第 177 行.
NOTIC: [8] Undefined variable: Think D:\wamp\www\xingxiu\Application\Runtime\Cache\Admin\1e63603cb0c0765e0de965aee951a747.php 第 183 行.
NOTIC: [8] Undefined variable: Think D:\wamp\www\xingxiu\Application\Runtime\Cache\Admin\1e63603cb0c0765e0de965aee951a747.php 第 183 行.
NOTIC: [8] Undefined variable: Think D:\wamp\www\xingxiu\Application\Runtime\Cache\Admin\1e63603cb0c0765e0de965aee951a747.php 第 183 行.
NOTIC: [8] Undefined variable: Think D:\wamp\www\xingxiu\Application\Runtime\Cache\Admin\1e63603cb0c0765e0de965aee951a747.php 第 190 行.
NOTIC: [8] Undefined variable: Think D:\wamp\www\xingxiu\Application\Runtime\Cache\Admin\1e63603cb0c0765e0de965aee951a747.php 第 196 行.
NOTIC: [8] Undefined variable: Think D:\wamp\www\xingxiu\Application\Runtime\Cache\Admin\1e63603cb0c0765e0de965aee951a747.php 第 202 行.
INFO: Run Behavior\ParseTemplateBehavior [ RunTime:0.020000s ]
INFO: [ view_parse ] --END-- [ RunTime:0.020000s ]
INFO: [ view_filter ] --START--
INFO: Run Behavior\WriteHtmlCacheBehavior [ RunTime:0.000000s ]
INFO: [ view_filter ] --END-- [ RunTime:0.000000s ]
INFO: [ app_end ] --START--
INFO: Run Behavior\ShowPageTraceBehavior [ RunTime:0.001000s ]
INFO: [ app_end ] --END-- [ RunTime:0.002000s ]

[ 2017-05-22T12:04:57+08:00 ] 127.0.0.1 /xingxiu/index.php/Admin/Cate/add.html
INFO: [ app_init ] --START--
INFO: Run Behavior\BuildLiteBehavior [ RunTime:0.000000s ]
INFO: [ app_init ] --END-- [ RunTime:0.001000s ]
INFO: [ app_begin ] --START--
INFO: Run Behavior\ReadHtmlCacheBehavior [ RunTime:0.001000s ]
INFO: [ app_begin ] --END-- [ RunTime:0.001000s ]
SQL: SHOW COLUMNS FROM `cate` [ RunTime:0.0010s ]
SQL: SELECT * FROM `cate` ORDER BY sort asc  [ RunTime:0.0010s ]
SQL: INSERT INTO `cate` (`catename`,`keywords`,`des`,`type`,`nav_show`,`parentid`) VALUES ('5555','55','555','1','0','73') [ RunTime:0.0000s ]
INFO: [ view_parse ] --START--
INFO: [ template_filter ] --START--
INFO: Run Behavior\ContentReplaceBehavior [ RunTime:0.000000s ]
INFO: [ template_filter ] --END-- [ RunTime:0.000000s ]
INFO: Run Behavior\ParseTemplateBehavior [ RunTime:0.005000s ]
INFO: [ view_parse ] --END-- [ RunTime:0.006000s ]
INFO: [ view_filter ] --START--
INFO: Run Behavior\WriteHtmlCacheBehavior [ RunTime:0.001000s ]
INFO: [ view_filter ] --END-- [ RunTime:0.001000s ]
INFO: [ app_end ] --START--
INFO: Run Behavior\ShowPageTraceBehavior [ RunTime:0.001000s ]
INFO: [ app_end ] --END-- [ RunTime:0.001000s ]

[ 2017-05-22T12:04:58+08:00 ] 127.0.0.1 /xingxiu/index.php/Admin/Cate/lst.html
INFO: [ app_init ] --START--
INFO: Run Behavior\BuildLiteBehavior [ RunTime:0.000000s ]
INFO: [ app_init ] --END-- [ RunTime:0.002000s ]
INFO: [ app_begin ] --START--
INFO: Run Behavior\ReadHtmlCacheBehavior [ RunTime:0.001000s ]
INFO: [ app_begin ] --END-- [ RunTime:0.001000s ]
SQL: SHOW COLUMNS FROM `cate` [ RunTime:0.0010s ]
SQL: SELECT * FROM `cate` ORDER BY sort asc  [ RunTime:0.0000s ]
INFO: [ view_parse ] --START--
INFO: [ template_filter ] --START--
INFO: Run Behavior\ContentReplaceBehavior [ RunTime:0.001000s ]
INFO: [ template_filter ] --END-- [ RunTime:0.001000s ]
NOTIC: [8] Undefined variable: Think D:\wamp\www\xingxiu\Application\Runtime\Cache\Admin\1e31b38d8d9702701609b47afd2fec77.php 第 123 行.
NOTIC: [8] Undefined variable: Think D:\wamp\www\xingxiu\Application\Runtime\Cache\Admin\1e31b38d8d9702701609b47afd2fec77.php 第 129 行.
NOTIC: [8] Undefined variable: Think D:\wamp\www\xingxiu\Application\Runtime\Cache\Admin\1e31b38d8d9702701609b47afd2fec77.php 第 123 行.
NOTIC: [8] Undefined variable: Think D:\wamp\www\xingxiu\Application\Runtime\Cache\Admin\1e31b38d8d9702701609b47afd2fec77.php 第 129 行.
NOTIC: [8] Undefined variable: Think D:\wamp\www\xingxiu\Application\Runtime\Cache\Admin\1e31b38d8d9702701609b47afd2fec77.php 第 123 行.
NOTIC: [8] Undefined variable: Think D:\wamp\www\xingxiu\Application\Runtime\Cache\Admin\1e31b38d8d9702701609b47afd2fec77.php 第 129 行.
NOTIC: [8] Undefined variable: Think D:\wamp\www\xingxiu\Application\Runtime\Cache\Admin\1e31b38d8d9702701609b47afd2fec77.php 第 123 行.
NOTIC: [8] Undefined variable: Think D:\wamp\www\xingxiu\Application\Runtime\Cache\Admin\1e31b38d8d9702701609b47afd2fec77.php 第 129 行.
NOTIC: [8] Undefined variable: Think D:\wamp\www\xingxiu\Application\Runtime\Cache\Admin\1e31b38d8d9702701609b47afd2fec77.php 第 123 行.
NOTIC: [8] Undefined variable: Think D:\wamp\www\xingxiu\Application\Runtime\Cache\Admin\1e31b38d8d9702701609b47afd2fec77.php 第 129 行.
NOTIC: [8] Undefined variable: Think D:\wamp\www\xingxiu\Application\Runtime\Cache\Admin\1e31b38d8d9702701609b47afd2fec77.php 第 123 行.
NOTIC: [8] Undefined variable: Think D:\wamp\www\xingxiu\Application\Runtime\Cache\Admin\1e31b38d8d9702701609b47afd2fec77.php 第 129 行.
NOTIC: [8] Undefined variable: Think D:\wamp\www\xingxiu\Application\Runtime\Cache\Admin\1e31b38d8d9702701609b47afd2fec77.php 第 138 行.
NOTIC: [8] Undefined variable: Think D:\wamp\www\xingxiu\Application\Runtime\Cache\Admin\1e31b38d8d9702701609b47afd2fec77.php 第 148 行.
NOTIC: [8] Undefined variable: Think D:\wamp\www\xingxiu\Application\Runtime\Cache\Admin\1e31b38d8d9702701609b47afd2fec77.php 第 154 行.
NOTIC: [8] Undefined variable: Think D:\wamp\www\xingxiu\Application\Runtime\Cache\Admin\1e31b38d8d9702701609b47afd2fec77.php 第 162 行.
NOTIC: [8] Undefined variable: Think D:\wamp\www\xingxiu\Application\Runtime\Cache\Admin\1e31b38d8d9702701609b47afd2fec77.php 第 168 行.
NOTIC: [8] Undefined variable: Think D:\wamp\www\xingxiu\Application\Runtime\Cache\Admin\1e31b38d8d9702701609b47afd2fec77.php 第 173 行.
NOTIC: [8] Undefined variable: Think D:\wamp\www\xingxiu\Application\Runtime\Cache\Admin\1e31b38d8d9702701609b47afd2fec77.php 第 173 行.
NOTIC: [8] Undefined variable: Think D:\wamp\www\xingxiu\Application\Runtime\Cache\Admin\1e31b38d8d9702701609b47afd2fec77.php 第 173 行.
NOTIC: [8] Undefined variable: Think D:\wamp\www\xingxiu\Application\Runtime\Cache\Admin\1e31b38d8d9702701609b47afd2fec77.php 第 179 行.
NOTIC: [8] Undefined variable: Think D:\wamp\www\xingxiu\Application\Runtime\Cache\Admin\1e31b38d8d9702701609b47afd2fec77.php 第 179 行.
NOTIC: [8] Undefined variable: Think D:\wamp\www\xingxiu\Application\Runtime\Cache\Admin\1e31b38d8d9702701609b47afd2fec77.php 第 179 行.
NOTIC: [8] Undefined variable: Think D:\wamp\www\xingxiu\Application\Runtime\Cache\Admin\1e31b38d8d9702701609b47afd2fec77.php 第 186 行.
NOTIC: [8] Undefined variable: Think D:\wamp\www\xingxiu\Application\Runtime\Cache\Admin\1e31b38d8d9702701609b47afd2fec77.php 第 192 行.
NOTIC: [8] Undefined variable: Think D:\wamp\www\xingxiu\Application\Runtime\Cache\Admin\1e31b38d8d9702701609b47afd2fec77.php 第 198 行.
INFO: Run Behavior\ParseTemplateBehavior [ RunTime:0.023000s ]
INFO: [ view_parse ] --END-- [ RunTime:0.023000s ]
INFO: [ view_filter ] --START--
INFO: Run Behavior\WriteHtmlCacheBehavior [ RunTime:0.001000s ]
INFO: [ view_filter ] --END-- [ RunTime:0.001000s ]
INFO: [ app_end ] --START--
INFO: Run Behavior\ShowPageTraceBehavior [ RunTime:0.001000s ]
INFO: [ app_end ] --END-- [ RunTime:0.001000s ]

